<?xml version="1.0" encoding="UTF-8"?>
<coverage generated="1778650641803" clover="3.2.0">
  <project timestamp="1778650641803" name="All files">
    <metrics statements="286" coveredstatements="106" conditionals="166" coveredconditionals="31" methods="67" coveredmethods="23" elements="519" coveredelements="160" complexity="0" loc="286" ncloc="286" packages="1" files="2" classes="2"/>
    <file name="App.css" path="D:\khata-app\client\src\App.css">
      <metrics statements="0" coveredstatements="0" conditionals="0" coveredconditionals="0" methods="0" coveredmethods="0"/>
    </file>
    <file name="App.tsx" path="D:\khata-app\client\src\App.tsx">
      <metrics statements="286" coveredstatements="106" conditionals="166" coveredconditionals="31" methods="67" coveredmethods="23"/>
      <line num="50" count="1" type="stmt"/>
      <line num="51" count="0" type="stmt"/>
      <line num="52" count="0" type="stmt"/>
      <line num="55" count="1" type="stmt"/>
      <line num="56" count="0" type="cond" truecount="0" falsecount="2"/>
      <line num="57" count="0" type="stmt"/>
      <line num="58" count="0" type="cond" truecount="0" falsecount="2"/>
      <line num="61" count="1" type="stmt"/>
      <line num="66" count="0" type="stmt"/>
      <line num="68" count="0" type="stmt"/>
      <line num="69" count="0" type="stmt"/>
      <line num="70" count="0" type="stmt"/>
      <line num="72" count="0" type="cond" truecount="0" falsecount="2"/>
      <line num="73" count="0" type="stmt"/>
      <line num="74" count="0" type="stmt"/>
      <line num="75" count="0" type="stmt"/>
      <line num="76" count="0" type="stmt"/>
      <line num="77" count="0" type="stmt"/>
      <line num="78" count="0" type="stmt"/>
      <line num="79" count="0" type="stmt"/>
      <line num="80" count="0" type="stmt"/>
      <line num="81" count="0" type="stmt"/>
      <line num="82" count="0" type="stmt"/>
      <line num="84" count="0" type="cond" truecount="0" falsecount="5"/>
      <line num="85" count="0" type="stmt"/>
      <line num="86" count="0" type="stmt"/>
      <line num="88" count="0" type="cond" truecount="0" falsecount="2"/>
      <line num="89" count="0" type="stmt"/>
      <line num="93" count="0" type="cond" truecount="0" falsecount="2"/>
      <line num="96" count="1" type="stmt"/>
      <line num="97" count="42" type="stmt"/>
      <line num="100" count="1" type="cond" truecount="1" falsecount="0"/>
      <line num="101" count="6" type="stmt"/>
      <line num="113" count="1" type="stmt"/>
      <line num="128" count="42" type="stmt"/>
      <line num="134" count="6" type="stmt"/>
      <line num="140" count="1" type="stmt"/>
      <line num="155" count="0" type="stmt"/>
      <line num="159" count="0" type="stmt"/>
      <line num="164" count="0" type="stmt"/>
      <line num="173" count="14" type="stmt"/>
      <line num="174" count="14" type="stmt"/>
      <line num="175" count="14" type="stmt"/>
      <line num="176" count="14" type="stmt"/>
      <line num="177" count="14" type="stmt"/>
      <line num="179" count="14" type="stmt"/>
      <line num="181" count="14" type="stmt"/>
      <line num="182" count="14" type="stmt"/>
      <line num="183" count="14" type="stmt"/>
      <line num="184" count="14" type="stmt"/>
      <line num="185" count="14" type="stmt"/>
      <line num="186" count="14" type="stmt"/>
      <line num="187" count="14" type="stmt"/>
      <line num="188" count="14" type="stmt"/>
      <line num="189" count="14" type="stmt"/>
      <line num="190" count="14" type="stmt"/>
      <line num="191" count="14" type="stmt"/>
      <line num="192" count="14" type="stmt"/>
      <line num="193" count="14" type="stmt"/>
      <line num="194" count="14" type="stmt"/>
      <line num="195" count="14" type="stmt"/>
      <line num="196" count="14" type="stmt"/>
      <line num="197" count="14" type="stmt"/>
      <line num="198" count="14" type="stmt"/>
      <line num="200" count="14" type="stmt"/>
      <line num="202" count="14" type="stmt"/>
      <line num="203" count="8" type="cond" truecount="2" falsecount="0"/>
      <line num="207" count="14" type="stmt"/>
      <line num="208" count="5" type="stmt"/>
      <line num="210" count="0" type="cond" truecount="0" falsecount="4"/>
      <line num="213" count="5" type="stmt"/>
      <line num="214" count="0" type="cond" truecount="0" falsecount="2"/>
      <line num="215" count="0" type="stmt"/>
      <line num="217" count="0" type="cond" truecount="0" falsecount="2"/>
      <line num="218" count="0" type="cond" truecount="0" falsecount="2"/>
      <line num="220" count="5" type="stmt"/>
      <line num="223" count="14" type="stmt"/>
      <line num="224" count="6" type="stmt"/>
      <line num="225" count="6" type="stmt"/>
      <line num="226" count="6" type="stmt"/>
      <line num="227" count="6" type="stmt"/>
      <line num="229" count="6" type="stmt"/>
      <line num="230" count="2" type="stmt"/>
      <line num="231" count="2" type="stmt"/>
      <line num="232" count="2" type="stmt"/>
      <line num="234" count="0" type="stmt"/>
      <line num="237" count="6" type="stmt"/>
      <line num="238" count="6" type="stmt"/>
      <line num="239" count="6" type="stmt"/>
      <line num="240" count="2" type="stmt"/>
      <line num="242" count="6" type="stmt"/>
      <line num="244" count="0" type="stmt"/>
      <line num="248" count="14" type="stmt"/>
      <line num="249" count="8" type="stmt"/>
      <line num="250" count="8" type="stmt"/>
      <line num="251" count="2" type="stmt"/>
      <line num="256" count="2" type="stmt"/>
      <line num="257" count="0" type="stmt"/>
      <line num="260" count="8" type="stmt"/>
      <line num="263" count="14" type="stmt"/>
      <line num="264" count="0" type="stmt"/>
      <line num="265" count="0" type="cond" truecount="0" falsecount="2"/>
      <line num="266" count="0" type="cond" truecount="0" falsecount="2"/>
      <line num="267" count="0" type="stmt"/>
      <line num="269" count="0" type="stmt"/>
      <line num="272" count="14" type="stmt"/>
      <line num="273" count="0" type="cond" truecount="0" falsecount="2"/>
      <line num="274" count="0" type="stmt"/>
      <line num="275" count="0" type="stmt"/>
      <line num="278" count="0" type="stmt"/>
      <line num="279" count="0" type="stmt"/>
      <line num="280" count="0" type="stmt"/>
      <line num="282" count="0" type="stmt"/>
      <line num="286" count="14" type="stmt"/>
      <line num="287" count="0" type="stmt"/>
      <line num="288" count="0" type="stmt"/>
      <line num="293" count="0" type="stmt"/>
      <line num="294" count="0" type="stmt"/>
      <line num="295" count="0" type="stmt"/>
      <line num="297" count="0" type="stmt"/>
      <line num="301" count="14" type="stmt"/>
      <line num="302" count="6" type="stmt"/>
      <line num="303" count="6" type="stmt"/>
      <line num="304" count="6" type="stmt"/>
      <line num="306" count="0" type="stmt"/>
      <line num="310" count="14" type="stmt"/>
      <line num="311" count="5" type="stmt"/>
      <line num="312" count="5" type="stmt"/>
      <line num="315" count="14" type="stmt"/>
      <line num="316" count="5" type="cond" truecount="1" falsecount="1"/>
      <line num="317" count="0" type="stmt"/>
      <line num="318" count="0" type="cond" truecount="0" falsecount="2"/>
      <line num="319" count="0" type="cond" truecount="0" falsecount="2"/>
      <line num="323" count="14" type="stmt"/>
      <line num="324" count="3" type="stmt"/>
      <line num="325" count="3" type="cond" truecount="1" falsecount="1"/>
      <line num="326" count="0" type="stmt"/>
      <line num="329" count="3" type="stmt"/>
      <line num="331" count="2" type="cond" truecount="2" falsecount="0"/>
      <line num="335" count="3" type="cond" truecount="2" falsecount="0"/>
      <line num="336" count="1" type="stmt"/>
      <line num="337" count="1" type="stmt"/>
      <line num="340" count="2" type="cond" truecount="2" falsecount="0"/>
      <line num="341" count="1" type="cond" truecount="1" falsecount="1"/>
      <line num="344" count="3" type="cond" truecount="2" falsecount="0"/>
      <line num="345" count="1" type="stmt"/>
      <line num="346" count="1" type="stmt"/>
      <line num="349" count="1" type="stmt"/>
      <line num="350" count="1" type="stmt"/>
      <line num="351" count="1" type="stmt"/>
      <line num="352" count="1" type="stmt"/>
      <line num="353" count="1" type="stmt"/>
      <line num="354" count="1" type="stmt"/>
      <line num="355" count="1" type="stmt"/>
      <line num="357" count="0" type="cond" truecount="0" falsecount="2"/>
      <line num="361" count="14" type="stmt"/>
      <line num="362" count="0" type="stmt"/>
      <line num="363" count="0" type="stmt"/>
      <line num="364" count="0" type="stmt"/>
      <line num="365" count="0" type="stmt"/>
      <line num="366" count="0" type="stmt"/>
      <line num="367" count="0" type="stmt"/>
      <line num="368" count="0" type="stmt"/>
      <line num="369" count="0" type="stmt"/>
      <line num="370" count="0" type="stmt"/>
      <line num="373" count="14" type="stmt"/>
      <line num="374" count="0" type="stmt"/>
      <line num="375" count="0" type="stmt"/>
      <line num="376" count="0" type="stmt"/>
      <line num="377" count="0" type="stmt"/>
      <line num="378" count="0" type="stmt"/>
      <line num="379" count="0" type="stmt"/>
      <line num="380" count="0" type="cond" truecount="0" falsecount="2"/>
      <line num="381" count="0" type="cond" truecount="0" falsecount="2"/>
      <line num="382" count="0" type="stmt"/>
      <line num="383" count="0" type="stmt"/>
      <line num="386" count="14" type="stmt"/>
      <line num="387" count="0" type="stmt"/>
      <line num="388" count="0" type="stmt"/>
      <line num="391" count="14" type="stmt"/>
      <line num="392" count="0" type="stmt"/>
      <line num="393" count="0" type="cond" truecount="0" falsecount="2"/>
      <line num="394" count="0" type="stmt"/>
      <line num="397" count="0" type="stmt"/>
      <line num="398" count="0" type="stmt"/>
      <line num="403" count="0" type="stmt"/>
      <line num="404" count="0" type="stmt"/>
      <line num="406" count="0" type="cond" truecount="0" falsecount="2"/>
      <line num="410" count="14" type="stmt"/>
      <line num="411" count="0" type="stmt"/>
      <line num="412" count="0" type="cond" truecount="0" falsecount="2"/>
      <line num="413" count="0" type="stmt"/>
      <line num="414" count="0" type="stmt"/>
      <line num="416" count="0" type="stmt"/>
      <line num="417" count="0" type="cond" truecount="0" falsecount="4"/>
      <line num="418" count="0" type="stmt"/>
      <line num="419" count="0" type="stmt"/>
      <line num="421" count="0" type="stmt"/>
      <line num="422" count="0" type="stmt"/>
      <line num="430" count="0" type="stmt"/>
      <line num="431" count="0" type="stmt"/>
      <line num="432" count="0" type="stmt"/>
      <line num="433" count="0" type="stmt"/>
      <line num="434" count="0" type="stmt"/>
      <line num="436" count="0" type="cond" truecount="0" falsecount="2"/>
      <line num="440" count="14" type="stmt"/>
      <line num="441" count="0" type="stmt"/>
      <line num="442" count="0" type="cond" truecount="0" falsecount="2"/>
      <line num="443" count="0" type="stmt"/>
      <line num="444" count="0" type="stmt"/>
      <line num="446" count="0" type="cond" truecount="0" falsecount="2"/>
      <line num="447" count="0" type="stmt"/>
      <line num="448" count="0" type="stmt"/>
      <line num="450" count="0" type="stmt"/>
      <line num="451" count="0" type="cond" truecount="0" falsecount="4"/>
      <line num="452" count="0" type="stmt"/>
      <line num="453" count="0" type="stmt"/>
      <line num="455" count="0" type="cond" truecount="0" falsecount="2"/>
      <line num="456" count="0" type="cond" truecount="0" falsecount="4"/>
      <line num="457" count="0" type="stmt"/>
      <line num="458" count="0" type="stmt"/>
      <line num="461" count="0" type="cond" truecount="0" falsecount="2"/>
      <line num="463" count="0" type="stmt"/>
      <line num="464" count="0" type="stmt"/>
      <line num="473" count="0" type="stmt"/>
      <line num="474" count="0" type="stmt"/>
      <line num="475" count="0" type="stmt"/>
      <line num="476" count="0" type="stmt"/>
      <line num="477" count="0" type="stmt"/>
      <line num="478" count="0" type="stmt"/>
      <line num="479" count="0" type="stmt"/>
      <line num="480" count="0" type="stmt"/>
      <line num="481" count="0" type="stmt"/>
      <line num="483" count="0" type="cond" truecount="0" falsecount="2"/>
      <line num="487" count="14" type="stmt"/>
      <line num="488" count="0" type="stmt"/>
      <line num="489" count="0" type="cond" truecount="0" falsecount="2"/>
      <line num="490" count="0" type="stmt"/>
      <line num="491" count="0" type="stmt"/>
      <line num="492" count="0" type="stmt"/>
      <line num="493" count="0" type="stmt"/>
      <line num="494" count="0" type="stmt"/>
      <line num="496" count="0" type="cond" truecount="0" falsecount="2"/>
      <line num="500" count="14" type="stmt"/>
      <line num="501" count="0" type="stmt"/>
      <line num="502" count="0" type="stmt"/>
      <line num="503" count="0" type="stmt"/>
      <line num="505" count="0" type="stmt"/>
      <line num="507" count="0" type="stmt"/>
      <line num="511" count="14" type="stmt"/>
      <line num="512" count="0" type="cond" truecount="0" falsecount="2"/>
      <line num="513" count="0" type="stmt"/>
      <line num="514" count="0" type="stmt"/>
      <line num="517" count="0" type="stmt"/>
      <line num="518" count="0" type="stmt"/>
      <line num="519" count="0" type="stmt"/>
      <line num="525" count="0" type="stmt"/>
      <line num="527" count="0" type="stmt"/>
      <line num="531" count="14" type="stmt"/>
      <line num="556" count="3" type="stmt"/>
      <line num="569" count="6" type="stmt"/>
      <line num="572" count="0" type="stmt"/>
      <line num="582" count="0" type="stmt"/>
      <line num="583" count="0" type="cond" truecount="0" falsecount="2"/>
      <line num="584" count="0" type="stmt"/>
      <line num="603" count="0" type="stmt"/>
      <line num="611" count="0" type="stmt"/>
      <line num="615" count="0" type="stmt"/>
      <line num="616" count="0" type="cond" truecount="0" falsecount="2"/>
      <line num="642" count="0" type="stmt"/>
      <line num="691" count="0" type="stmt"/>
      <line num="709" count="0" type="stmt"/>
      <line num="746" count="0" type="stmt"/>
      <line num="778" count="0" type="cond" truecount="0" falsecount="2"/>
      <line num="816" count="0" type="stmt"/>
      <line num="858" count="0" type="stmt"/>
      <line num="890" count="0" type="stmt"/>
      <line num="910" count="0" type="stmt"/>
      <line num="936" count="0" type="stmt"/>
      <line num="937" count="0" type="stmt"/>
      <line num="940" count="0" type="stmt"/>
      <line num="955" count="0" type="cond" truecount="0" falsecount="2"/>
      <line num="956" count="0" type="stmt"/>
      <line num="958" count="0" type="stmt"/>
      <line num="972" count="0" type="stmt"/>
      <line num="973" count="0" type="stmt"/>
    </file>
  </project>
</coverage>
