{"D:\\khata-app\\client\\src\\App.css": {"path":"D:\\khata-app\\client\\src\\App.css","statementMap":{},"fnMap":{},"branchMap":{},"s":{},"f":{},"b":{},"meta":{"lastBranch":0,"lastFunction":0,"lastStatement":0,"seen":{}}}
,"D:\\khata-app\\client\\src\\App.tsx": {"path":"D:\\khata-app\\client\\src\\App.tsx","statementMap":{"0":{"start":{"line":50,"column":6},"end":{"line":53,"column":null}},"1":{"start":{"line":51,"column":2},"end":{"line":53,"column":null}},"2":{"start":{"line":52,"column":4},"end":{"line":52,"column":null}},"3":{"start":{"line":55,"column":6},"end":{"line":58,"column":null}},"4":{"start":{"line":56,"column":22},"end":{"line":56,"column":null}},"5":{"start":{"line":57,"column":16},"end":{"line":57,"column":59}},"6":{"start":{"line":58,"column":2},"end":{"line":58,"column":null}},"7":{"start":{"line":61,"column":21},"end":{"line":93,"column":null}},"8":{"start":{"line":66,"column":32},"end":{"line":66,"column":null}},"9":{"start":{"line":68,"column":2},"end":{"line":89,"column":null}},"10":{"start":{"line":68,"column":21},"end":{"line":68,"column":24}},"11":{"start":{"line":69,"column":4},"end":{"line":89,"column":null}},"12":{"start":{"line":70,"column":23},"end":{"line":70,"column":67}},"13":{"start":{"line":72,"column":19},"end":{"line":72,"column":112}},"14":{"start":{"line":73,"column":23},"end":{"line":73,"column":70}},"15":{"start":{"line":74,"column":24},"end":{"line":74,"column":56}},"16":{"start":{"line":75,"column":19},"end":{"line":75,"column":46}},"17":{"start":{"line":76,"column":6},"end":{"line":76,"column":null}},"18":{"start":{"line":77,"column":6},"end":{"line":77,"column":null}},"19":{"start":{"line":78,"column":6},"end":{"line":78,"column":null}},"20":{"start":{"line":79,"column":6},"end":{"line":79,"column":null}},"21":{"start":{"line":80,"column":6},"end":{"line":80,"column":null}},"22":{"start":{"line":81,"column":6},"end":{"line":81,"column":null}},"23":{"start":{"line":82,"column":6},"end":{"line":82,"column":null}},"24":{"start":{"line":84,"column":6},"end":{"line":86,"column":null}},"25":{"start":{"line":85,"column":8},"end":{"line":85,"column":null}},"26":{"start":{"line":86,"column":8},"end":{"line":86,"column":null}},"27":{"start":{"line":88,"column":6},"end":{"line":88,"column":null}},"28":{"start":{"line":89,"column":6},"end":{"line":89,"column":null}},"29":{"start":{"line":93,"column":2},"end":{"line":93,"column":null}},"30":{"start":{"line":96,"column":6},"end":{"line":97,"column":null}},"31":{"start":{"line":97,"column":2},"end":{"line":97,"column":null}},"32":{"start":{"line":100,"column":6},"end":{"line":110,"column":null}},"33":{"start":{"line":101,"column":2},"end":{"line":110,"column":null}},"34":{"start":{"line":113,"column":6},"end":{"line":136,"column":null}},"35":{"start":{"line":128,"column":2},"end":{"line":136,"column":null}},"36":{"start":{"line":134,"column":27},"end":{"line":134,"column":55}},"37":{"start":{"line":140,"column":6},"end":{"line":167,"column":null}},"38":{"start":{"line":155,"column":2},"end":{"line":167,"column":null}},"39":{"start":{"line":159,"column":27},"end":{"line":159,"column":55}},"40":{"start":{"line":164,"column":8},"end":{"line":166,"column":null}},"41":{"start":{"line":173,"column":20},"end":{"line":173,"column":60}},"42":{"start":{"line":174,"column":29},"end":{"line":174,"column":83}},"43":{"start":{"line":175,"column":18},"end":{"line":175,"column":59}},"44":{"start":{"line":176,"column":18},"end":{"line":176,"column":62}},"45":{"start":{"line":177,"column":16},"end":{"line":177,"column":56}},"46":{"start":{"line":179,"column":20},"end":{"line":179,"column":60}},"47":{"start":{"line":181,"column":23},"end":{"line":181,"column":54}},"48":{"start":{"line":182,"column":24},"end":{"line":182,"column":56}},"49":{"start":{"line":183,"column":30},"end":{"line":183,"column":71}},"50":{"start":{"line":184,"column":27},"end":{"line":184,"column":62}},"51":{"start":{"line":185,"column":28},"end":{"line":185,"column":64}},"52":{"start":{"line":186,"column":26},"end":{"line":186,"column":60}},"53":{"start":{"line":187,"column":30},"end":{"line":187,"column":68}},"54":{"start":{"line":188,"column":24},"end":{"line":188,"column":56}},"55":{"start":{"line":189,"column":22},"end":{"line":189,"column":52}},"56":{"start":{"line":190,"column":20},"end":{"line":190,"column":73}},"57":{"start":{"line":191,"column":24},"end":{"line":191,"column":56}},"58":{"start":{"line":192,"column":24},"end":{"line":192,"column":56}},"59":{"start":{"line":193,"column":20},"end":{"line":193,"column":48}},"60":{"start":{"line":194,"column":20},"end":{"line":194,"column":48}},"61":{"start":{"line":195,"column":20},"end":{"line":195,"column":48}},"62":{"start":{"line":196,"column":21},"end":{"line":196,"column":53}},"63":{"start":{"line":197,"column":28},"end":{"line":197,"column":89}},"64":{"start":{"line":198,"column":33},"end":{"line":198,"column":77}},"65":{"start":{"line":200,"column":25},"end":{"line":200,"column":91}},"66":{"start":{"line":202,"column":8},"end":{"line":204,"column":null}},"67":{"start":{"line":203,"column":10},"end":{"line":203,"column":null}},"68":{"start":{"line":203,"column":39},"end":{"line":203,"column":74}},"69":{"start":{"line":207,"column":8},"end":{"line":221,"column":15}},"70":{"start":{"line":208,"column":16},"end":{"line":211,"column":null}},"71":{"start":{"line":210,"column":8},"end":{"line":210,"column":null}},"72":{"start":{"line":213,"column":19},"end":{"line":219,"column":9}},"73":{"start":{"line":214,"column":6},"end":{"line":215,"column":null}},"74":{"start":{"line":215,"column":8},"end":{"line":215,"column":null}},"75":{"start":{"line":217,"column":21},"end":{"line":217,"column":null}},"76":{"start":{"line":218,"column":6},"end":{"line":218,"column":null}},"77":{"start":{"line":220,"column":4},"end":{"line":220,"column":null}},"78":{"start":{"line":223,"column":24},"end":{"line":244,"column":null}},"79":{"start":{"line":224,"column":4},"end":{"line":244,"column":null}},"80":{"start":{"line":225,"column":19},"end":{"line":225,"column":46}},"81":{"start":{"line":226,"column":19},"end":{"line":226,"column":null}},"82":{"start":{"line":227,"column":6},"end":{"line":227,"column":null}},"83":{"start":{"line":229,"column":30},"end":{"line":236,"column":null}},"84":{"start":{"line":230,"column":8},"end":{"line":234,"column":null}},"85":{"start":{"line":231,"column":24},"end":{"line":231,"column":74}},"86":{"start":{"line":232,"column":10},"end":{"line":232,"column":null}},"87":{"start":{"line":234,"column":10},"end":{"line":234,"column":null}},"88":{"start":{"line":237,"column":30},"end":{"line":237,"column":64}},"89":{"start":{"line":238,"column":50},"end":{"line":238,"column":52}},"90":{"start":{"line":239,"column":6},"end":{"line":241,"column":null}},"91":{"start":{"line":240,"column":8},"end":{"line":240,"column":null}},"92":{"start":{"line":242,"column":6},"end":{"line":242,"column":null}},"93":{"start":{"line":244,"column":6},"end":{"line":244,"column":null}},"94":{"start":{"line":248,"column":8},"end":{"line":261,"column":36}},"95":{"start":{"line":249,"column":29},"end":{"line":249,"column":100}},"96":{"start":{"line":249,"column":81},"end":{"line":249,"column":98}},"97":{"start":{"line":250,"column":23},"end":{"line":258,"column":18}},"98":{"start":{"line":251,"column":17},"end":{"line":255,"column":9}},"99":{"start":{"line":256,"column":19},"end":{"line":256,"column":33}},"100":{"start":{"line":257,"column":22},"end":{"line":257,"column":44}},"101":{"start":{"line":260,"column":4},"end":{"line":260,"column":null}},"102":{"start":{"line":263,"column":8},"end":{"line":269,"column":null}},"103":{"start":{"line":264,"column":20},"end":{"line":264,"column":null}},"104":{"start":{"line":265,"column":10},"end":{"line":265,"column":59}},"105":{"start":{"line":266,"column":4},"end":{"line":267,"column":null}},"106":{"start":{"line":267,"column":6},"end":{"line":267,"column":null}},"107":{"start":{"line":269,"column":4},"end":{"line":269,"column":null}},"108":{"start":{"line":272,"column":8},"end":{"line":282,"column":null}},"109":{"start":{"line":273,"column":4},"end":{"line":275,"column":null}},"110":{"start":{"line":274,"column":6},"end":{"line":274,"column":null}},"111":{"start":{"line":275,"column":6},"end":{"line":275,"column":null}},"112":{"start":{"line":278,"column":4},"end":{"line":282,"column":null}},"113":{"start":{"line":279,"column":19},"end":{"line":279,"column":58}},"114":{"start":{"line":280,"column":6},"end":{"line":280,"column":null}},"115":{"start":{"line":282,"column":6},"end":{"line":282,"column":null}},"116":{"start":{"line":286,"column":21},"end":{"line":297,"column":null}},"117":{"start":{"line":287,"column":4},"end":{"line":297,"column":null}},"118":{"start":{"line":288,"column":52},"end":{"line":292,"column":8}},"119":{"start":{"line":293,"column":6},"end":{"line":293,"column":null}},"120":{"start":{"line":294,"column":6},"end":{"line":294,"column":null}},"121":{"start":{"line":295,"column":6},"end":{"line":295,"column":null}},"122":{"start":{"line":297,"column":6},"end":{"line":297,"column":null}},"123":{"start":{"line":301,"column":24},"end":{"line":306,"column":null}},"124":{"start":{"line":302,"column":4},"end":{"line":306,"column":null}},"125":{"start":{"line":303,"column":19},"end":{"line":303,"column":56}},"126":{"start":{"line":304,"column":6},"end":{"line":304,"column":null}},"127":{"start":{"line":306,"column":6},"end":{"line":306,"column":null}},"128":{"start":{"line":310,"column":2},"end":{"line":313,"column":null}},"129":{"start":{"line":311,"column":4},"end":{"line":311,"column":null}},"130":{"start":{"line":312,"column":4},"end":{"line":312,"column":null}},"131":{"start":{"line":315,"column":2},"end":{"line":321,"column":null}},"132":{"start":{"line":316,"column":4},"end":{"line":319,"column":null}},"133":{"start":{"line":317,"column":6},"end":{"line":317,"column":null}},"134":{"start":{"line":318,"column":6},"end":{"line":318,"column":null}},"135":{"start":{"line":319,"column":6},"end":{"line":319,"column":null}},"136":{"start":{"line":323,"column":31},"end":{"line":357,"column":null}},"137":{"start":{"line":324,"column":4},"end":{"line":324,"column":null}},"138":{"start":{"line":325,"column":4},"end":{"line":326,"column":null}},"139":{"start":{"line":326,"column":6},"end":{"line":326,"column":null}},"140":{"start":{"line":329,"column":24},"end":{"line":332,"column":null}},"141":{"start":{"line":331,"column":8},"end":{"line":332,"column":48}},"142":{"start":{"line":335,"column":4},"end":{"line":337,"column":null}},"143":{"start":{"line":336,"column":6},"end":{"line":336,"column":null}},"144":{"start":{"line":337,"column":6},"end":{"line":337,"column":null}},"145":{"start":{"line":340,"column":29},"end":{"line":341,"column":null}},"146":{"start":{"line":341,"column":7},"end":{"line":341,"column":53}},"147":{"start":{"line":344,"column":4},"end":{"line":346,"column":null}},"148":{"start":{"line":345,"column":6},"end":{"line":345,"column":null}},"149":{"start":{"line":346,"column":6},"end":{"line":346,"column":null}},"150":{"start":{"line":349,"column":4},"end":{"line":357,"column":null}},"151":{"start":{"line":350,"column":6},"end":{"line":350,"column":null}},"152":{"start":{"line":351,"column":6},"end":{"line":351,"column":null}},"153":{"start":{"line":352,"column":6},"end":{"line":352,"column":null}},"154":{"start":{"line":353,"column":6},"end":{"line":353,"column":null}},"155":{"start":{"line":354,"column":6},"end":{"line":354,"column":null}},"156":{"start":{"line":355,"column":6},"end":{"line":355,"column":null}},"157":{"start":{"line":357,"column":6},"end":{"line":357,"column":null}},"158":{"start":{"line":361,"column":8},"end":{"line":370,"column":null}},"159":{"start":{"line":362,"column":4},"end":{"line":362,"column":null}},"160":{"start":{"line":363,"column":4},"end":{"line":363,"column":null}},"161":{"start":{"line":364,"column":4},"end":{"line":364,"column":null}},"162":{"start":{"line":365,"column":4},"end":{"line":365,"column":null}},"163":{"start":{"line":366,"column":4},"end":{"line":366,"column":null}},"164":{"start":{"line":367,"column":4},"end":{"line":367,"column":null}},"165":{"start":{"line":368,"column":4},"end":{"line":368,"column":null}},"166":{"start":{"line":369,"column":4},"end":{"line":369,"column":null}},"167":{"start":{"line":370,"column":4},"end":{"line":370,"column":null}},"168":{"start":{"line":373,"column":31},"end":{"line":383,"column":null}},"169":{"start":{"line":374,"column":4},"end":{"line":374,"column":null}},"170":{"start":{"line":375,"column":4},"end":{"line":375,"column":null}},"171":{"start":{"line":376,"column":4},"end":{"line":376,"column":null}},"172":{"start":{"line":377,"column":4},"end":{"line":377,"column":null}},"173":{"start":{"line":378,"column":4},"end":{"line":378,"column":null}},"174":{"start":{"line":379,"column":4},"end":{"line":379,"column":null}},"175":{"start":{"line":380,"column":4},"end":{"line":380,"column":null}},"176":{"start":{"line":381,"column":4},"end":{"line":381,"column":null}},"177":{"start":{"line":382,"column":4},"end":{"line":382,"column":null}},"178":{"start":{"line":383,"column":4},"end":{"line":383,"column":null}},"179":{"start":{"line":386,"column":8},"end":{"line":388,"column":null}},"180":{"start":{"line":387,"column":4},"end":{"line":387,"column":null}},"181":{"start":{"line":388,"column":4},"end":{"line":388,"column":null}},"182":{"start":{"line":391,"column":37},"end":{"line":406,"column":null}},"183":{"start":{"line":392,"column":4},"end":{"line":392,"column":null}},"184":{"start":{"line":393,"column":4},"end":{"line":394,"column":null}},"185":{"start":{"line":394,"column":6},"end":{"line":394,"column":null}},"186":{"start":{"line":397,"column":4},"end":{"line":406,"column":null}},"187":{"start":{"line":398,"column":6},"end":{"line":402,"column":null}},"188":{"start":{"line":403,"column":6},"end":{"line":403,"column":null}},"189":{"start":{"line":404,"column":6},"end":{"line":404,"column":null}},"190":{"start":{"line":406,"column":6},"end":{"line":406,"column":null}},"191":{"start":{"line":410,"column":30},"end":{"line":436,"column":null}},"192":{"start":{"line":411,"column":4},"end":{"line":411,"column":null}},"193":{"start":{"line":412,"column":4},"end":{"line":414,"column":null}},"194":{"start":{"line":413,"column":6},"end":{"line":413,"column":null}},"195":{"start":{"line":414,"column":6},"end":{"line":414,"column":null}},"196":{"start":{"line":416,"column":19},"end":{"line":416,"column":40}},"197":{"start":{"line":417,"column":4},"end":{"line":419,"column":null}},"198":{"start":{"line":418,"column":6},"end":{"line":418,"column":null}},"199":{"start":{"line":419,"column":6},"end":{"line":419,"column":null}},"200":{"start":{"line":421,"column":4},"end":{"line":436,"column":null}},"201":{"start":{"line":422,"column":6},"end":{"line":429,"column":null}},"202":{"start":{"line":430,"column":6},"end":{"line":430,"column":null}},"203":{"start":{"line":431,"column":6},"end":{"line":431,"column":null}},"204":{"start":{"line":432,"column":6},"end":{"line":432,"column":null}},"205":{"start":{"line":433,"column":6},"end":{"line":433,"column":null}},"206":{"start":{"line":434,"column":6},"end":{"line":434,"column":null}},"207":{"start":{"line":436,"column":6},"end":{"line":436,"column":null}},"208":{"start":{"line":440,"column":28},"end":{"line":483,"column":null}},"209":{"start":{"line":441,"column":4},"end":{"line":441,"column":null}},"210":{"start":{"line":442,"column":4},"end":{"line":444,"column":null}},"211":{"start":{"line":443,"column":6},"end":{"line":443,"column":null}},"212":{"start":{"line":444,"column":6},"end":{"line":444,"column":null}},"213":{"start":{"line":446,"column":4},"end":{"line":448,"column":null}},"214":{"start":{"line":447,"column":6},"end":{"line":447,"column":null}},"215":{"start":{"line":448,"column":6},"end":{"line":448,"column":null}},"216":{"start":{"line":450,"column":21},"end":{"line":450,"column":42}},"217":{"start":{"line":451,"column":4},"end":{"line":453,"column":null}},"218":{"start":{"line":452,"column":6},"end":{"line":452,"column":null}},"219":{"start":{"line":453,"column":6},"end":{"line":453,"column":null}},"220":{"start":{"line":455,"column":17},"end":{"line":455,"column":null}},"221":{"start":{"line":456,"column":4},"end":{"line":458,"column":null}},"222":{"start":{"line":457,"column":6},"end":{"line":457,"column":null}},"223":{"start":{"line":458,"column":6},"end":{"line":458,"column":null}},"224":{"start":{"line":461,"column":26},"end":{"line":461,"column":null}},"225":{"start":{"line":463,"column":4},"end":{"line":483,"column":null}},"226":{"start":{"line":464,"column":6},"end":{"line":472,"column":null}},"227":{"start":{"line":473,"column":6},"end":{"line":473,"column":null}},"228":{"start":{"line":474,"column":6},"end":{"line":474,"column":null}},"229":{"start":{"line":475,"column":6},"end":{"line":475,"column":null}},"230":{"start":{"line":476,"column":6},"end":{"line":476,"column":null}},"231":{"start":{"line":477,"column":6},"end":{"line":477,"column":null}},"232":{"start":{"line":478,"column":6},"end":{"line":478,"column":null}},"233":{"start":{"line":479,"column":6},"end":{"line":479,"column":null}},"234":{"start":{"line":480,"column":6},"end":{"line":480,"column":null}},"235":{"start":{"line":481,"column":6},"end":{"line":481,"column":null}},"236":{"start":{"line":483,"column":6},"end":{"line":483,"column":null}},"237":{"start":{"line":487,"column":28},"end":{"line":496,"column":null}},"238":{"start":{"line":488,"column":15},"end":{"line":488,"column":68}},"239":{"start":{"line":489,"column":4},"end":{"line":489,"column":null}},"240":{"start":{"line":489,"column":13},"end":{"line":489,"column":null}},"241":{"start":{"line":490,"column":4},"end":{"line":496,"column":null}},"242":{"start":{"line":491,"column":6},"end":{"line":491,"column":null}},"243":{"start":{"line":492,"column":6},"end":{"line":492,"column":null}},"244":{"start":{"line":493,"column":6},"end":{"line":493,"column":null}},"245":{"start":{"line":494,"column":6},"end":{"line":494,"column":null}},"246":{"start":{"line":496,"column":6},"end":{"line":496,"column":null}},"247":{"start":{"line":500,"column":37},"end":{"line":507,"column":null}},"248":{"start":{"line":501,"column":4},"end":{"line":507,"column":null}},"249":{"start":{"line":502,"column":6},"end":{"line":502,"column":null}},"250":{"start":{"line":503,"column":6},"end":{"line":503,"column":null}},"251":{"start":{"line":505,"column":6},"end":{"line":505,"column":null}},"252":{"start":{"line":507,"column":6},"end":{"line":507,"column":null}},"253":{"start":{"line":511,"column":42},"end":{"line":527,"column":null}},"254":{"start":{"line":512,"column":4},"end":{"line":514,"column":null}},"255":{"start":{"line":513,"column":6},"end":{"line":513,"column":null}},"256":{"start":{"line":514,"column":6},"end":{"line":514,"column":null}},"257":{"start":{"line":517,"column":4},"end":{"line":527,"column":null}},"258":{"start":{"line":518,"column":6},"end":{"line":518,"column":null}},"259":{"start":{"line":519,"column":6},"end":{"line":523,"column":null}},"260":{"start":{"line":525,"column":6},"end":{"line":525,"column":null}},"261":{"start":{"line":527,"column":6},"end":{"line":527,"column":null}},"262":{"start":{"line":531,"column":2},"end":{"line":991,"column":null}},"263":{"start":{"line":556,"column":33},"end":{"line":556,"column":73}},"264":{"start":{"line":569,"column":14},"end":{"line":590,"column":null}},"265":{"start":{"line":572,"column":31},"end":{"line":572,"column":61}},"266":{"start":{"line":582,"column":20},"end":{"line":582,"column":null}},"267":{"start":{"line":583,"column":32},"end":{"line":583,"column":null}},"268":{"start":{"line":584,"column":20},"end":{"line":584,"column":null}},"269":{"start":{"line":603,"column":29},"end":{"line":603,"column":60}},"270":{"start":{"line":611,"column":14},"end":{"line":623,"column":null}},"271":{"start":{"line":615,"column":35},"end":{"line":615,"column":74}},"272":{"start":{"line":615,"column":55},"end":{"line":615,"column":74}},"273":{"start":{"line":616,"column":18},"end":{"line":616,"column":null}},"274":{"start":{"line":616,"column":32},"end":{"line":616,"column":null}},"275":{"start":{"line":642,"column":31},"end":{"line":642,"column":86}},"276":{"start":{"line":691,"column":18},"end":{"line":699,"column":null}},"277":{"start":{"line":709,"column":66},"end":{"line":709,"column":89}},"278":{"start":{"line":746,"column":39},"end":{"line":746,"column":83}},"279":{"start":{"line":778,"column":35},"end":{"line":778,"column":96}},"280":{"start":{"line":816,"column":39},"end":{"line":816,"column":80}},"281":{"start":{"line":858,"column":41},"end":{"line":858,"column":76}},"282":{"start":{"line":890,"column":22},"end":{"line":915,"column":null}},"283":{"start":{"line":910,"column":43},"end":{"line":910,"column":70}},"284":{"start":{"line":936,"column":55},"end":{"line":936,"column":87}},"285":{"start":{"line":937,"column":62},"end":{"line":937,"column":81}},"286":{"start":{"line":940,"column":77},"end":{"line":940,"column":109}},"287":{"start":{"line":955,"column":31},"end":{"line":955,"column":89}},"288":{"start":{"line":956,"column":36},"end":{"line":956,"column":58}},"289":{"start":{"line":958,"column":22},"end":{"line":979,"column":null}},"290":{"start":{"line":972,"column":30},"end":{"line":972,"column":null}},"291":{"start":{"line":973,"column":30},"end":{"line":973,"column":null}}},"fnMap":{"0":{"name":"(anonymous_0)","decl":{"start":{"line":50,"column":6},"end":{"line":50,"column":14}},"loc":{"start":{"line":51,"column":2},"end":{"line":53,"column":null}},"line":51},"1":{"name":"(anonymous_1)","decl":{"start":{"line":51,"column":6},"end":{"line":51,"column":15}},"loc":{"start":{"line":51,"column":27},"end":{"line":53,"column":null}},"line":51},"2":{"name":"(anonymous_2)","decl":{"start":{"line":55,"column":6},"end":{"line":55,"column":29}},"loc":{"start":{"line":55,"column":65},"end":{"line":58,"column":null}},"line":55},"3":{"name":"(anonymous_3)","decl":{"start":{"line":61,"column":21},"end":{"line":61,"column":null}},"loc":{"start":{"line":65,"column":5},"end":{"line":93,"column":null}},"line":65},"4":{"name":"(anonymous_4)","decl":{"start":{"line":96,"column":6},"end":{"line":96,"column":20}},"loc":{"start":{"line":97,"column":2},"end":{"line":97,"column":null}},"line":97},"5":{"name":"(anonymous_5)","decl":{"start":{"line":100,"column":6},"end":{"line":100,"column":22}},"loc":{"start":{"line":101,"column":2},"end":{"line":110,"column":null}},"line":101},"6":{"name":"(anonymous_6)","decl":{"start":{"line":113,"column":6},"end":{"line":113,"column":19}},"loc":{"start":{"line":128,"column":2},"end":{"line":136,"column":null}},"line":128},"7":{"name":"(anonymous_7)","decl":{"start":{"line":134,"column":6},"end":{"line":134,"column":17}},"loc":{"start":{"line":134,"column":27},"end":{"line":134,"column":55}},"line":134},"8":{"name":"(anonymous_8)","decl":{"start":{"line":140,"column":6},"end":{"line":140,"column":21}},"loc":{"start":{"line":155,"column":2},"end":{"line":167,"column":null}},"line":155},"9":{"name":"(anonymous_9)","decl":{"start":{"line":159,"column":6},"end":{"line":159,"column":17}},"loc":{"start":{"line":159,"column":27},"end":{"line":159,"column":55}},"line":159},"10":{"name":"(anonymous_10)","decl":{"start":{"line":163,"column":15},"end":{"line":163,"column":20}},"loc":{"start":{"line":164,"column":8},"end":{"line":166,"column":null}},"line":164},"11":{"name":"App","decl":{"start":{"line":172,"column":9},"end":{"line":172,"column":15}},"loc":{"start":{"line":172,"column":15},"end":{"line":991,"column":null}},"line":172},"12":{"name":"(anonymous_12)","decl":{"start":{"line":202,"column":27},"end":{"line":202,"column":null}},"loc":{"start":{"line":203,"column":10},"end":{"line":203,"column":null}},"line":203},"13":{"name":"(anonymous_13)","decl":{"start":{"line":203,"column":20},"end":{"line":203,"column":26}},"loc":{"start":{"line":203,"column":39},"end":{"line":203,"column":74}},"line":203},"14":{"name":"(anonymous_14)","decl":{"start":{"line":207,"column":19},"end":{"line":207,"column":33}},"loc":{"start":{"line":207,"column":33},"end":{"line":221,"column":6}},"line":207},"15":{"name":"(anonymous_15)","decl":{"start":{"line":208,"column":24},"end":{"line":208,"column":null}},"loc":{"start":{"line":210,"column":8},"end":{"line":210,"column":null}},"line":210},"16":{"name":"(anonymous_16)","decl":{"start":{"line":213,"column":27},"end":{"line":213,"column":35}},"loc":{"start":{"line":213,"column":50},"end":{"line":219,"column":9}},"line":213},"17":{"name":"(anonymous_17)","decl":{"start":{"line":223,"column":24},"end":{"line":223,"column":36}},"loc":{"start":{"line":223,"column":36},"end":{"line":244,"column":null}},"line":223},"18":{"name":"(anonymous_18)","decl":{"start":{"line":229,"column":39},"end":{"line":229,"column":46}},"loc":{"start":{"line":229,"column":59},"end":{"line":236,"column":null}},"line":229},"19":{"name":"(anonymous_19)","decl":{"start":{"line":239,"column":22},"end":{"line":239,"column":30}},"loc":{"start":{"line":239,"column":38},"end":{"line":241,"column":null}},"line":239},"20":{"name":"(anonymous_20)","decl":{"start":{"line":248,"column":25},"end":{"line":248,"column":39}},"loc":{"start":{"line":248,"column":39},"end":{"line":261,"column":6}},"line":248},"21":{"name":"(anonymous_21)","decl":{"start":{"line":249,"column":62},"end":{"line":249,"column":70}},"loc":{"start":{"line":249,"column":81},"end":{"line":249,"column":98}},"line":249},"22":{"name":"(anonymous_22)","decl":{"start":{"line":251,"column":7},"end":{"line":251,"column":11}},"loc":{"start":{"line":251,"column":17},"end":{"line":255,"column":9}},"line":251},"23":{"name":"(anonymous_23)","decl":{"start":{"line":256,"column":7},"end":{"line":256,"column":14}},"loc":{"start":{"line":256,"column":19},"end":{"line":256,"column":33}},"line":256},"24":{"name":"(anonymous_24)","decl":{"start":{"line":257,"column":7},"end":{"line":257,"column":13}},"loc":{"start":{"line":257,"column":22},"end":{"line":257,"column":44}},"line":257},"25":{"name":"(anonymous_25)","decl":{"start":{"line":263,"column":8},"end":{"line":263,"column":27}},"loc":{"start":{"line":263,"column":72},"end":{"line":269,"column":null}},"line":263},"26":{"name":"(anonymous_26)","decl":{"start":{"line":272,"column":8},"end":{"line":272,"column":32}},"loc":{"start":{"line":272,"column":77},"end":{"line":282,"column":null}},"line":272},"27":{"name":"(anonymous_27)","decl":{"start":{"line":286,"column":21},"end":{"line":286,"column":28}},"loc":{"start":{"line":286,"column":51},"end":{"line":297,"column":null}},"line":286},"28":{"name":"(anonymous_28)","decl":{"start":{"line":301,"column":24},"end":{"line":301,"column":36}},"loc":{"start":{"line":301,"column":36},"end":{"line":306,"column":null}},"line":301},"29":{"name":"(anonymous_29)","decl":{"start":{"line":310,"column":2},"end":{"line":310,"column":18}},"loc":{"start":{"line":310,"column":18},"end":{"line":313,"column":7}},"line":310},"30":{"name":"(anonymous_30)","decl":{"start":{"line":315,"column":2},"end":{"line":315,"column":18}},"loc":{"start":{"line":315,"column":18},"end":{"line":321,"column":6}},"line":315},"31":{"name":"(anonymous_31)","decl":{"start":{"line":323,"column":31},"end":{"line":323,"column":38}},"loc":{"start":{"line":323,"column":59},"end":{"line":357,"column":null}},"line":323},"32":{"name":"(anonymous_32)","decl":{"start":{"line":329,"column":34},"end":{"line":329,"column":null}},"loc":{"start":{"line":331,"column":8},"end":{"line":332,"column":48}},"line":331},"33":{"name":"(anonymous_33)","decl":{"start":{"line":340,"column":70},"end":{"line":340,"column":null}},"loc":{"start":{"line":341,"column":7},"end":{"line":341,"column":53}},"line":341},"34":{"name":"(anonymous_34)","decl":{"start":{"line":361,"column":8},"end":{"line":361,"column":40}},"loc":{"start":{"line":361,"column":40},"end":{"line":370,"column":null}},"line":361},"35":{"name":"(anonymous_35)","decl":{"start":{"line":373,"column":31},"end":{"line":373,"column":38}},"loc":{"start":{"line":373,"column":61},"end":{"line":383,"column":null}},"line":373},"36":{"name":"(anonymous_36)","decl":{"start":{"line":386,"column":8},"end":{"line":386,"column":35}},"loc":{"start":{"line":386,"column":35},"end":{"line":388,"column":null}},"line":386},"37":{"name":"(anonymous_37)","decl":{"start":{"line":391,"column":37},"end":{"line":391,"column":44}},"loc":{"start":{"line":391,"column":65},"end":{"line":406,"column":null}},"line":391},"38":{"name":"(anonymous_38)","decl":{"start":{"line":410,"column":30},"end":{"line":410,"column":37}},"loc":{"start":{"line":410,"column":58},"end":{"line":436,"column":null}},"line":410},"39":{"name":"(anonymous_39)","decl":{"start":{"line":440,"column":28},"end":{"line":440,"column":35}},"loc":{"start":{"line":440,"column":56},"end":{"line":483,"column":null}},"line":440},"40":{"name":"(anonymous_40)","decl":{"start":{"line":487,"column":28},"end":{"line":487,"column":35}},"loc":{"start":{"line":487,"column":55},"end":{"line":496,"column":null}},"line":487},"41":{"name":"(anonymous_41)","decl":{"start":{"line":500,"column":37},"end":{"line":500,"column":49}},"loc":{"start":{"line":500,"column":49},"end":{"line":507,"column":null}},"line":500},"42":{"name":"(anonymous_42)","decl":{"start":{"line":511,"column":42},"end":{"line":511,"column":54}},"loc":{"start":{"line":511,"column":54},"end":{"line":527,"column":null}},"line":511},"43":{"name":"(anonymous_43)","decl":{"start":{"line":556,"column":14},"end":{"line":556,"column":25}},"loc":{"start":{"line":556,"column":33},"end":{"line":556,"column":73}},"line":556},"44":{"name":"(anonymous_44)","decl":{"start":{"line":568,"column":23},"end":{"line":568,"column":28}},"loc":{"start":{"line":569,"column":14},"end":{"line":590,"column":null}},"line":569},"45":{"name":"(anonymous_45)","decl":{"start":{"line":572,"column":16},"end":{"line":572,"column":31}},"loc":{"start":{"line":572,"column":31},"end":{"line":572,"column":61}},"line":572},"46":{"name":"(anonymous_46)","decl":{"start":{"line":581,"column":18},"end":{"line":581,"column":28}},"loc":{"start":{"line":581,"column":38},"end":{"line":584,"column":null}},"line":581},"47":{"name":"(anonymous_47)","decl":{"start":{"line":603,"column":14},"end":{"line":603,"column":29}},"loc":{"start":{"line":603,"column":29},"end":{"line":603,"column":60}},"line":603},"48":{"name":"(anonymous_48)","decl":{"start":{"line":610,"column":39},"end":{"line":610,"column":44}},"loc":{"start":{"line":611,"column":14},"end":{"line":623,"column":null}},"line":611},"49":{"name":"(anonymous_49)","decl":{"start":{"line":614,"column":16},"end":{"line":614,"column":31}},"loc":{"start":{"line":614,"column":31},"end":{"line":616,"column":null}},"line":614},"50":{"name":"(anonymous_50)","decl":{"start":{"line":615,"column":45},"end":{"line":615,"column":50}},"loc":{"start":{"line":615,"column":55},"end":{"line":615,"column":74}},"line":615},"51":{"name":"(anonymous_51)","decl":{"start":{"line":642,"column":16},"end":{"line":642,"column":31}},"loc":{"start":{"line":642,"column":31},"end":{"line":642,"column":86}},"line":642},"52":{"name":"(anonymous_52)","decl":{"start":{"line":690,"column":27},"end":{"line":690,"column":32}},"loc":{"start":{"line":691,"column":18},"end":{"line":699,"column":null}},"line":691},"53":{"name":"(anonymous_53)","decl":{"start":{"line":709,"column":46},"end":{"line":709,"column":56}},"loc":{"start":{"line":709,"column":66},"end":{"line":709,"column":89}},"line":709},"54":{"name":"(anonymous_54)","decl":{"start":{"line":746,"column":20},"end":{"line":746,"column":31}},"loc":{"start":{"line":746,"column":39},"end":{"line":746,"column":83}},"line":746},"55":{"name":"(anonymous_55)","decl":{"start":{"line":778,"column":20},"end":{"line":778,"column":35}},"loc":{"start":{"line":778,"column":35},"end":{"line":778,"column":96}},"line":778},"56":{"name":"(anonymous_56)","decl":{"start":{"line":816,"column":18},"end":{"line":816,"column":29}},"loc":{"start":{"line":816,"column":39},"end":{"line":816,"column":80}},"line":816},"57":{"name":"(anonymous_57)","decl":{"start":{"line":858,"column":20},"end":{"line":858,"column":31}},"loc":{"start":{"line":858,"column":41},"end":{"line":858,"column":76}},"line":858},"58":{"name":"(anonymous_58)","decl":{"start":{"line":889,"column":29},"end":{"line":889,"column":34}},"loc":{"start":{"line":890,"column":22},"end":{"line":915,"column":null}},"line":890},"59":{"name":"(anonymous_59)","decl":{"start":{"line":910,"column":28},"end":{"line":910,"column":43}},"loc":{"start":{"line":910,"column":43},"end":{"line":910,"column":70}},"line":910},"60":{"name":"(anonymous_60)","decl":{"start":{"line":936,"column":40},"end":{"line":936,"column":55}},"loc":{"start":{"line":936,"column":55},"end":{"line":936,"column":87}},"line":936},"61":{"name":"(anonymous_61)","decl":{"start":{"line":937,"column":46},"end":{"line":937,"column":56}},"loc":{"start":{"line":937,"column":62},"end":{"line":937,"column":81}},"line":937},"62":{"name":"(anonymous_62)","decl":{"start":{"line":940,"column":62},"end":{"line":940,"column":77}},"loc":{"start":{"line":940,"column":77},"end":{"line":940,"column":109}},"line":940},"63":{"name":"(anonymous_63)","decl":{"start":{"line":955,"column":21},"end":{"line":955,"column":25}},"loc":{"start":{"line":955,"column":31},"end":{"line":955,"column":89}},"line":955},"64":{"name":"(anonymous_64)","decl":{"start":{"line":956,"column":21},"end":{"line":956,"column":27}},"loc":{"start":{"line":956,"column":36},"end":{"line":956,"column":58}},"line":956},"65":{"name":"(anonymous_65)","decl":{"start":{"line":957,"column":21},"end":{"line":957,"column":25}},"loc":{"start":{"line":958,"column":22},"end":{"line":979,"column":null}},"line":958},"66":{"name":"(anonymous_66)","decl":{"start":{"line":971,"column":28},"end":{"line":971,"column":43}},"loc":{"start":{"line":971,"column":43},"end":{"line":973,"column":null}},"line":971}},"branchMap":{"0":{"loc":{"start":{"line":56,"column":22},"end":{"line":56,"column":null}},"type":"binary-expr","locations":[{"start":{"line":56,"column":22},"end":{"line":56,"column":65}},{"start":{"line":56,"column":65},"end":{"line":56,"column":null}}],"line":56},"1":{"loc":{"start":{"line":58,"column":9},"end":{"line":58,"column":null}},"type":"binary-expr","locations":[{"start":{"line":58,"column":9},"end":{"line":58,"column":23}},{"start":{"line":58,"column":23},"end":{"line":58,"column":null}}],"line":58},"2":{"loc":{"start":{"line":64,"column":2},"end":{"line":64,"column":null}},"type":"default-arg","locations":[{"start":{"line":64,"column":12},"end":{"line":64,"column":null}}],"line":64},"3":{"loc":{"start":{"line":72,"column":53},"end":{"line":72,"column":111}},"type":"binary-expr","locations":[{"start":{"line":72,"column":53},"end":{"line":72,"column":99}},{"start":{"line":72,"column":99},"end":{"line":72,"column":111}}],"line":72},"4":{"loc":{"start":{"line":84,"column":6},"end":{"line":86,"column":null}},"type":"if","locations":[{"start":{"line":84,"column":6},"end":{"line":86,"column":null}},{"start":{},"end":{}}],"line":84},"5":{"loc":{"start":{"line":84,"column":6},"end":{"line":84,"column":95}},"type":"binary-expr","locations":[{"start":{"line":84,"column":11},"end":{"line":84,"column":43}},{"start":{"line":84,"column":43},"end":{"line":84,"column":76}},{"start":{"line":84,"column":76},"end":{"line":84,"column":95}}],"line":84},"6":{"loc":{"start":{"line":88,"column":28},"end":{"line":88,"column":75}},"type":"binary-expr","locations":[{"start":{"line":88,"column":28},"end":{"line":88,"column":57}},{"start":{"line":88,"column":57},"end":{"line":88,"column":75}}],"line":88},"7":{"loc":{"start":{"line":93,"column":8},"end":{"line":93,"column":49}},"type":"binary-expr","locations":[{"start":{"line":93,"column":8},"end":{"line":93,"column":21}},{"start":{"line":93,"column":21},"end":{"line":93,"column":49}}],"line":93},"8":{"loc":{"start":{"line":100,"column":24},"end":{"line":100,"column":null}},"type":"default-arg","locations":[{"start":{"line":100,"column":31},"end":{"line":100,"column":null}}],"line":100},"9":{"loc":{"start":{"line":118,"column":2},"end":{"line":118,"column":null}},"type":"default-arg","locations":[{"start":{"line":118,"column":9},"end":{"line":118,"column":null}}],"line":118},"10":{"loc":{"start":{"line":119,"column":2},"end":{"line":119,"column":null}},"type":"default-arg","locations":[{"start":{"line":119,"column":13},"end":{"line":119,"column":null}}],"line":119},"11":{"loc":{"start":{"line":146,"column":2},"end":{"line":146,"column":null}},"type":"default-arg","locations":[{"start":{"line":146,"column":13},"end":{"line":146,"column":null}}],"line":146},"12":{"loc":{"start":{"line":162,"column":24},"end":{"line":162,"column":57}},"type":"binary-expr","locations":[{"start":{"line":162,"column":24},"end":{"line":162,"column":39}},{"start":{"line":162,"column":39},"end":{"line":162,"column":57}}],"line":162},"13":{"loc":{"start":{"line":203,"column":10},"end":{"line":203,"column":null}},"type":"binary-expr","locations":[{"start":{"line":203,"column":10},"end":{"line":203,"column":74}},{"start":{"line":203,"column":78},"end":{"line":203,"column":null}}],"line":203},"14":{"loc":{"start":{"line":210,"column":8},"end":{"line":210,"column":null}},"type":"cond-expr","locations":[{"start":{"line":210,"column":38},"end":{"line":210,"column":71}},{"start":{"line":210,"column":74},"end":{"line":210,"column":null}}],"line":210},"15":{"loc":{"start":{"line":210,"column":51},"end":{"line":210,"column":71}},"type":"binary-expr","locations":[{"start":{"line":210,"column":51},"end":{"line":210,"column":69}},{"start":{"line":210,"column":69},"end":{"line":210,"column":71}}],"line":210},"16":{"loc":{"start":{"line":214,"column":6},"end":{"line":215,"column":null}},"type":"if","locations":[{"start":{"line":214,"column":6},"end":{"line":215,"column":null}},{"start":{},"end":{}}],"line":214},"17":{"loc":{"start":{"line":217,"column":21},"end":{"line":217,"column":null}},"type":"cond-expr","locations":[{"start":{"line":217,"column":53},"end":{"line":217,"column":69}},{"start":{"line":217,"column":69},"end":{"line":217,"column":null}}],"line":217},"18":{"loc":{"start":{"line":218,"column":26},"end":{"line":218,"column":38}},"type":"binary-expr","locations":[{"start":{"line":218,"column":26},"end":{"line":218,"column":36}},{"start":{"line":218,"column":36},"end":{"line":218,"column":38}}],"line":218},"19":{"loc":{"start":{"line":253,"column":17},"end":{"line":253,"column":null}},"type":"binary-expr","locations":[{"start":{"line":253,"column":17},"end":{"line":253,"column":53}},{"start":{"line":253,"column":53},"end":{"line":253,"column":null}}],"line":253},"20":{"loc":{"start":{"line":265,"column":19},"end":{"line":265,"column":41}},"type":"binary-expr","locations":[{"start":{"line":265,"column":19},"end":{"line":265,"column":37}},{"start":{"line":265,"column":37},"end":{"line":265,"column":41}}],"line":265},"21":{"loc":{"start":{"line":266,"column":4},"end":{"line":267,"column":null}},"type":"if","locations":[{"start":{"line":266,"column":4},"end":{"line":267,"column":null}},{"start":{},"end":{}}],"line":266},"22":{"loc":{"start":{"line":273,"column":4},"end":{"line":275,"column":null}},"type":"if","locations":[{"start":{"line":273,"column":4},"end":{"line":275,"column":null}},{"start":{},"end":{}}],"line":273},"23":{"loc":{"start":{"line":316,"column":4},"end":{"line":319,"column":null}},"type":"if","locations":[{"start":{"line":316,"column":4},"end":{"line":319,"column":null}},{"start":{},"end":{}}],"line":316},"24":{"loc":{"start":{"line":318,"column":27},"end":{"line":318,"column":56}},"type":"binary-expr","locations":[{"start":{"line":318,"column":27},"end":{"line":318,"column":53}},{"start":{"line":318,"column":53},"end":{"line":318,"column":56}}],"line":318},"25":{"loc":{"start":{"line":319,"column":29},"end":{"line":319,"column":60}},"type":"binary-expr","locations":[{"start":{"line":319,"column":29},"end":{"line":319,"column":57}},{"start":{"line":319,"column":57},"end":{"line":319,"column":60}}],"line":319},"26":{"loc":{"start":{"line":325,"column":4},"end":{"line":326,"column":null}},"type":"if","locations":[{"start":{"line":325,"column":4},"end":{"line":326,"column":null}},{"start":{},"end":{}}],"line":325},"27":{"loc":{"start":{"line":331,"column":8},"end":{"line":332,"column":48}},"type":"binary-expr","locations":[{"start":{"line":331,"column":8},"end":{"line":331,"column":66}},{"start":{"line":331,"column":66},"end":{"line":332,"column":48}}],"line":331},"28":{"loc":{"start":{"line":332,"column":9},"end":{"line":332,"column":28}},"type":"binary-expr","locations":[{"start":{"line":332,"column":9},"end":{"line":332,"column":20}},{"start":{"line":332,"column":20},"end":{"line":332,"column":28}}],"line":332},"29":{"loc":{"start":{"line":335,"column":4},"end":{"line":337,"column":null}},"type":"if","locations":[{"start":{"line":335,"column":4},"end":{"line":337,"column":null}},{"start":{},"end":{}}],"line":335},"30":{"loc":{"start":{"line":340,"column":29},"end":{"line":341,"column":null}},"type":"binary-expr","locations":[{"start":{"line":340,"column":29},"end":{"line":340,"column":60}},{"start":{"line":340,"column":60},"end":{"line":341,"column":null}}],"line":340},"31":{"loc":{"start":{"line":341,"column":14},"end":{"line":341,"column":33}},"type":"binary-expr","locations":[{"start":{"line":341,"column":14},"end":{"line":341,"column":25}},{"start":{"line":341,"column":25},"end":{"line":341,"column":33}}],"line":341},"32":{"loc":{"start":{"line":344,"column":4},"end":{"line":346,"column":null}},"type":"if","locations":[{"start":{"line":344,"column":4},"end":{"line":346,"column":null}},{"start":{},"end":{}}],"line":344},"33":{"loc":{"start":{"line":357,"column":12},"end":{"line":357,"column":57}},"type":"binary-expr","locations":[{"start":{"line":357,"column":12},"end":{"line":357,"column":43}},{"start":{"line":357,"column":43},"end":{"line":357,"column":57}}],"line":357},"34":{"loc":{"start":{"line":380,"column":25},"end":{"line":380,"column":46}},"type":"binary-expr","locations":[{"start":{"line":380,"column":25},"end":{"line":380,"column":43}},{"start":{"line":380,"column":43},"end":{"line":380,"column":46}}],"line":380},"35":{"loc":{"start":{"line":381,"column":27},"end":{"line":381,"column":50}},"type":"binary-expr","locations":[{"start":{"line":381,"column":27},"end":{"line":381,"column":47}},{"start":{"line":381,"column":47},"end":{"line":381,"column":50}}],"line":381},"36":{"loc":{"start":{"line":393,"column":4},"end":{"line":394,"column":null}},"type":"if","locations":[{"start":{"line":393,"column":4},"end":{"line":394,"column":null}},{"start":{},"end":{}}],"line":393},"37":{"loc":{"start":{"line":406,"column":12},"end":{"line":406,"column":57}},"type":"binary-expr","locations":[{"start":{"line":406,"column":12},"end":{"line":406,"column":43}},{"start":{"line":406,"column":43},"end":{"line":406,"column":57}}],"line":406},"38":{"loc":{"start":{"line":412,"column":4},"end":{"line":414,"column":null}},"type":"if","locations":[{"start":{"line":412,"column":4},"end":{"line":414,"column":null}},{"start":{},"end":{}}],"line":412},"39":{"loc":{"start":{"line":417,"column":4},"end":{"line":419,"column":null}},"type":"if","locations":[{"start":{"line":417,"column":4},"end":{"line":419,"column":null}},{"start":{},"end":{}}],"line":417},"40":{"loc":{"start":{"line":417,"column":8},"end":{"line":417,"column":49}},"type":"binary-expr","locations":[{"start":{"line":417,"column":8},"end":{"line":417,"column":32}},{"start":{"line":417,"column":36},"end":{"line":417,"column":49}}],"line":417},"41":{"loc":{"start":{"line":436,"column":12},"end":{"line":436,"column":57}},"type":"binary-expr","locations":[{"start":{"line":436,"column":12},"end":{"line":436,"column":43}},{"start":{"line":436,"column":43},"end":{"line":436,"column":57}}],"line":436},"42":{"loc":{"start":{"line":442,"column":4},"end":{"line":444,"column":null}},"type":"if","locations":[{"start":{"line":442,"column":4},"end":{"line":444,"column":null}},{"start":{},"end":{}}],"line":442},"43":{"loc":{"start":{"line":446,"column":4},"end":{"line":448,"column":null}},"type":"if","locations":[{"start":{"line":446,"column":4},"end":{"line":448,"column":null}},{"start":{},"end":{}}],"line":446},"44":{"loc":{"start":{"line":451,"column":4},"end":{"line":453,"column":null}},"type":"if","locations":[{"start":{"line":451,"column":4},"end":{"line":453,"column":null}},{"start":{},"end":{}}],"line":451},"45":{"loc":{"start":{"line":451,"column":8},"end":{"line":451,"column":53}},"type":"binary-expr","locations":[{"start":{"line":451,"column":8},"end":{"line":451,"column":34}},{"start":{"line":451,"column":38},"end":{"line":451,"column":53}}],"line":451},"46":{"loc":{"start":{"line":455,"column":17},"end":{"line":455,"column":null}},"type":"cond-expr","locations":[{"start":{"line":455,"column":29},"end":{"line":455,"column":46}},{"start":{"line":455,"column":49},"end":{"line":455,"column":null}}],"line":455},"47":{"loc":{"start":{"line":456,"column":4},"end":{"line":458,"column":null}},"type":"if","locations":[{"start":{"line":456,"column":4},"end":{"line":458,"column":null}},{"start":{},"end":{}}],"line":456},"48":{"loc":{"start":{"line":456,"column":8},"end":{"line":456,"column":44}},"type":"binary-expr","locations":[{"start":{"line":456,"column":8},"end":{"line":456,"column":30}},{"start":{"line":456,"column":34},"end":{"line":456,"column":44}}],"line":456},"49":{"loc":{"start":{"line":461,"column":26},"end":{"line":461,"column":null}},"type":"binary-expr","locations":[{"start":{"line":461,"column":26},"end":{"line":461,"column":52}},{"start":{"line":461,"column":52},"end":{"line":461,"column":null}}],"line":461},"50":{"loc":{"start":{"line":483,"column":12},"end":{"line":483,"column":57}},"type":"binary-expr","locations":[{"start":{"line":483,"column":12},"end":{"line":483,"column":43}},{"start":{"line":483,"column":43},"end":{"line":483,"column":57}}],"line":483},"51":{"loc":{"start":{"line":489,"column":4},"end":{"line":489,"column":null}},"type":"if","locations":[{"start":{"line":489,"column":4},"end":{"line":489,"column":null}},{"start":{},"end":{}}],"line":489},"52":{"loc":{"start":{"line":496,"column":12},"end":{"line":496,"column":57}},"type":"binary-expr","locations":[{"start":{"line":496,"column":12},"end":{"line":496,"column":43}},{"start":{"line":496,"column":43},"end":{"line":496,"column":57}}],"line":496},"53":{"loc":{"start":{"line":512,"column":4},"end":{"line":514,"column":null}},"type":"if","locations":[{"start":{"line":512,"column":4},"end":{"line":514,"column":null}},{"start":{},"end":{}}],"line":512},"54":{"loc":{"start":{"line":543,"column":15},"end":{"line":543,"column":null}},"type":"cond-expr","locations":[{"start":{"line":543,"column":48},"end":{"line":543,"column":69}},{"start":{"line":543,"column":69},"end":{"line":543,"column":null}}],"line":543},"55":{"loc":{"start":{"line":571,"column":40},"end":{"line":571,"column":null}},"type":"cond-expr","locations":[{"start":{"line":571,"column":77},"end":{"line":571,"column":90}},{"start":{"line":571,"column":90},"end":{"line":571,"column":null}}],"line":571},"56":{"loc":{"start":{"line":576,"column":43},"end":{"line":576,"column":71}},"type":"binary-expr","locations":[{"start":{"line":576,"column":43},"end":{"line":576,"column":61}},{"start":{"line":576,"column":61},"end":{"line":576,"column":71}}],"line":576},"57":{"loc":{"start":{"line":583,"column":32},"end":{"line":583,"column":null}},"type":"binary-expr","locations":[{"start":{"line":583,"column":32},"end":{"line":583,"column":75}},{"start":{"line":583,"column":75},"end":{"line":583,"column":null}}],"line":583},"58":{"loc":{"start":{"line":616,"column":18},"end":{"line":616,"column":null}},"type":"if","locations":[{"start":{"line":616,"column":18},"end":{"line":616,"column":null}},{"start":{},"end":{}}],"line":616},"59":{"loc":{"start":{"line":625,"column":13},"end":{"line":629,"column":null}},"type":"binary-expr","locations":[{"start":{"line":625,"column":13},"end":{"line":625,"column":null}},{"start":{"line":626,"column":14},"end":{"line":629,"column":null}}],"line":625},"60":{"loc":{"start":{"line":634,"column":11},"end":{"line":647,"column":null}},"type":"cond-expr","locations":[{"start":{"line":635,"column":12},"end":{"line":647,"column":null}},{"start":{"line":647,"column":14},"end":{"line":647,"column":null}}],"line":634},"61":{"loc":{"start":{"line":634,"column":11},"end":{"line":634,"column":null}},"type":"binary-expr","locations":[{"start":{"line":634,"column":11},"end":{"line":634,"column":31}},{"start":{"line":634,"column":31},"end":{"line":634,"column":null}}],"line":634},"62":{"loc":{"start":{"line":649,"column":11},"end":{"line":667,"column":null}},"type":"cond-expr","locations":[{"start":{"line":650,"column":12},"end":{"line":664,"column":13}},{"start":{"line":664,"column":12},"end":{"line":667,"column":null}}],"line":649},"63":{"loc":{"start":{"line":649,"column":11},"end":{"line":649,"column":null}},"type":"binary-expr","locations":[{"start":{"line":649,"column":11},"end":{"line":649,"column":31}},{"start":{"line":649,"column":31},"end":{"line":649,"column":null}}],"line":649},"64":{"loc":{"start":{"line":653,"column":17},"end":{"line":655,"column":null}},"type":"cond-expr","locations":[{"start":{"line":654,"column":20},"end":{"line":654,"column":null}},{"start":{"line":655,"column":20},"end":{"line":655,"column":null}}],"line":653},"65":{"loc":{"start":{"line":696,"column":23},"end":{"line":696,"column":null}},"type":"cond-expr","locations":[{"start":{"line":696,"column":39},"end":{"line":696,"column":62}},{"start":{"line":696,"column":62},"end":{"line":696,"column":null}}],"line":696},"66":{"loc":{"start":{"line":707,"column":7},"end":{"line":933,"column":null}},"type":"cond-expr","locations":[{"start":{"line":708,"column":8},"end":{"line":933,"column":null}},{"start":{"line":933,"column":10},"end":{"line":933,"column":null}}],"line":707},"67":{"loc":{"start":{"line":707,"column":7},"end":{"line":707,"column":null}},"type":"binary-expr","locations":[{"start":{"line":707,"column":7},"end":{"line":707,"column":30}},{"start":{"line":707,"column":30},"end":{"line":707,"column":null}}],"line":707},"68":{"loc":{"start":{"line":722,"column":19},"end":{"line":722,"column":null}},"type":"cond-expr","locations":[{"start":{"line":722,"column":49},"end":{"line":722,"column":70}},{"start":{"line":722,"column":70},"end":{"line":722,"column":null}}],"line":722},"69":{"loc":{"start":{"line":758,"column":19},"end":{"line":766,"column":null}},"type":"cond-expr","locations":[{"start":{"line":759,"column":20},"end":{"line":764,"column":21}},{"start":{"line":764,"column":20},"end":{"line":766,"column":null}}],"line":758},"70":{"loc":{"start":{"line":766,"column":19},"end":{"line":771,"column":null}},"type":"cond-expr","locations":[{"start":{"line":767,"column":20},"end":{"line":771,"column":null}},{"start":{"line":771,"column":22},"end":{"line":771,"column":null}}],"line":766},"71":{"loc":{"start":{"line":778,"column":74},"end":{"line":778,"column":96}},"type":"binary-expr","locations":[{"start":{"line":778,"column":74},"end":{"line":778,"column":94}},{"start":{"line":778,"column":94},"end":{"line":778,"column":96}}],"line":778},"72":{"loc":{"start":{"line":894,"column":27},"end":{"line":896,"column":null}},"type":"cond-expr","locations":[{"start":{"line":895,"column":28},"end":{"line":896,"column":null}},{"start":{"line":896,"column":30},"end":{"line":896,"column":null}}],"line":894},"73":{"loc":{"start":{"line":900,"column":27},"end":{"line":900,"column":null}},"type":"cond-expr","locations":[{"start":{"line":900,"column":40},"end":{"line":900,"column":null}},{"start":{"line":900,"column":89},"end":{"line":900,"column":null}}],"line":900},"74":{"loc":{"start":{"line":903,"column":29},"end":{"line":903,"column":52}},"type":"binary-expr","locations":[{"start":{"line":903,"column":29},"end":{"line":903,"column":43}},{"start":{"line":903,"column":43},"end":{"line":903,"column":52}}],"line":903},"75":{"loc":{"start":{"line":905,"column":29},"end":{"line":905,"column":51}},"type":"binary-expr","locations":[{"start":{"line":905,"column":29},"end":{"line":905,"column":43}},{"start":{"line":905,"column":43},"end":{"line":905,"column":51}}],"line":905},"76":{"loc":{"start":{"line":935,"column":7},"end":{"line":991,"column":null}},"type":"cond-expr","locations":[{"start":{"line":936,"column":8},"end":{"line":991,"column":null}},{"start":{"line":991,"column":10},"end":{"line":991,"column":null}}],"line":935},"77":{"loc":{"start":{"line":955,"column":48},"end":{"line":955,"column":87}},"type":"binary-expr","locations":[{"start":{"line":955,"column":48},"end":{"line":955,"column":84}},{"start":{"line":955,"column":84},"end":{"line":955,"column":87}}],"line":955},"78":{"loc":{"start":{"line":960,"column":29},"end":{"line":960,"column":49}},"type":"binary-expr","locations":[{"start":{"line":960,"column":29},"end":{"line":960,"column":40}},{"start":{"line":960,"column":40},"end":{"line":960,"column":49}}],"line":960},"79":{"loc":{"start":{"line":961,"column":29},"end":{"line":961,"column":51}},"type":"binary-expr","locations":[{"start":{"line":961,"column":29},"end":{"line":961,"column":42}},{"start":{"line":961,"column":42},"end":{"line":961,"column":51}}],"line":961},"80":{"loc":{"start":{"line":963,"column":33},"end":{"line":963,"column":null}},"type":"cond-expr","locations":[{"start":{"line":963,"column":49},"end":{"line":963,"column":74}},{"start":{"line":963,"column":74},"end":{"line":963,"column":null}}],"line":963},"81":{"loc":{"start":{"line":963,"column":74},"end":{"line":963,"column":null}},"type":"cond-expr","locations":[{"start":{"line":963,"column":90},"end":{"line":963,"column":115}},{"start":{"line":963,"column":115},"end":{"line":963,"column":null}}],"line":963},"82":{"loc":{"start":{"line":966,"column":64},"end":{"line":966,"column":null}},"type":"cond-expr","locations":[{"start":{"line":966,"column":80},"end":{"line":966,"column":90}},{"start":{"line":966,"column":90},"end":{"line":966,"column":null}}],"line":966},"83":{"loc":{"start":{"line":966,"column":90},"end":{"line":966,"column":null}},"type":"cond-expr","locations":[{"start":{"line":966,"column":106},"end":{"line":966,"column":115}},{"start":{"line":966,"column":115},"end":{"line":966,"column":null}}],"line":966},"84":{"loc":{"start":{"line":981,"column":19},"end":{"line":986,"column":null}},"type":"binary-expr","locations":[{"start":{"line":981,"column":19},"end":{"line":981,"column":null}},{"start":{"line":982,"column":20},"end":{"line":986,"column":null}}],"line":981}},"s":{"0":1,"1":0,"2":0,"3":1,"4":0,"5":0,"6":0,"7":1,"8":0,"9":0,"10":0,"11":0,"12":0,"13":0,"14":0,"15":0,"16":0,"17":0,"18":0,"19":0,"20":0,"21":0,"22":0,"23":0,"24":0,"25":0,"26":0,"27":0,"28":0,"29":0,"30":1,"31":42,"32":1,"33":6,"34":1,"35":42,"36":6,"37":1,"38":0,"39":0,"40":0,"41":14,"42":14,"43":14,"44":14,"45":14,"46":14,"47":14,"48":14,"49":14,"50":14,"51":14,"52":14,"53":14,"54":14,"55":14,"56":14,"57":14,"58":14,"59":14,"60":14,"61":14,"62":14,"63":14,"64":14,"65":14,"66":14,"67":8,"68":2,"69":14,"70":5,"71":0,"72":5,"73":0,"74":0,"75":0,"76":0,"77":5,"78":14,"79":6,"80":6,"81":6,"82":6,"83":6,"84":2,"85":2,"86":2,"87":0,"88":6,"89":6,"90":6,"91":2,"92":6,"93":0,"94":14,"95":8,"96":2,"97":8,"98":2,"99":2,"100":0,"101":8,"102":14,"103":0,"104":0,"105":0,"106":0,"107":0,"108":14,"109":0,"110":0,"111":0,"112":0,"113":0,"114":0,"115":0,"116":14,"117":0,"118":0,"119":0,"120":0,"121":0,"122":0,"123":14,"124":6,"125":6,"126":6,"127":0,"128":14,"129":5,"130":5,"131":14,"132":5,"133":0,"134":0,"135":0,"136":14,"137":3,"138":3,"139":0,"140":3,"141":2,"142":3,"143":1,"144":1,"145":2,"146":1,"147":3,"148":1,"149":1,"150":1,"151":1,"152":1,"153":1,"154":1,"155":1,"156":1,"157":0,"158":14,"159":0,"160":0,"161":0,"162":0,"163":0,"164":0,"165":0,"166":0,"167":0,"168":14,"169":0,"170":0,"171":0,"172":0,"173":0,"174":0,"175":0,"176":0,"177":0,"178":0,"179":14,"180":0,"181":0,"182":14,"183":0,"184":0,"185":0,"186":0,"187":0,"188":0,"189":0,"190":0,"191":14,"192":0,"193":0,"194":0,"195":0,"196":0,"197":0,"198":0,"199":0,"200":0,"201":0,"202":0,"203":0,"204":0,"205":0,"206":0,"207":0,"208":14,"209":0,"210":0,"211":0,"212":0,"213":0,"214":0,"215":0,"216":0,"217":0,"218":0,"219":0,"220":0,"221":0,"222":0,"223":0,"224":0,"225":0,"226":0,"227":0,"228":0,"229":0,"230":0,"231":0,"232":0,"233":0,"234":0,"235":0,"236":0,"237":14,"238":0,"239":0,"240":0,"241":0,"242":0,"243":0,"244":0,"245":0,"246":0,"247":14,"248":0,"249":0,"250":0,"251":0,"252":0,"253":14,"254":0,"255":0,"256":0,"257":0,"258":0,"259":0,"260":0,"261":0,"262":14,"263":3,"264":6,"265":0,"266":0,"267":0,"268":0,"269":0,"270":0,"271":0,"272":0,"273":0,"274":0,"275":0,"276":0,"277":0,"278":0,"279":0,"280":0,"281":0,"282":0,"283":0,"284":0,"285":0,"286":0,"287":0,"288":0,"289":0,"290":0,"291":0},"f":{"0":0,"1":0,"2":0,"3":0,"4":42,"5":6,"6":42,"7":6,"8":0,"9":0,"10":0,"11":14,"12":8,"13":2,"14":5,"15":0,"16":0,"17":6,"18":2,"19":2,"20":8,"21":2,"22":2,"23":2,"24":0,"25":0,"26":0,"27":0,"28":6,"29":5,"30":5,"31":3,"32":2,"33":1,"34":0,"35":0,"36":0,"37":0,"38":0,"39":0,"40":0,"41":0,"42":0,"43":3,"44":6,"45":0,"46":0,"47":0,"48":0,"49":0,"50":0,"51":0,"52":0,"53":0,"54":0,"55":0,"56":0,"57":0,"58":0,"59":0,"60":0,"61":0,"62":0,"63":0,"64":0,"65":0,"66":0},"b":{"0":[0,0],"1":[0,0],"2":[0],"3":[0,0],"4":[0,0],"5":[0,0,0],"6":[0,0],"7":[0,0],"8":[6],"9":[42],"10":[42],"11":[0],"12":[0,0],"13":[8,8],"14":[0,0],"15":[0,0],"16":[0,0],"17":[0,0],"18":[0,0],"19":[2,2],"20":[0,0],"21":[0,0],"22":[0,0],"23":[0,5],"24":[0,0],"25":[0,0],"26":[0,3],"27":[2,1],"28":[1,0],"29":[1,2],"30":[2,1],"31":[1,0],"32":[1,2],"33":[0,0],"34":[0,0],"35":[0,0],"36":[0,0],"37":[0,0],"38":[0,0],"39":[0,0],"40":[0,0],"41":[0,0],"42":[0,0],"43":[0,0],"44":[0,0],"45":[0,0],"46":[0,0],"47":[0,0],"48":[0,0],"49":[0,0],"50":[0,0],"51":[0,0],"52":[0,0],"53":[0,0],"54":[0,14],"55":[0,6],"56":[6,0],"57":[0,0],"58":[0,0],"59":[14,14],"60":[0,14],"61":[14,0],"62":[0,14],"63":[14,0],"64":[0,0],"65":[0,0],"66":[0,14],"67":[14,0],"68":[0,0],"69":[0,0],"70":[0,0],"71":[0,0],"72":[0,0],"73":[0,0],"74":[0,0],"75":[0,0],"76":[0,14],"77":[0,0],"78":[0,0],"79":[0,0],"80":[0,0],"81":[0,0],"82":[0,0],"83":[0,0],"84":[0,0]},"meta":{"lastBranch":85,"lastFunction":67,"lastStatement":292,"seen":{"s:50:6:53:Infinity":0,"f:50:6:50:14":0,"s:51:2:53:Infinity":1,"f:51:6:51:15":1,"s:52:4:52:Infinity":2,"s:55:6:58:Infinity":3,"f:55:6:55:29":2,"s:56:22:56:Infinity":4,"b:56:22:56:65:56:65:56:Infinity":0,"s:57:16:57:59":5,"s:58:2:58:Infinity":6,"b:58:9:58:23:58:23:58:Infinity":1,"s:61:21:93:Infinity":7,"f:61:21:61:Infinity":3,"b:64:12:64:Infinity":2,"s:66:32:66:Infinity":8,"s:68:2:89:Infinity":9,"s:68:21:68:24":10,"s:69:4:89:Infinity":11,"s:70:23:70:67":12,"s:72:19:72:112":13,"b:72:53:72:99:72:99:72:111":3,"s:73:23:73:70":14,"s:74:24:74:56":15,"s:75:19:75:46":16,"s:76:6:76:Infinity":17,"s:77:6:77:Infinity":18,"s:78:6:78:Infinity":19,"s:79:6:79:Infinity":20,"s:80:6:80:Infinity":21,"s:81:6:81:Infinity":22,"s:82:6:82:Infinity":23,"b:84:6:86:Infinity:undefined:undefined:undefined:undefined":4,"s:84:6:86:Infinity":24,"b:84:11:84:43:84:43:84:76:84:76:84:95":5,"s:85:8:85:Infinity":25,"s:86:8:86:Infinity":26,"s:88:6:88:Infinity":27,"b:88:28:88:57:88:57:88:75":6,"s:89:6:89:Infinity":28,"s:93:2:93:Infinity":29,"b:93:8:93:21:93:21:93:49":7,"s:96:6:97:Infinity":30,"f:96:6:96:20":4,"s:97:2:97:Infinity":31,"s:100:6:110:Infinity":32,"f:100:6:100:22":5,"s:101:2:110:Infinity":33,"b:100:31:100:Infinity":8,"s:113:6:136:Infinity":34,"f:113:6:113:19":6,"s:128:2:136:Infinity":35,"b:118:9:118:Infinity":9,"b:119:13:119:Infinity":10,"f:134:6:134:17":7,"s:134:27:134:55":36,"s:140:6:167:Infinity":37,"f:140:6:140:21":8,"s:155:2:167:Infinity":38,"b:146:13:146:Infinity":11,"f:159:6:159:17":9,"s:159:27:159:55":39,"b:162:24:162:39:162:39:162:57":12,"f:163:15:163:20":10,"s:164:8:166:Infinity":40,"f:172:9:172:15":11,"s:173:20:173:60":41,"s:174:29:174:83":42,"s:175:18:175:59":43,"s:176:18:176:62":44,"s:177:16:177:56":45,"s:179:20:179:60":46,"s:181:23:181:54":47,"s:182:24:182:56":48,"s:183:30:183:71":49,"s:184:27:184:62":50,"s:185:28:185:64":51,"s:186:26:186:60":52,"s:187:30:187:68":53,"s:188:24:188:56":54,"s:189:22:189:52":55,"s:190:20:190:73":56,"s:191:24:191:56":57,"s:192:24:192:56":58,"s:193:20:193:48":59,"s:194:20:194:48":60,"s:195:20:195:48":61,"s:196:21:196:53":62,"s:197:28:197:89":63,"s:198:33:198:77":64,"s:200:25:200:91":65,"s:202:8:204:Infinity":66,"f:202:27:202:Infinity":12,"s:203:10:203:Infinity":67,"b:203:10:203:74:203:78:203:Infinity":13,"f:203:20:203:26":13,"s:203:39:203:74":68,"s:207:8:221:15":69,"f:207:19:207:33":14,"s:208:16:211:Infinity":70,"f:208:24:208:Infinity":15,"s:210:8:210:Infinity":71,"b:210:38:210:71:210:74:210:Infinity":14,"b:210:51:210:69:210:69:210:71":15,"s:213:19:219:9":72,"f:213:27:213:35":16,"b:214:6:215:Infinity:undefined:undefined:undefined:undefined":16,"s:214:6:215:Infinity":73,"s:215:8:215:Infinity":74,"s:217:21:217:Infinity":75,"b:217:53:217:69:217:69:217:Infinity":17,"s:218:6:218:Infinity":76,"b:218:26:218:36:218:36:218:38":18,"s:220:4:220:Infinity":77,"s:223:24:244:Infinity":78,"f:223:24:223:36":17,"s:224:4:244:Infinity":79,"s:225:19:225:46":80,"s:226:19:226:Infinity":81,"s:227:6:227:Infinity":82,"s:229:30:236:Infinity":83,"f:229:39:229:46":18,"s:230:8:234:Infinity":84,"s:231:24:231:74":85,"s:232:10:232:Infinity":86,"s:234:10:234:Infinity":87,"s:237:30:237:64":88,"s:238:50:238:52":89,"s:239:6:241:Infinity":90,"f:239:22:239:30":19,"s:240:8:240:Infinity":91,"s:242:6:242:Infinity":92,"s:244:6:244:Infinity":93,"s:248:8:261:36":94,"f:248:25:248:39":20,"s:249:29:249:100":95,"f:249:62:249:70":21,"s:249:81:249:98":96,"s:250:23:258:18":97,"f:251:7:251:11":22,"s:251:17:255:9":98,"b:253:17:253:53:253:53:253:Infinity":19,"f:256:7:256:14":23,"s:256:19:256:33":99,"f:257:7:257:13":24,"s:257:22:257:44":100,"s:260:4:260:Infinity":101,"s:263:8:269:Infinity":102,"f:263:8:263:27":25,"s:264:20:264:Infinity":103,"s:265:10:265:59":104,"b:265:19:265:37:265:37:265:41":20,"b:266:4:267:Infinity:undefined:undefined:undefined:undefined":21,"s:266:4:267:Infinity":105,"s:267:6:267:Infinity":106,"s:269:4:269:Infinity":107,"s:272:8:282:Infinity":108,"f:272:8:272:32":26,"b:273:4:275:Infinity:undefined:undefined:undefined:undefined":22,"s:273:4:275:Infinity":109,"s:274:6:274:Infinity":110,"s:275:6:275:Infinity":111,"s:278:4:282:Infinity":112,"s:279:19:279:58":113,"s:280:6:280:Infinity":114,"s:282:6:282:Infinity":115,"s:286:21:297:Infinity":116,"f:286:21:286:28":27,"s:287:4:297:Infinity":117,"s:288:52:292:8":118,"s:293:6:293:Infinity":119,"s:294:6:294:Infinity":120,"s:295:6:295:Infinity":121,"s:297:6:297:Infinity":122,"s:301:24:306:Infinity":123,"f:301:24:301:36":28,"s:302:4:306:Infinity":124,"s:303:19:303:56":125,"s:304:6:304:Infinity":126,"s:306:6:306:Infinity":127,"s:310:2:313:Infinity":128,"f:310:2:310:18":29,"s:311:4:311:Infinity":129,"s:312:4:312:Infinity":130,"s:315:2:321:Infinity":131,"f:315:2:315:18":30,"b:316:4:319:Infinity:undefined:undefined:undefined:undefined":23,"s:316:4:319:Infinity":132,"s:317:6:317:Infinity":133,"s:318:6:318:Infinity":134,"b:318:27:318:53:318:53:318:56":24,"s:319:6:319:Infinity":135,"b:319:29:319:57:319:57:319:60":25,"s:323:31:357:Infinity":136,"f:323:31:323:38":31,"s:324:4:324:Infinity":137,"b:325:4:326:Infinity:undefined:undefined:undefined:undefined":26,"s:325:4:326:Infinity":138,"s:326:6:326:Infinity":139,"s:329:24:332:Infinity":140,"f:329:34:329:Infinity":32,"s:331:8:332:48":141,"b:331:8:331:66:331:66:332:48":27,"b:332:9:332:20:332:20:332:28":28,"b:335:4:337:Infinity:undefined:undefined:undefined:undefined":29,"s:335:4:337:Infinity":142,"s:336:6:336:Infinity":143,"s:337:6:337:Infinity":144,"s:340:29:341:Infinity":145,"b:340:29:340:60:340:60:341:Infinity":30,"f:340:70:340:Infinity":33,"s:341:7:341:53":146,"b:341:14:341:25:341:25:341:33":31,"b:344:4:346:Infinity:undefined:undefined:undefined:undefined":32,"s:344:4:346:Infinity":147,"s:345:6:345:Infinity":148,"s:346:6:346:Infinity":149,"s:349:4:357:Infinity":150,"s:350:6:350:Infinity":151,"s:351:6:351:Infinity":152,"s:352:6:352:Infinity":153,"s:353:6:353:Infinity":154,"s:354:6:354:Infinity":155,"s:355:6:355:Infinity":156,"s:357:6:357:Infinity":157,"b:357:12:357:43:357:43:357:57":33,"s:361:8:370:Infinity":158,"f:361:8:361:40":34,"s:362:4:362:Infinity":159,"s:363:4:363:Infinity":160,"s:364:4:364:Infinity":161,"s:365:4:365:Infinity":162,"s:366:4:366:Infinity":163,"s:367:4:367:Infinity":164,"s:368:4:368:Infinity":165,"s:369:4:369:Infinity":166,"s:370:4:370:Infinity":167,"s:373:31:383:Infinity":168,"f:373:31:373:38":35,"s:374:4:374:Infinity":169,"s:375:4:375:Infinity":170,"s:376:4:376:Infinity":171,"s:377:4:377:Infinity":172,"s:378:4:378:Infinity":173,"s:379:4:379:Infinity":174,"s:380:4:380:Infinity":175,"b:380:25:380:43:380:43:380:46":34,"s:381:4:381:Infinity":176,"b:381:27:381:47:381:47:381:50":35,"s:382:4:382:Infinity":177,"s:383:4:383:Infinity":178,"s:386:8:388:Infinity":179,"f:386:8:386:35":36,"s:387:4:387:Infinity":180,"s:388:4:388:Infinity":181,"s:391:37:406:Infinity":182,"f:391:37:391:44":37,"s:392:4:392:Infinity":183,"b:393:4:394:Infinity:undefined:undefined:undefined:undefined":36,"s:393:4:394:Infinity":184,"s:394:6:394:Infinity":185,"s:397:4:406:Infinity":186,"s:398:6:402:Infinity":187,"s:403:6:403:Infinity":188,"s:404:6:404:Infinity":189,"s:406:6:406:Infinity":190,"b:406:12:406:43:406:43:406:57":37,"s:410:30:436:Infinity":191,"f:410:30:410:37":38,"s:411:4:411:Infinity":192,"b:412:4:414:Infinity:undefined:undefined:undefined:undefined":38,"s:412:4:414:Infinity":193,"s:413:6:413:Infinity":194,"s:414:6:414:Infinity":195,"s:416:19:416:40":196,"b:417:4:419:Infinity:undefined:undefined:undefined:undefined":39,"s:417:4:419:Infinity":197,"b:417:8:417:32:417:36:417:49":40,"s:418:6:418:Infinity":198,"s:419:6:419:Infinity":199,"s:421:4:436:Infinity":200,"s:422:6:429:Infinity":201,"s:430:6:430:Infinity":202,"s:431:6:431:Infinity":203,"s:432:6:432:Infinity":204,"s:433:6:433:Infinity":205,"s:434:6:434:Infinity":206,"s:436:6:436:Infinity":207,"b:436:12:436:43:436:43:436:57":41,"s:440:28:483:Infinity":208,"f:440:28:440:35":39,"s:441:4:441:Infinity":209,"b:442:4:444:Infinity:undefined:undefined:undefined:undefined":42,"s:442:4:444:Infinity":210,"s:443:6:443:Infinity":211,"s:444:6:444:Infinity":212,"b:446:4:448:Infinity:undefined:undefined:undefined:undefined":43,"s:446:4:448:Infinity":213,"s:447:6:447:Infinity":214,"s:448:6:448:Infinity":215,"s:450:21:450:42":216,"b:451:4:453:Infinity:undefined:undefined:undefined:undefined":44,"s:451:4:453:Infinity":217,"b:451:8:451:34:451:38:451:53":45,"s:452:6:452:Infinity":218,"s:453:6:453:Infinity":219,"s:455:17:455:Infinity":220,"b:455:29:455:46:455:49:455:Infinity":46,"b:456:4:458:Infinity:undefined:undefined:undefined:undefined":47,"s:456:4:458:Infinity":221,"b:456:8:456:30:456:34:456:44":48,"s:457:6:457:Infinity":222,"s:458:6:458:Infinity":223,"s:461:26:461:Infinity":224,"b:461:26:461:52:461:52:461:Infinity":49,"s:463:4:483:Infinity":225,"s:464:6:472:Infinity":226,"s:473:6:473:Infinity":227,"s:474:6:474:Infinity":228,"s:475:6:475:Infinity":229,"s:476:6:476:Infinity":230,"s:477:6:477:Infinity":231,"s:478:6:478:Infinity":232,"s:479:6:479:Infinity":233,"s:480:6:480:Infinity":234,"s:481:6:481:Infinity":235,"s:483:6:483:Infinity":236,"b:483:12:483:43:483:43:483:57":50,"s:487:28:496:Infinity":237,"f:487:28:487:35":40,"s:488:15:488:68":238,"b:489:4:489:Infinity:undefined:undefined:undefined:undefined":51,"s:489:4:489:Infinity":239,"s:489:13:489:Infinity":240,"s:490:4:496:Infinity":241,"s:491:6:491:Infinity":242,"s:492:6:492:Infinity":243,"s:493:6:493:Infinity":244,"s:494:6:494:Infinity":245,"s:496:6:496:Infinity":246,"b:496:12:496:43:496:43:496:57":52,"s:500:37:507:Infinity":247,"f:500:37:500:49":41,"s:501:4:507:Infinity":248,"s:502:6:502:Infinity":249,"s:503:6:503:Infinity":250,"s:505:6:505:Infinity":251,"s:507:6:507:Infinity":252,"s:511:42:527:Infinity":253,"f:511:42:511:54":42,"b:512:4:514:Infinity:undefined:undefined:undefined:undefined":53,"s:512:4:514:Infinity":254,"s:513:6:513:Infinity":255,"s:514:6:514:Infinity":256,"s:517:4:527:Infinity":257,"s:518:6:518:Infinity":258,"s:519:6:523:Infinity":259,"s:525:6:525:Infinity":260,"s:527:6:527:Infinity":261,"s:531:2:991:Infinity":262,"b:543:48:543:69:543:69:543:Infinity":54,"f:556:14:556:25":43,"s:556:33:556:73":263,"f:568:23:568:28":44,"s:569:14:590:Infinity":264,"b:571:77:571:90:571:90:571:Infinity":55,"f:572:16:572:31":45,"s:572:31:572:61":265,"b:576:43:576:61:576:61:576:71":56,"f:581:18:581:28":46,"s:582:20:582:Infinity":266,"s:583:32:583:Infinity":267,"b:583:32:583:75:583:75:583:Infinity":57,"s:584:20:584:Infinity":268,"f:603:14:603:29":47,"s:603:29:603:60":269,"f:610:39:610:44":48,"s:611:14:623:Infinity":270,"f:614:16:614:31":49,"s:615:35:615:74":271,"f:615:45:615:50":50,"s:615:55:615:74":272,"b:616:18:616:Infinity:undefined:undefined:undefined:undefined":58,"s:616:18:616:Infinity":273,"s:616:32:616:Infinity":274,"b:625:13:625:Infinity:626:14:629:Infinity":59,"b:635:12:647:Infinity:647:14:647:Infinity":60,"b:634:11:634:31:634:31:634:Infinity":61,"f:642:16:642:31":51,"s:642:31:642:86":275,"b:650:12:664:13:664:12:667:Infinity":62,"b:649:11:649:31:649:31:649:Infinity":63,"b:654:20:654:Infinity:655:20:655:Infinity":64,"f:690:27:690:32":52,"s:691:18:699:Infinity":276,"b:696:39:696:62:696:62:696:Infinity":65,"b:708:8:933:Infinity:933:10:933:Infinity":66,"b:707:7:707:30:707:30:707:Infinity":67,"f:709:46:709:56":53,"s:709:66:709:89":277,"b:722:49:722:70:722:70:722:Infinity":68,"f:746:20:746:31":54,"s:746:39:746:83":278,"b:759:20:764:21:764:20:766:Infinity":69,"b:767:20:771:Infinity:771:22:771:Infinity":70,"f:778:20:778:35":55,"s:778:35:778:96":279,"b:778:74:778:94:778:94:778:96":71,"f:816:18:816:29":56,"s:816:39:816:80":280,"f:858:20:858:31":57,"s:858:41:858:76":281,"f:889:29:889:34":58,"s:890:22:915:Infinity":282,"b:895:28:896:Infinity:896:30:896:Infinity":72,"b:900:40:900:Infinity:900:89:900:Infinity":73,"b:903:29:903:43:903:43:903:52":74,"b:905:29:905:43:905:43:905:51":75,"f:910:28:910:43":59,"s:910:43:910:70":283,"b:936:8:991:Infinity:991:10:991:Infinity":76,"f:936:40:936:55":60,"s:936:55:936:87":284,"f:937:46:937:56":61,"s:937:62:937:81":285,"f:940:62:940:77":62,"s:940:77:940:109":286,"f:955:21:955:25":63,"s:955:31:955:89":287,"b:955:48:955:84:955:84:955:87":77,"f:956:21:956:27":64,"s:956:36:956:58":288,"f:957:21:957:25":65,"s:958:22:979:Infinity":289,"b:960:29:960:40:960:40:960:49":78,"b:961:29:961:42:961:42:961:51":79,"b:963:49:963:74:963:74:963:Infinity":80,"b:963:90:963:115:963:115:963:Infinity":81,"b:966:80:966:90:966:90:966:Infinity":82,"b:966:106:966:115:966:115:966:Infinity":83,"f:971:28:971:43":66,"s:972:30:972:Infinity":290,"s:973:30:973:Infinity":291,"b:981:19:981:Infinity:982:20:986:Infinity":84}}}
}
