<?xml version="1.0" encoding="UTF-8"?>
<coverage generated="1778650671249" clover="3.2.0">
  <project timestamp="1778650671249" name="All files">
    <metrics statements="540" coveredstatements="153" conditionals="283" coveredconditionals="20" methods="106" coveredmethods="13" elements="929" coveredelements="186" complexity="0" loc="540" ncloc="540" packages="1" files="4" classes="4"/>
    <file name="db.ts" path="D:\khata-app\src\db.ts">
      <metrics statements="40" coveredstatements="24" conditionals="2" coveredconditionals="1" methods="19" coveredmethods="3"/>
      <line num="25" count="1" type="stmt"/>
      <line num="26" count="1" type="cond" truecount="1" falsecount="1"/>
      <line num="28" count="1" type="stmt"/>
      <line num="29" count="1" type="stmt"/>
      <line num="32" count="1" type="stmt"/>
      <line num="33" count="0" type="stmt"/>
      <line num="36" count="1" type="stmt"/>
      <line num="37" count="0" type="stmt"/>
      <line num="40" count="1" type="stmt"/>
      <line num="41" count="1" type="stmt"/>
      <line num="44" count="1" type="stmt"/>
      <line num="45" count="1" type="stmt"/>
      <line num="48" count="1" type="stmt"/>
      <line num="49" count="0" type="stmt"/>
      <line num="52" count="1" type="stmt"/>
      <line num="53" count="0" type="stmt"/>
      <line num="56" count="1" type="stmt"/>
      <line num="57" count="0" type="stmt"/>
      <line num="60" count="1" type="stmt"/>
      <line num="61" count="0" type="stmt"/>
      <line num="64" count="1" type="stmt"/>
      <line num="65" count="0" type="stmt"/>
      <line num="68" count="1" type="stmt"/>
      <line num="69" count="0" type="stmt"/>
      <line num="72" count="1" type="stmt"/>
      <line num="73" count="0" type="stmt"/>
      <line num="76" count="1" type="stmt"/>
      <line num="77" count="0" type="stmt"/>
      <line num="80" count="1" type="stmt"/>
      <line num="81" count="0" type="stmt"/>
      <line num="84" count="1" type="stmt"/>
      <line num="85" count="0" type="stmt"/>
      <line num="88" count="1" type="stmt"/>
      <line num="89" count="0" type="stmt"/>
      <line num="92" count="1" type="stmt"/>
      <line num="93" count="0" type="stmt"/>
      <line num="96" count="1" type="stmt"/>
      <line num="97" count="0" type="stmt"/>
      <line num="100" count="1" type="stmt"/>
      <line num="101" count="0" type="stmt"/>
    </file>
    <file name="postgresDb.ts" path="D:\khata-app\src\postgresDb.ts">
      <metrics statements="234" coveredstatements="34" conditionals="139" coveredconditionals="0" methods="38" coveredmethods="0"/>
      <line num="21" count="1" type="stmt"/>
      <line num="31" count="1" type="stmt"/>
      <line num="43" count="1" type="stmt"/>
      <line num="123" count="1" type="stmt"/>
      <line num="124" count="1" type="stmt"/>
      <line num="126" count="1" type="stmt"/>
      <line num="127" count="0" type="cond" truecount="0" falsecount="2"/>
      <line num="128" count="0" type="stmt"/>
      <line num="132" count="0" type="stmt"/>
      <line num="133" count="0" type="cond" truecount="0" falsecount="2"/>
      <line num="134" count="0" type="stmt"/>
      <line num="137" count="0" type="stmt"/>
      <line num="147" count="0" type="stmt"/>
      <line num="150" count="1" type="stmt"/>
      <line num="151" count="0" type="cond" truecount="0" falsecount="2"/>
      <line num="154" count="1" type="stmt"/>
      <line num="161" count="0" type="stmt"/>
      <line num="166" count="1" type="stmt"/>
      <line num="171" count="0" type="stmt"/>
      <line num="176" count="1" type="stmt"/>
      <line num="182" count="0" type="stmt"/>
      <line num="187" count="1" type="stmt"/>
      <line num="198" count="0" type="stmt"/>
      <line num="203" count="1" type="stmt"/>
      <line num="217" count="0" type="stmt"/>
      <line num="222" count="1" type="stmt"/>
      <line num="230" count="0" type="stmt"/>
      <line num="235" count="1" type="stmt"/>
      <line num="242" count="0" type="stmt"/>
      <line num="248" count="1" type="stmt"/>
      <line num="249" count="0" type="stmt"/>
      <line num="250" count="0" type="stmt"/>
      <line num="254" count="0" type="cond" truecount="0" falsecount="4"/>
      <line num="255" count="0" type="stmt"/>
      <line num="258" count="0" type="stmt"/>
      <line num="259" count="0" type="stmt"/>
      <line num="265" count="0" type="stmt"/>
      <line num="268" count="0" type="stmt"/>
      <line num="270" count="0" type="stmt"/>
      <line num="271" count="0" type="stmt"/>
      <line num="272" count="0" type="cond" truecount="0" falsecount="2"/>
      <line num="273" count="0" type="stmt"/>
      <line num="275" count="0" type="stmt"/>
      <line num="281" count="0" type="stmt"/>
      <line num="284" count="0" type="stmt"/>
      <line num="286" count="0" type="stmt"/>
      <line num="287" count="0" type="stmt"/>
      <line num="288" count="0" type="stmt"/>
      <line num="289" count="0" type="cond" truecount="0" falsecount="4"/>
      <line num="290" count="0" type="stmt"/>
      <line num="292" count="0" type="stmt"/>
      <line num="299" count="1" type="stmt"/>
      <line num="300" count="0" type="cond" truecount="0" falsecount="2"/>
      <line num="301" count="0" type="stmt"/>
      <line num="304" count="0" type="stmt"/>
      <line num="305" count="0" type="stmt"/>
      <line num="307" count="0" type="stmt"/>
      <line num="385" count="0" type="stmt"/>
      <line num="386" count="0" type="cond" truecount="0" falsecount="2"/>
      <line num="387" count="0" type="stmt"/>
      <line num="393" count="0" type="stmt"/>
      <line num="417" count="0" type="stmt"/>
      <line num="426" count="0" type="stmt"/>
      <line num="429" count="0" type="stmt"/>
      <line num="433" count="1" type="stmt"/>
      <line num="439" count="0" type="stmt"/>
      <line num="440" count="0" type="stmt"/>
      <line num="444" count="0" type="stmt"/>
      <line num="447" count="1" type="stmt"/>
      <line num="448" count="0" type="stmt"/>
      <line num="449" count="0" type="stmt"/>
      <line num="450" count="0" type="stmt"/>
      <line num="453" count="1" type="stmt"/>
      <line num="454" count="0" type="stmt"/>
      <line num="455" count="0" type="stmt"/>
      <line num="459" count="0" type="stmt"/>
      <line num="462" count="1" type="stmt"/>
      <line num="463" count="0" type="stmt"/>
      <line num="464" count="0" type="stmt"/>
      <line num="465" count="0" type="cond" truecount="0" falsecount="2"/>
      <line num="466" count="0" type="stmt"/>
      <line num="469" count="0" type="stmt"/>
      <line num="474" count="0" type="stmt"/>
      <line num="475" count="0" type="stmt"/>
      <line num="482" count="0" type="stmt"/>
      <line num="485" count="1" type="stmt"/>
      <line num="488" count="0" type="stmt"/>
      <line num="489" count="0" type="stmt"/>
      <line num="490" count="0" type="cond" truecount="0" falsecount="2"/>
      <line num="491" count="0" type="stmt"/>
      <line num="494" count="0" type="stmt"/>
      <line num="499" count="0" type="cond" truecount="0" falsecount="2"/>
      <line num="500" count="0" type="stmt"/>
      <line num="503" count="0" type="stmt"/>
      <line num="504" count="0" type="stmt"/>
      <line num="511" count="0" type="stmt"/>
      <line num="514" count="1" type="stmt"/>
      <line num="517" count="0" type="stmt"/>
      <line num="518" count="0" type="stmt"/>
      <line num="519" count="0" type="cond" truecount="0" falsecount="2"/>
      <line num="520" count="0" type="stmt"/>
      <line num="522" count="0" type="cond" truecount="0" falsecount="4"/>
      <line num="523" count="0" type="stmt"/>
      <line num="526" count="0" type="cond" truecount="0" falsecount="4"/>
      <line num="527" count="0" type="stmt"/>
      <line num="529" count="0" type="stmt"/>
      <line num="531" count="0" type="stmt"/>
      <line num="532" count="0" type="stmt"/>
      <line num="534" count="0" type="cond" truecount="0" falsecount="4"/>
      <line num="535" count="0" type="stmt"/>
      <line num="540" count="0" type="stmt"/>
      <line num="541" count="0" type="cond" truecount="0" falsecount="2"/>
      <line num="542" count="0" type="stmt"/>
      <line num="544" count="0" type="cond" truecount="0" falsecount="2"/>
      <line num="545" count="0" type="stmt"/>
      <line num="547" count="0" type="cond" truecount="0" falsecount="2"/>
      <line num="548" count="0" type="stmt"/>
      <line num="553" count="0" type="stmt"/>
      <line num="559" count="0" type="stmt"/>
      <line num="592" count="0" type="stmt"/>
      <line num="594" count="0" type="stmt"/>
      <line num="597" count="0" type="stmt"/>
      <line num="604" count="0" type="stmt"/>
      <line num="606" count="0" type="stmt"/>
      <line num="607" count="0" type="stmt"/>
      <line num="609" count="0" type="stmt"/>
      <line num="613" count="1" type="stmt"/>
      <line num="614" count="0" type="stmt"/>
      <line num="615" count="0" type="stmt"/>
      <line num="619" count="0" type="stmt"/>
      <line num="620" count="0" type="stmt"/>
      <line num="624" count="1" type="stmt"/>
      <line num="625" count="0" type="stmt"/>
      <line num="626" count="0" type="stmt"/>
      <line num="630" count="0" type="stmt"/>
      <line num="633" count="1" type="stmt"/>
      <line num="634" count="0" type="stmt"/>
      <line num="635" count="0" type="stmt"/>
      <line num="636" count="0" type="cond" truecount="0" falsecount="2"/>
      <line num="637" count="0" type="stmt"/>
      <line num="640" count="0" type="stmt"/>
      <line num="644" count="0" type="stmt"/>
      <line num="645" count="0" type="stmt"/>
      <line num="652" count="0" type="stmt"/>
      <line num="655" count="1" type="stmt"/>
      <line num="656" count="0" type="stmt"/>
      <line num="657" count="0" type="cond" truecount="0" falsecount="2"/>
      <line num="667" count="0" type="stmt"/>
      <line num="670" count="1" type="stmt"/>
      <line num="671" count="0" type="stmt"/>
      <line num="672" count="0" type="stmt"/>
      <line num="673" count="0" type="cond" truecount="0" falsecount="2"/>
      <line num="674" count="0" type="stmt"/>
      <line num="676" count="0" type="cond" truecount="0" falsecount="2"/>
      <line num="677" count="0" type="stmt"/>
      <line num="680" count="0" type="stmt"/>
      <line num="684" count="0" type="stmt"/>
      <line num="685" count="0" type="stmt"/>
      <line num="692" count="0" type="stmt"/>
      <line num="695" count="1" type="stmt"/>
      <line num="696" count="0" type="stmt"/>
      <line num="698" count="0" type="stmt"/>
      <line num="699" count="0" type="stmt"/>
      <line num="701" count="0" type="cond" truecount="0" falsecount="2"/>
      <line num="702" count="0" type="stmt"/>
      <line num="703" count="0" type="stmt"/>
      <line num="704" count="0" type="cond" truecount="0" falsecount="2"/>
      <line num="705" count="0" type="stmt"/>
      <line num="706" count="0" type="stmt"/>
      <line num="709" count="0" type="stmt"/>
      <line num="711" count="0" type="stmt"/>
      <line num="712" count="0" type="stmt"/>
      <line num="715" count="1" type="stmt"/>
      <line num="716" count="0" type="stmt"/>
      <line num="717" count="0" type="stmt"/>
      <line num="718" count="0" type="cond" truecount="0" falsecount="2"/>
      <line num="719" count="0" type="stmt"/>
      <line num="721" count="0" type="cond" truecount="0" falsecount="4"/>
      <line num="722" count="0" type="stmt"/>
      <line num="725" count="0" type="cond" truecount="0" falsecount="2"/>
      <line num="726" count="0" type="stmt"/>
      <line num="745" count="0" type="cond" truecount="0" falsecount="2"/>
      <line num="746" count="0" type="stmt"/>
      <line num="749" count="0" type="stmt"/>
      <line num="750" count="0" type="stmt"/>
      <line num="757" count="0" type="stmt"/>
      <line num="760" count="0" type="stmt"/>
      <line num="777" count="0" type="stmt"/>
      <line num="778" count="0" type="stmt"/>
      <line num="785" count="0" type="stmt"/>
      <line num="788" count="1" type="stmt"/>
      <line num="789" count="0" type="stmt"/>
      <line num="790" count="0" type="stmt"/>
      <line num="794" count="0" type="stmt"/>
      <line num="795" count="0" type="stmt"/>
      <line num="796" count="0" type="cond" truecount="0" falsecount="2"/>
      <line num="797" count="0" type="stmt"/>
      <line num="807" count="1" type="stmt"/>
      <line num="808" count="0" type="stmt"/>
      <line num="809" count="0" type="stmt"/>
      <line num="813" count="0" type="stmt"/>
      <line num="814" count="0" type="stmt"/>
      <line num="815" count="0" type="cond" truecount="0" falsecount="2"/>
      <line num="816" count="0" type="stmt"/>
      <line num="826" count="1" type="cond" truecount="0" falsecount="1"/>
      <line num="827" count="0" type="stmt"/>
      <line num="828" count="0" type="stmt"/>
      <line num="832" count="0" type="stmt"/>
      <line num="835" count="1" type="stmt"/>
      <line num="839" count="0" type="stmt"/>
      <line num="840" count="0" type="stmt"/>
      <line num="854" count="0" type="stmt"/>
      <line num="855" count="0" type="cond" truecount="0" falsecount="2"/>
      <line num="856" count="0" type="cond" truecount="0" falsecount="2"/>
      <line num="857" count="0" type="stmt"/>
      <line num="864" count="1" type="stmt"/>
      <line num="865" count="0" type="stmt"/>
      <line num="866" count="0" type="stmt"/>
      <line num="879" count="0" type="stmt"/>
      <line num="880" count="0" type="stmt"/>
      <line num="888" count="0" type="stmt"/>
      <line num="889" count="0" type="stmt"/>
      <line num="890" count="0" type="stmt"/>
      <line num="891" count="0" type="cond" truecount="0" falsecount="2"/>
      <line num="893" count="0" type="cond" truecount="0" falsecount="2"/>
      <line num="894" count="0" type="stmt"/>
      <line num="895" count="0" type="cond" truecount="0" falsecount="2"/>
      <line num="896" count="0" type="stmt"/>
      <line num="897" count="0" type="cond" truecount="0" falsecount="2"/>
      <line num="898" count="0" type="stmt"/>
      <line num="899" count="0" type="cond" truecount="0" falsecount="2"/>
      <line num="900" count="0" type="stmt"/>
      <line num="902" count="0" type="stmt"/>
      <line num="906" count="0" type="stmt"/>
    </file>
    <file name="server.ts" path="D:\khata-app\src\server.ts">
      <metrics statements="98" coveredstatements="35" conditionals="59" coveredconditionals="9" methods="21" coveredmethods="3"/>
      <line num="29" count="1" type="stmt"/>
      <line num="30" count="0" type="cond" truecount="0" falsecount="4"/>
      <line num="31" count="0" type="cond" truecount="0" falsecount="5"/>
      <line num="33" count="0" type="stmt"/>
      <line num="35" count="0" type="stmt"/>
      <line num="38" count="1" type="stmt"/>
      <line num="39" count="1" type="cond" truecount="2" falsecount="0"/>
      <line num="40" count="1" type="stmt"/>
      <line num="51" count="1" type="stmt"/>
      <line num="52" count="1" type="stmt"/>
      <line num="53" count="1" type="stmt"/>
      <line num="56" count="2" type="cond" truecount="2" falsecount="2"/>
      <line num="57" count="2" type="stmt"/>
      <line num="58" count="2" type="stmt"/>
      <line num="60" count="0" type="stmt"/>
      <line num="68" count="1" type="stmt"/>
      <line num="69" count="1" type="stmt"/>
      <line num="70" count="1" type="stmt"/>
      <line num="71" count="1" type="cond" truecount="1" falsecount="1"/>
      <line num="72" count="0" type="stmt"/>
      <line num="74" count="1" type="stmt"/>
      <line num="80" count="1" type="stmt"/>
      <line num="82" count="0" type="stmt"/>
      <line num="87" count="1" type="stmt"/>
      <line num="89" count="1" type="stmt"/>
      <line num="90" count="1" type="stmt"/>
      <line num="92" count="1" type="stmt"/>
      <line num="93" count="0" type="stmt"/>
      <line num="94" count="0" type="stmt"/>
      <line num="95" count="0" type="cond" truecount="0" falsecount="6"/>
      <line num="96" count="0" type="stmt"/>
      <line num="99" count="0" type="stmt"/>
      <line num="100" count="0" type="cond" truecount="0" falsecount="2"/>
      <line num="101" count="0" type="stmt"/>
      <line num="104" count="0" type="stmt"/>
      <line num="105" count="0" type="stmt"/>
      <line num="107" count="0" type="stmt"/>
      <line num="109" count="0" type="stmt"/>
      <line num="114" count="1" type="stmt"/>
      <line num="116" count="0" type="stmt"/>
      <line num="117" count="0" type="stmt"/>
      <line num="118" count="0" type="stmt"/>
      <line num="125" count="0" type="stmt"/>
      <line num="127" count="0" type="stmt"/>
      <line num="131" count="1" type="stmt"/>
      <line num="133" count="0" type="stmt"/>
      <line num="134" count="0" type="stmt"/>
      <line num="137" count="1" type="stmt"/>
      <line num="139" count="0" type="stmt"/>
      <line num="140" count="0" type="stmt"/>
      <line num="141" count="0" type="stmt"/>
      <line num="153" count="0" type="stmt"/>
      <line num="155" count="0" type="stmt"/>
      <line num="159" count="1" type="stmt"/>
      <line num="161" count="0" type="stmt"/>
      <line num="162" count="0" type="stmt"/>
      <line num="163" count="0" type="stmt"/>
      <line num="165" count="0" type="stmt"/>
      <line num="169" count="1" type="stmt"/>
      <line num="171" count="0" type="stmt"/>
      <line num="174" count="1" type="stmt"/>
      <line num="176" count="0" type="stmt"/>
      <line num="179" count="1" type="stmt"/>
      <line num="181" count="0" type="cond" truecount="0" falsecount="2"/>
      <line num="182" count="0" type="stmt"/>
      <line num="186" count="1" type="stmt"/>
      <line num="188" count="0" type="stmt"/>
      <line num="189" count="0" type="stmt"/>
      <line num="191" count="0" type="stmt"/>
      <line num="192" count="0" type="stmt"/>
      <line num="196" count="0" type="stmt"/>
      <line num="197" count="0" type="stmt"/>
      <line num="198" count="0" type="stmt"/>
      <line num="201" count="0" type="stmt"/>
      <line num="202" count="0" type="stmt"/>
      <line num="203" count="0" type="stmt"/>
      <line num="206" count="1" type="stmt"/>
      <line num="208" count="0" type="stmt"/>
      <line num="209" count="0" type="stmt"/>
      <line num="211" count="0" type="stmt"/>
      <line num="212" count="0" type="stmt"/>
      <line num="213" count="0" type="cond" truecount="0" falsecount="2"/>
      <line num="216" count="0" type="stmt"/>
      <line num="217" count="0" type="stmt"/>
      <line num="218" count="0" type="stmt"/>
      <line num="222" count="1" type="stmt"/>
      <line num="225" count="1" type="cond" truecount="1" falsecount="1"/>
      <line num="226" count="1" type="stmt"/>
      <line num="227" count="0" type="stmt"/>
      <line num="232" count="1" type="stmt"/>
      <line num="233" count="0" type="cond" truecount="0" falsecount="2"/>
      <line num="234" count="0" type="stmt"/>
      <line num="239" count="0" type="stmt"/>
      <line num="246" count="1" type="stmt"/>
      <line num="248" count="1" type="cond" truecount="1" falsecount="1"/>
      <line num="249" count="0" type="stmt"/>
      <line num="250" count="0" type="stmt"/>
      <line num="251" count="0" type="stmt"/>
    </file>
    <file name="sqliteDb.ts" path="D:\khata-app\src\sqliteDb.ts">
      <metrics statements="168" coveredstatements="60" conditionals="83" coveredconditionals="10" methods="28" coveredmethods="7"/>
      <line num="25" count="1" type="stmt"/>
      <line num="27" count="1" type="stmt"/>
      <line num="28" count="4" type="cond" truecount="2" falsecount="0"/>
      <line num="29" count="3" type="stmt"/>
      <line num="32" count="1" type="cond" truecount="2" falsecount="0"/>
      <line num="33" count="4" type="stmt"/>
      <line num="34" count="4" type="stmt"/>
      <line num="35" count="4" type="stmt"/>
      <line num="36" count="4" type="stmt"/>
      <line num="38" count="4" type="stmt"/>
      <line num="122" count="4" type="stmt"/>
      <line num="123" count="12" type="stmt"/>
      <line num="126" count="100" type="cond" truecount="1" falsecount="1"/>
      <line num="127" count="0" type="stmt"/>
      <line num="131" count="4" type="stmt"/>
      <line num="132" count="4" type="stmt"/>
      <line num="133" count="4" type="stmt"/>
      <line num="134" count="4" type="stmt"/>
      <line num="135" count="4" type="stmt"/>
      <line num="136" count="4" type="stmt"/>
      <line num="138" count="4" type="stmt"/>
      <line num="139" count="4" type="stmt"/>
      <line num="140" count="4" type="stmt"/>
      <line num="141" count="4" type="stmt"/>
      <line num="142" count="4" type="stmt"/>
      <line num="143" count="4" type="stmt"/>
      <line num="146" count="4" type="stmt"/>
      <line num="147" count="4" type="cond" truecount="1" falsecount="1"/>
      <line num="148" count="0" type="stmt"/>
      <line num="152" count="1" type="stmt"/>
      <line num="155" count="1" type="stmt"/>
      <line num="156" count="1" type="stmt"/>
      <line num="160" count="1" type="stmt"/>
      <line num="161" count="0" type="stmt"/>
      <line num="162" count="0" type="stmt"/>
      <line num="168" count="0" type="stmt"/>
      <line num="171" count="1" type="stmt"/>
      <line num="172" count="0" type="stmt"/>
      <line num="173" count="0" type="stmt"/>
      <line num="176" count="1" type="stmt"/>
      <line num="183" count="1" type="stmt"/>
      <line num="184" count="1" type="stmt"/>
      <line num="191" count="1" type="stmt"/>
      <line num="192" count="1" type="stmt"/>
      <line num="193" count="1" type="stmt"/>
      <line num="198" count="1" type="stmt"/>
      <line num="199" count="1" type="stmt"/>
      <line num="200" count="1" type="stmt"/>
      <line num="202" count="1" type="cond" truecount="1" falsecount="1"/>
      <line num="203" count="0" type="stmt"/>
      <line num="206" count="1" type="stmt"/>
      <line num="210" count="1" type="stmt"/>
      <line num="214" count="1" type="stmt"/>
      <line num="222" count="1" type="stmt"/>
      <line num="225" count="1" type="stmt"/>
      <line num="226" count="0" type="stmt"/>
      <line num="227" count="0" type="stmt"/>
      <line num="228" count="0" type="cond" truecount="0" falsecount="2"/>
      <line num="229" count="0" type="stmt"/>
      <line num="232" count="0" type="stmt"/>
      <line num="236" count="0" type="cond" truecount="0" falsecount="2"/>
      <line num="237" count="0" type="stmt"/>
      <line num="240" count="0" type="stmt"/>
      <line num="244" count="0" type="stmt"/>
      <line num="252" count="0" type="stmt"/>
      <line num="255" count="1" type="stmt"/>
      <line num="256" count="0" type="stmt"/>
      <line num="257" count="0" type="stmt"/>
      <line num="258" count="0" type="cond" truecount="0" falsecount="2"/>
      <line num="259" count="0" type="stmt"/>
      <line num="261" count="0" type="cond" truecount="0" falsecount="4"/>
      <line num="262" count="0" type="stmt"/>
      <line num="265" count="0" type="cond" truecount="0" falsecount="4"/>
      <line num="266" count="0" type="stmt"/>
      <line num="268" count="0" type="stmt"/>
      <line num="269" count="0" type="stmt"/>
      <line num="287" count="0" type="stmt"/>
      <line num="292" count="0" type="stmt"/>
      <line num="300" count="0" type="stmt"/>
      <line num="303" count="1" type="stmt"/>
      <line num="304" count="0" type="stmt"/>
      <line num="305" count="0" type="stmt"/>
      <line num="312" count="1" type="stmt"/>
      <line num="313" count="0" type="stmt"/>
      <line num="314" count="0" type="stmt"/>
      <line num="319" count="1" type="stmt"/>
      <line num="320" count="0" type="stmt"/>
      <line num="321" count="0" type="stmt"/>
      <line num="322" count="0" type="cond" truecount="0" falsecount="2"/>
      <line num="323" count="0" type="stmt"/>
      <line num="325" count="0" type="stmt"/>
      <line num="329" count="0" type="stmt"/>
      <line num="333" count="0" type="stmt"/>
      <line num="341" count="0" type="stmt"/>
      <line num="344" count="1" type="stmt"/>
      <line num="345" count="0" type="stmt"/>
      <line num="346" count="0" type="stmt"/>
      <line num="347" count="0" type="stmt"/>
      <line num="348" count="0" type="cond" truecount="0" falsecount="2"/>
      <line num="349" count="0" type="stmt"/>
      <line num="350" count="0" type="stmt"/>
      <line num="352" count="0" type="stmt"/>
      <line num="353" count="0" type="stmt"/>
      <line num="356" count="1" type="stmt"/>
      <line num="357" count="0" type="stmt"/>
      <line num="358" count="0" type="stmt"/>
      <line num="362" count="0" type="stmt"/>
      <line num="365" count="1" type="stmt"/>
      <line num="366" count="0" type="stmt"/>
      <line num="367" count="0" type="stmt"/>
      <line num="368" count="0" type="stmt"/>
      <line num="369" count="0" type="cond" truecount="0" falsecount="2"/>
      <line num="370" count="0" type="stmt"/>
      <line num="371" count="0" type="stmt"/>
      <line num="373" count="0" type="cond" truecount="0" falsecount="2"/>
      <line num="374" count="0" type="stmt"/>
      <line num="375" count="0" type="stmt"/>
      <line num="377" count="0" type="stmt"/>
      <line num="378" count="0" type="stmt"/>
      <line num="381" count="1" type="stmt"/>
      <line num="382" count="0" type="stmt"/>
      <line num="383" count="0" type="stmt"/>
      <line num="397" count="0" type="stmt"/>
      <line num="400" count="1" type="stmt"/>
      <line num="401" count="0" type="stmt"/>
      <line num="402" count="0" type="stmt"/>
      <line num="406" count="0" type="cond" truecount="0" falsecount="2"/>
      <line num="407" count="0" type="stmt"/>
      <line num="410" count="0" type="stmt"/>
      <line num="412" count="0" type="stmt"/>
      <line num="421" count="1" type="stmt"/>
      <line num="422" count="0" type="stmt"/>
      <line num="423" count="0" type="stmt"/>
      <line num="427" count="0" type="cond" truecount="0" falsecount="2"/>
      <line num="428" count="0" type="stmt"/>
      <line num="431" count="0" type="stmt"/>
      <line num="433" count="0" type="stmt"/>
      <line num="442" count="1" type="cond" truecount="0" falsecount="1"/>
      <line num="443" count="0" type="stmt"/>
      <line num="444" count="0" type="stmt"/>
      <line num="449" count="1" type="stmt"/>
      <line num="450" count="0" type="stmt"/>
      <line num="451" count="0" type="stmt"/>
      <line num="460" count="0" type="cond" truecount="0" falsecount="2"/>
      <line num="461" count="0" type="cond" truecount="0" falsecount="2"/>
      <line num="463" count="0" type="stmt"/>
      <line num="470" count="1" type="stmt"/>
      <line num="471" count="0" type="stmt"/>
      <line num="472" count="0" type="stmt"/>
      <line num="483" count="0" type="stmt"/>
      <line num="484" count="0" type="stmt"/>
      <line num="486" count="0" type="stmt"/>
      <line num="487" count="0" type="cond" truecount="0" falsecount="2"/>
      <line num="488" count="0" type="stmt"/>
      <line num="491" count="0" type="cond" truecount="0" falsecount="2"/>
      <line num="493" count="0" type="stmt"/>
      <line num="494" count="0" type="stmt"/>
      <line num="495" count="0" type="stmt"/>
      <line num="496" count="0" type="stmt"/>
      <line num="498" count="0" type="cond" truecount="0" falsecount="2"/>
      <line num="499" count="0" type="stmt"/>
      <line num="500" count="0" type="cond" truecount="0" falsecount="2"/>
      <line num="501" count="0" type="cond" truecount="0" falsecount="2"/>
      <line num="502" count="0" type="cond" truecount="0" falsecount="2"/>
      <line num="503" count="0" type="cond" truecount="0" falsecount="2"/>
      <line num="504" count="0" type="stmt"/>
      <line num="505" count="0" type="stmt"/>
      <line num="508" count="0" type="stmt"/>
    </file>
  </project>
</coverage>
