{"D:\\khata-app\\src\\db.ts": {"path":"D:\\khata-app\\src\\db.ts","statementMap":{"0":{"start":{"line":25,"column":20},"end":{"line":25,"column":null}},"1":{"start":{"line":26,"column":11},"end":{"line":26,"column":null}},"2":{"start":{"line":28,"column":22},"end":{"line":29,"column":null}},"3":{"start":{"line":29,"column":2},"end":{"line":29,"column":null}},"4":{"start":{"line":32,"column":23},"end":{"line":33,"column":null}},"5":{"start":{"line":33,"column":2},"end":{"line":33,"column":null}},"6":{"start":{"line":36,"column":31},"end":{"line":37,"column":null}},"7":{"start":{"line":37,"column":2},"end":{"line":37,"column":null}},"8":{"start":{"line":40,"column":29},"end":{"line":41,"column":null}},"9":{"start":{"line":41,"column":2},"end":{"line":41,"column":null}},"10":{"start":{"line":44,"column":27},"end":{"line":45,"column":null}},"11":{"start":{"line":45,"column":2},"end":{"line":45,"column":null}},"12":{"start":{"line":48,"column":30},"end":{"line":49,"column":null}},"13":{"start":{"line":49,"column":2},"end":{"line":49,"column":null}},"14":{"start":{"line":52,"column":30},"end":{"line":53,"column":null}},"15":{"start":{"line":53,"column":2},"end":{"line":53,"column":null}},"16":{"start":{"line":56,"column":32},"end":{"line":57,"column":null}},"17":{"start":{"line":57,"column":2},"end":{"line":57,"column":null}},"18":{"start":{"line":60,"column":30},"end":{"line":61,"column":null}},"19":{"start":{"line":61,"column":2},"end":{"line":61,"column":null}},"20":{"start":{"line":64,"column":27},"end":{"line":65,"column":null}},"21":{"start":{"line":65,"column":2},"end":{"line":65,"column":null}},"22":{"start":{"line":68,"column":26},"end":{"line":69,"column":null}},"23":{"start":{"line":69,"column":2},"end":{"line":69,"column":null}},"24":{"start":{"line":72,"column":24},"end":{"line":73,"column":null}},"25":{"start":{"line":73,"column":2},"end":{"line":73,"column":null}},"26":{"start":{"line":76,"column":27},"end":{"line":77,"column":null}},"27":{"start":{"line":77,"column":2},"end":{"line":77,"column":null}},"28":{"start":{"line":80,"column":23},"end":{"line":81,"column":null}},"29":{"start":{"line":81,"column":2},"end":{"line":81,"column":null}},"30":{"start":{"line":84,"column":26},"end":{"line":85,"column":null}},"31":{"start":{"line":85,"column":2},"end":{"line":85,"column":null}},"32":{"start":{"line":88,"column":33},"end":{"line":89,"column":null}},"33":{"start":{"line":89,"column":2},"end":{"line":89,"column":null}},"34":{"start":{"line":92,"column":29},"end":{"line":93,"column":null}},"35":{"start":{"line":93,"column":2},"end":{"line":93,"column":null}},"36":{"start":{"line":96,"column":34},"end":{"line":97,"column":null}},"37":{"start":{"line":97,"column":2},"end":{"line":97,"column":null}},"38":{"start":{"line":100,"column":30},"end":{"line":101,"column":null}},"39":{"start":{"line":101,"column":2},"end":{"line":101,"column":null}}},"fnMap":{"0":{"name":"(anonymous_0)","decl":{"start":{"line":28,"column":22},"end":{"line":28,"column":49}},"loc":{"start":{"line":28,"column":49},"end":{"line":29,"column":null}},"line":28},"1":{"name":"(anonymous_1)","decl":{"start":{"line":32,"column":23},"end":{"line":32,"column":30}},"loc":{"start":{"line":32,"column":73},"end":{"line":33,"column":null}},"line":32},"2":{"name":"(anonymous_2)","decl":{"start":{"line":36,"column":31},"end":{"line":36,"column":38}},"loc":{"start":{"line":36,"column":89},"end":{"line":37,"column":null}},"line":36},"3":{"name":"(anonymous_3)","decl":{"start":{"line":40,"column":29},"end":{"line":40,"column":36}},"loc":{"start":{"line":40,"column":85},"end":{"line":41,"column":null}},"line":40},"4":{"name":"(anonymous_4)","decl":{"start":{"line":44,"column":27},"end":{"line":44,"column":34}},"loc":{"start":{"line":44,"column":81},"end":{"line":45,"column":null}},"line":44},"5":{"name":"(anonymous_5)","decl":{"start":{"line":48,"column":30},"end":{"line":48,"column":37}},"loc":{"start":{"line":48,"column":87},"end":{"line":49,"column":null}},"line":48},"6":{"name":"(anonymous_6)","decl":{"start":{"line":52,"column":30},"end":{"line":52,"column":37}},"loc":{"start":{"line":52,"column":87},"end":{"line":53,"column":null}},"line":52},"7":{"name":"(anonymous_7)","decl":{"start":{"line":56,"column":32},"end":{"line":56,"column":39}},"loc":{"start":{"line":56,"column":91},"end":{"line":57,"column":null}},"line":56},"8":{"name":"(anonymous_8)","decl":{"start":{"line":60,"column":30},"end":{"line":60,"column":37}},"loc":{"start":{"line":60,"column":87},"end":{"line":61,"column":null}},"line":60},"9":{"name":"(anonymous_9)","decl":{"start":{"line":64,"column":27},"end":{"line":64,"column":34}},"loc":{"start":{"line":64,"column":81},"end":{"line":65,"column":null}},"line":64},"10":{"name":"(anonymous_10)","decl":{"start":{"line":68,"column":26},"end":{"line":68,"column":33}},"loc":{"start":{"line":68,"column":79},"end":{"line":69,"column":null}},"line":68},"11":{"name":"(anonymous_11)","decl":{"start":{"line":72,"column":24},"end":{"line":72,"column":31}},"loc":{"start":{"line":72,"column":75},"end":{"line":73,"column":null}},"line":72},"12":{"name":"(anonymous_12)","decl":{"start":{"line":76,"column":27},"end":{"line":76,"column":34}},"loc":{"start":{"line":76,"column":81},"end":{"line":77,"column":null}},"line":76},"13":{"name":"(anonymous_13)","decl":{"start":{"line":80,"column":23},"end":{"line":80,"column":30}},"loc":{"start":{"line":80,"column":73},"end":{"line":81,"column":null}},"line":80},"14":{"name":"(anonymous_14)","decl":{"start":{"line":84,"column":26},"end":{"line":84,"column":33}},"loc":{"start":{"line":84,"column":79},"end":{"line":85,"column":null}},"line":84},"15":{"name":"(anonymous_15)","decl":{"start":{"line":88,"column":33},"end":{"line":88,"column":40}},"loc":{"start":{"line":88,"column":93},"end":{"line":89,"column":null}},"line":88},"16":{"name":"(anonymous_16)","decl":{"start":{"line":92,"column":29},"end":{"line":92,"column":36}},"loc":{"start":{"line":92,"column":85},"end":{"line":93,"column":null}},"line":92},"17":{"name":"(anonymous_17)","decl":{"start":{"line":96,"column":34},"end":{"line":96,"column":41}},"loc":{"start":{"line":96,"column":95},"end":{"line":97,"column":null}},"line":96},"18":{"name":"(anonymous_18)","decl":{"start":{"line":100,"column":30},"end":{"line":100,"column":37}},"loc":{"start":{"line":100,"column":87},"end":{"line":101,"column":null}},"line":100}},"branchMap":{"0":{"loc":{"start":{"line":26,"column":11},"end":{"line":26,"column":null}},"type":"cond-expr","locations":[{"start":{"line":26,"column":25},"end":{"line":26,"column":38}},{"start":{"line":26,"column":38},"end":{"line":26,"column":null}}],"line":26}},"s":{"0":1,"1":1,"2":1,"3":1,"4":1,"5":0,"6":1,"7":0,"8":1,"9":1,"10":1,"11":1,"12":1,"13":0,"14":1,"15":0,"16":1,"17":0,"18":1,"19":0,"20":1,"21":0,"22":1,"23":0,"24":1,"25":0,"26":1,"27":0,"28":1,"29":0,"30":1,"31":0,"32":1,"33":0,"34":1,"35":0,"36":1,"37":0,"38":1,"39":0},"f":{"0":1,"1":0,"2":0,"3":1,"4":1,"5":0,"6":0,"7":0,"8":0,"9":0,"10":0,"11":0,"12":0,"13":0,"14":0,"15":0,"16":0,"17":0,"18":0},"b":{"0":[0,1]},"meta":{"lastBranch":1,"lastFunction":19,"lastStatement":40,"seen":{"s:25:20:25:Infinity":0,"s:26:11:26:Infinity":1,"b:26:25:26:38:26:38:26:Infinity":0,"s:28:22:29:Infinity":2,"f:28:22:28:49":0,"s:29:2:29:Infinity":3,"s:32:23:33:Infinity":4,"f:32:23:32:30":1,"s:33:2:33:Infinity":5,"s:36:31:37:Infinity":6,"f:36:31:36:38":2,"s:37:2:37:Infinity":7,"s:40:29:41:Infinity":8,"f:40:29:40:36":3,"s:41:2:41:Infinity":9,"s:44:27:45:Infinity":10,"f:44:27:44:34":4,"s:45:2:45:Infinity":11,"s:48:30:49:Infinity":12,"f:48:30:48:37":5,"s:49:2:49:Infinity":13,"s:52:30:53:Infinity":14,"f:52:30:52:37":6,"s:53:2:53:Infinity":15,"s:56:32:57:Infinity":16,"f:56:32:56:39":7,"s:57:2:57:Infinity":17,"s:60:30:61:Infinity":18,"f:60:30:60:37":8,"s:61:2:61:Infinity":19,"s:64:27:65:Infinity":20,"f:64:27:64:34":9,"s:65:2:65:Infinity":21,"s:68:26:69:Infinity":22,"f:68:26:68:33":10,"s:69:2:69:Infinity":23,"s:72:24:73:Infinity":24,"f:72:24:72:31":11,"s:73:2:73:Infinity":25,"s:76:27:77:Infinity":26,"f:76:27:76:34":12,"s:77:2:77:Infinity":27,"s:80:23:81:Infinity":28,"f:80:23:80:30":13,"s:81:2:81:Infinity":29,"s:84:26:85:Infinity":30,"f:84:26:84:33":14,"s:85:2:85:Infinity":31,"s:88:33:89:Infinity":32,"f:88:33:88:40":15,"s:89:2:89:Infinity":33,"s:92:29:93:Infinity":34,"f:92:29:92:36":16,"s:93:2:93:Infinity":35,"s:96:34:97:Infinity":36,"f:96:34:96:41":17,"s:97:2:97:Infinity":37,"s:100:30:101:Infinity":38,"f:100:30:100:37":18,"s:101:2:101:Infinity":39}}}
,"D:\\khata-app\\src\\postgresDb.ts": {"path":"D:\\khata-app\\src\\postgresDb.ts","statementMap":{"0":{"start":{"line":21,"column":23},"end":{"line":29,"column":null}},"1":{"start":{"line":31,"column":19},"end":{"line":41,"column":null}},"2":{"start":{"line":43,"column":18},"end":{"line":121,"column":null}},"3":{"start":{"line":123,"column":24},"end":{"line":123,"column":null}},"4":{"start":{"line":124,"column":40},"end":{"line":124,"column":null}},"5":{"start":{"line":126,"column":6},"end":{"line":147,"column":null}},"6":{"start":{"line":127,"column":2},"end":{"line":128,"column":null}},"7":{"start":{"line":128,"column":4},"end":{"line":128,"column":null}},"8":{"start":{"line":132,"column":27},"end":{"line":132,"column":null}},"9":{"start":{"line":133,"column":2},"end":{"line":134,"column":null}},"10":{"start":{"line":134,"column":4},"end":{"line":134,"column":null}},"11":{"start":{"line":137,"column":2},"end":{"line":145,"column":null}},"12":{"start":{"line":147,"column":2},"end":{"line":147,"column":null}},"13":{"start":{"line":150,"column":6},"end":{"line":151,"column":null}},"14":{"start":{"line":151,"column":2},"end":{"line":151,"column":null}},"15":{"start":{"line":154,"column":6},"end":{"line":164,"column":null}},"16":{"start":{"line":161,"column":17},"end":{"line":164,"column":null}},"17":{"start":{"line":166,"column":6},"end":{"line":174,"column":null}},"18":{"start":{"line":171,"column":17},"end":{"line":174,"column":null}},"19":{"start":{"line":176,"column":6},"end":{"line":185,"column":null}},"20":{"start":{"line":182,"column":14},"end":{"line":185,"column":null}},"21":{"start":{"line":187,"column":6},"end":{"line":201,"column":null}},"22":{"start":{"line":198,"column":13},"end":{"line":201,"column":null}},"23":{"start":{"line":203,"column":6},"end":{"line":220,"column":null}},"24":{"start":{"line":217,"column":20},"end":{"line":220,"column":null}},"25":{"start":{"line":222,"column":6},"end":{"line":233,"column":null}},"26":{"start":{"line":230,"column":17},"end":{"line":233,"column":null}},"27":{"start":{"line":235,"column":22},"end":{"line":245,"column":null}},"28":{"start":{"line":242,"column":2},"end":{"line":245,"column":null}},"29":{"start":{"line":248,"column":20},"end":{"line":295,"column":null}},"30":{"start":{"line":249,"column":19},"end":{"line":249,"column":28}},"31":{"start":{"line":250,"column":22},"end":{"line":251,"column":null}},"32":{"start":{"line":254,"column":2},"end":{"line":255,"column":null}},"33":{"start":{"line":255,"column":4},"end":{"line":255,"column":null}},"34":{"start":{"line":258,"column":2},"end":{"line":262,"column":null}},"35":{"start":{"line":259,"column":4},"end":{"line":262,"column":null}},"36":{"start":{"line":265,"column":23},"end":{"line":266,"column":null}},"37":{"start":{"line":268,"column":22},"end":{"line":268,"column":81}},"38":{"start":{"line":268,"column":61},"end":{"line":268,"column":79}},"39":{"start":{"line":270,"column":2},"end":{"line":278,"column":null}},"40":{"start":{"line":271,"column":23},"end":{"line":271,"column":54}},"41":{"start":{"line":272,"column":4},"end":{"line":273,"column":null}},"42":{"start":{"line":273,"column":6},"end":{"line":273,"column":null}},"43":{"start":{"line":275,"column":4},"end":{"line":278,"column":null}},"44":{"start":{"line":281,"column":20},"end":{"line":282,"column":null}},"45":{"start":{"line":284,"column":19},"end":{"line":284,"column":75}},"46":{"start":{"line":284,"column":55},"end":{"line":284,"column":73}},"47":{"start":{"line":286,"column":2},"end":{"line":295,"column":null}},"48":{"start":{"line":287,"column":23},"end":{"line":287,"column":53}},"49":{"start":{"line":288,"column":20},"end":{"line":288,"column":44}},"50":{"start":{"line":289,"column":4},"end":{"line":290,"column":null}},"51":{"start":{"line":290,"column":6},"end":{"line":290,"column":null}},"52":{"start":{"line":292,"column":4},"end":{"line":295,"column":null}},"53":{"start":{"line":299,"column":22},"end":{"line":429,"column":null}},"54":{"start":{"line":300,"column":2},"end":{"line":301,"column":null}},"55":{"start":{"line":301,"column":4},"end":{"line":301,"column":null}},"56":{"start":{"line":304,"column":2},"end":{"line":427,"column":null}},"57":{"start":{"line":305,"column":21},"end":{"line":305,"column":30}},"58":{"start":{"line":307,"column":4},"end":{"line":382,"column":null}},"59":{"start":{"line":385,"column":22},"end":{"line":385,"column":72}},"60":{"start":{"line":386,"column":4},"end":{"line":389,"column":null}},"61":{"start":{"line":387,"column":6},"end":{"line":389,"column":null}},"62":{"start":{"line":393,"column":4},"end":{"line":414,"column":null}},"63":{"start":{"line":417,"column":4},"end":{"line":424,"column":null}},"64":{"start":{"line":426,"column":4},"end":{"line":426,"column":null}},"65":{"start":{"line":429,"column":2},"end":{"line":429,"column":null}},"66":{"start":{"line":433,"column":23},"end":{"line":444,"column":null}},"67":{"start":{"line":439,"column":2},"end":{"line":439,"column":null}},"68":{"start":{"line":440,"column":17},"end":{"line":442,"column":null}},"69":{"start":{"line":444,"column":2},"end":{"line":444,"column":null}},"70":{"start":{"line":447,"column":31},"end":{"line":450,"column":null}},"71":{"start":{"line":448,"column":2},"end":{"line":448,"column":null}},"72":{"start":{"line":449,"column":17},"end":{"line":449,"column":87}},"73":{"start":{"line":450,"column":2},"end":{"line":450,"column":null}},"74":{"start":{"line":453,"column":29},"end":{"line":459,"column":null}},"75":{"start":{"line":454,"column":2},"end":{"line":454,"column":null}},"76":{"start":{"line":455,"column":17},"end":{"line":457,"column":null}},"77":{"start":{"line":459,"column":2},"end":{"line":459,"column":null}},"78":{"start":{"line":459,"column":34},"end":{"line":459,"column":94}},"79":{"start":{"line":462,"column":27},"end":{"line":482,"column":null}},"80":{"start":{"line":463,"column":2},"end":{"line":463,"column":null}},"81":{"start":{"line":464,"column":15},"end":{"line":464,"column":34}},"82":{"start":{"line":465,"column":2},"end":{"line":466,"column":null}},"83":{"start":{"line":466,"column":4},"end":{"line":466,"column":null}},"84":{"start":{"line":469,"column":17},"end":{"line":471,"column":null}},"85":{"start":{"line":474,"column":19},"end":{"line":474,"column":90}},"86":{"start":{"line":475,"column":2},"end":{"line":481,"column":null}},"87":{"start":{"line":482,"column":2},"end":{"line":482,"column":null}},"88":{"start":{"line":485,"column":30},"end":{"line":511,"column":null}},"89":{"start":{"line":488,"column":2},"end":{"line":488,"column":null}},"90":{"start":{"line":489,"column":15},"end":{"line":489,"column":34}},"91":{"start":{"line":490,"column":2},"end":{"line":491,"column":null}},"92":{"start":{"line":491,"column":4},"end":{"line":491,"column":null}},"93":{"start":{"line":494,"column":17},"end":{"line":496,"column":null}},"94":{"start":{"line":499,"column":2},"end":{"line":500,"column":null}},"95":{"start":{"line":500,"column":4},"end":{"line":500,"column":null}},"96":{"start":{"line":503,"column":19},"end":{"line":503,"column":90}},"97":{"start":{"line":504,"column":2},"end":{"line":510,"column":null}},"98":{"start":{"line":511,"column":2},"end":{"line":511,"column":null}},"99":{"start":{"line":514,"column":30},"end":{"line":609,"column":null}},"100":{"start":{"line":517,"column":2},"end":{"line":517,"column":null}},"101":{"start":{"line":518,"column":19},"end":{"line":518,"column":42}},"102":{"start":{"line":519,"column":2},"end":{"line":520,"column":null}},"103":{"start":{"line":520,"column":4},"end":{"line":520,"column":null}},"104":{"start":{"line":522,"column":2},"end":{"line":523,"column":null}},"105":{"start":{"line":523,"column":4},"end":{"line":523,"column":null}},"106":{"start":{"line":526,"column":16},"end":{"line":526,"column":null}},"107":{"start":{"line":527,"column":17},"end":{"line":527,"column":null}},"108":{"start":{"line":529,"column":17},"end":{"line":529,"column":42}},"109":{"start":{"line":531,"column":2},"end":{"line":609,"column":null}},"110":{"start":{"line":532,"column":4},"end":{"line":532,"column":null}},"111":{"start":{"line":534,"column":4},"end":{"line":556,"column":null}},"112":{"start":{"line":535,"column":25},"end":{"line":537,"column":null}},"113":{"start":{"line":540,"column":19},"end":{"line":540,"column":null}},"114":{"start":{"line":541,"column":6},"end":{"line":542,"column":null}},"115":{"start":{"line":542,"column":8},"end":{"line":542,"column":null}},"116":{"start":{"line":544,"column":6},"end":{"line":545,"column":null}},"117":{"start":{"line":545,"column":8},"end":{"line":545,"column":null}},"118":{"start":{"line":547,"column":6},"end":{"line":550,"column":null}},"119":{"start":{"line":548,"column":8},"end":{"line":550,"column":null}},"120":{"start":{"line":553,"column":6},"end":{"line":556,"column":null}},"121":{"start":{"line":559,"column":19},"end":{"line":589,"column":null}},"122":{"start":{"line":592,"column":4},"end":{"line":592,"column":null}},"123":{"start":{"line":594,"column":18},"end":{"line":595,"column":null}},"124":{"start":{"line":597,"column":2},"end":{"line":603,"column":null}},"125":{"start":{"line":604,"column":4},"end":{"line":604,"column":null}},"126":{"start":{"line":606,"column":4},"end":{"line":606,"column":null}},"127":{"start":{"line":607,"column":4},"end":{"line":607,"column":null}},"128":{"start":{"line":609,"column":4},"end":{"line":609,"column":null}},"129":{"start":{"line":613,"column":32},"end":{"line":621,"column":null}},"130":{"start":{"line":614,"column":2},"end":{"line":614,"column":null}},"131":{"start":{"line":615,"column":17},"end":{"line":617,"column":null}},"132":{"start":{"line":619,"column":2},"end":{"line":621,"column":null}},"133":{"start":{"line":620,"column":4},"end":{"line":620,"column":70}},"134":{"start":{"line":624,"column":30},"end":{"line":630,"column":null}},"135":{"start":{"line":625,"column":2},"end":{"line":625,"column":null}},"136":{"start":{"line":626,"column":17},"end":{"line":628,"column":null}},"137":{"start":{"line":630,"column":2},"end":{"line":630,"column":null}},"138":{"start":{"line":630,"column":34},"end":{"line":630,"column":94}},"139":{"start":{"line":633,"column":27},"end":{"line":652,"column":null}},"140":{"start":{"line":634,"column":2},"end":{"line":634,"column":null}},"141":{"start":{"line":635,"column":15},"end":{"line":635,"column":34}},"142":{"start":{"line":636,"column":2},"end":{"line":637,"column":null}},"143":{"start":{"line":637,"column":4},"end":{"line":637,"column":null}},"144":{"start":{"line":640,"column":17},"end":{"line":642,"column":null}},"145":{"start":{"line":644,"column":19},"end":{"line":644,"column":90}},"146":{"start":{"line":645,"column":2},"end":{"line":651,"column":null}},"147":{"start":{"line":652,"column":2},"end":{"line":652,"column":null}},"148":{"start":{"line":655,"column":26},"end":{"line":667,"column":null}},"149":{"start":{"line":656,"column":2},"end":{"line":656,"column":null}},"150":{"start":{"line":657,"column":17},"end":{"line":664,"column":null}},"151":{"start":{"line":667,"column":2},"end":{"line":667,"column":null}},"152":{"start":{"line":667,"column":34},"end":{"line":667,"column":88}},"153":{"start":{"line":670,"column":24},"end":{"line":692,"column":null}},"154":{"start":{"line":671,"column":2},"end":{"line":671,"column":null}},"155":{"start":{"line":672,"column":15},"end":{"line":672,"column":34}},"156":{"start":{"line":673,"column":2},"end":{"line":674,"column":null}},"157":{"start":{"line":674,"column":4},"end":{"line":674,"column":null}},"158":{"start":{"line":676,"column":2},"end":{"line":677,"column":null}},"159":{"start":{"line":677,"column":4},"end":{"line":677,"column":null}},"160":{"start":{"line":680,"column":17},"end":{"line":682,"column":null}},"161":{"start":{"line":684,"column":16},"end":{"line":684,"column":81}},"162":{"start":{"line":685,"column":2},"end":{"line":691,"column":null}},"163":{"start":{"line":692,"column":2},"end":{"line":692,"column":null}},"164":{"start":{"line":695,"column":27},"end":{"line":712,"column":null}},"165":{"start":{"line":696,"column":2},"end":{"line":696,"column":null}},"166":{"start":{"line":698,"column":4},"end":{"line":698,"column":null}},"167":{"start":{"line":699,"column":32},"end":{"line":699,"column":49}},"168":{"start":{"line":701,"column":2},"end":{"line":706,"column":null}},"169":{"start":{"line":702,"column":4},"end":{"line":702,"column":null}},"170":{"start":{"line":703,"column":4},"end":{"line":703,"column":null}},"171":{"start":{"line":704,"column":9},"end":{"line":706,"column":null}},"172":{"start":{"line":705,"column":4},"end":{"line":705,"column":null}},"173":{"start":{"line":706,"column":4},"end":{"line":706,"column":null}},"174":{"start":{"line":709,"column":2},"end":{"line":709,"column":null}},"175":{"start":{"line":711,"column":17},"end":{"line":711,"column":53}},"176":{"start":{"line":712,"column":2},"end":{"line":712,"column":null}},"177":{"start":{"line":712,"column":34},"end":{"line":712,"column":86}},"178":{"start":{"line":715,"column":23},"end":{"line":785,"column":null}},"179":{"start":{"line":716,"column":2},"end":{"line":716,"column":null}},"180":{"start":{"line":717,"column":15},"end":{"line":717,"column":34}},"181":{"start":{"line":718,"column":2},"end":{"line":719,"column":null}},"182":{"start":{"line":719,"column":4},"end":{"line":719,"column":null}},"183":{"start":{"line":721,"column":2},"end":{"line":722,"column":null}},"184":{"start":{"line":722,"column":4},"end":{"line":722,"column":null}},"185":{"start":{"line":725,"column":2},"end":{"line":757,"column":null}},"186":{"start":{"line":726,"column":19},"end":{"line":742,"column":null}},"187":{"start":{"line":745,"column":4},"end":{"line":746,"column":null}},"188":{"start":{"line":746,"column":6},"end":{"line":746,"column":null}},"189":{"start":{"line":749,"column":17},"end":{"line":749,"column":80}},"190":{"start":{"line":750,"column":4},"end":{"line":756,"column":null}},"191":{"start":{"line":757,"column":4},"end":{"line":757,"column":null}},"192":{"start":{"line":760,"column":17},"end":{"line":774,"column":null}},"193":{"start":{"line":777,"column":15},"end":{"line":777,"column":78}},"194":{"start":{"line":778,"column":2},"end":{"line":784,"column":null}},"195":{"start":{"line":785,"column":2},"end":{"line":785,"column":null}},"196":{"start":{"line":788,"column":26},"end":{"line":803,"column":null}},"197":{"start":{"line":789,"column":2},"end":{"line":789,"column":null}},"198":{"start":{"line":790,"column":19},"end":{"line":792,"column":null}},"199":{"start":{"line":794,"column":2},"end":{"line":794,"column":null}},"200":{"start":{"line":795,"column":15},"end":{"line":795,"column":null}},"201":{"start":{"line":796,"column":2},"end":{"line":803,"column":null}},"202":{"start":{"line":797,"column":4},"end":{"line":803,"column":null}},"203":{"start":{"line":807,"column":33},"end":{"line":822,"column":null}},"204":{"start":{"line":808,"column":2},"end":{"line":808,"column":null}},"205":{"start":{"line":809,"column":19},"end":{"line":811,"column":null}},"206":{"start":{"line":813,"column":2},"end":{"line":813,"column":null}},"207":{"start":{"line":814,"column":16},"end":{"line":814,"column":null}},"208":{"start":{"line":815,"column":2},"end":{"line":822,"column":null}},"209":{"start":{"line":816,"column":4},"end":{"line":822,"column":null}},"210":{"start":{"line":826,"column":29},"end":{"line":832,"column":null}},"211":{"start":{"line":827,"column":2},"end":{"line":827,"column":null}},"212":{"start":{"line":828,"column":17},"end":{"line":830,"column":null}},"213":{"start":{"line":832,"column":2},"end":{"line":832,"column":null}},"214":{"start":{"line":832,"column":34},"end":{"line":832,"column":94}},"215":{"start":{"line":835,"column":34},"end":{"line":861,"column":null}},"216":{"start":{"line":839,"column":2},"end":{"line":839,"column":null}},"217":{"start":{"line":840,"column":17},"end":{"line":851,"column":null}},"218":{"start":{"line":854,"column":14},"end":{"line":854,"column":null}},"219":{"start":{"line":855,"column":21},"end":{"line":855,"column":49}},"220":{"start":{"line":856,"column":22},"end":{"line":856,"column":51}},"221":{"start":{"line":857,"column":2},"end":{"line":861,"column":null}},"222":{"start":{"line":864,"column":30},"end":{"line":906,"column":null}},"223":{"start":{"line":865,"column":2},"end":{"line":865,"column":null}},"224":{"start":{"line":866,"column":17},"end":{"line":876,"column":null}},"225":{"start":{"line":879,"column":14},"end":{"line":879,"column":24}},"226":{"start":{"line":880,"column":31},"end":{"line":886,"column":null}},"227":{"start":{"line":888,"column":2},"end":{"line":902,"column":null}},"228":{"start":{"line":889,"column":20},"end":{"line":889,"column":62}},"229":{"start":{"line":890,"column":17},"end":{"line":890,"column":68}},"230":{"start":{"line":891,"column":19},"end":{"line":891,"column":null}},"231":{"start":{"line":893,"column":4},"end":{"line":902,"column":null}},"232":{"start":{"line":894,"column":6},"end":{"line":894,"column":null}},"233":{"start":{"line":895,"column":11},"end":{"line":902,"column":null}},"234":{"start":{"line":896,"column":6},"end":{"line":896,"column":null}},"235":{"start":{"line":897,"column":11},"end":{"line":902,"column":null}},"236":{"start":{"line":898,"column":6},"end":{"line":898,"column":null}},"237":{"start":{"line":899,"column":11},"end":{"line":902,"column":null}},"238":{"start":{"line":900,"column":6},"end":{"line":900,"column":null}},"239":{"start":{"line":902,"column":6},"end":{"line":902,"column":null}},"240":{"start":{"line":906,"column":2},"end":{"line":906,"column":null}}},"fnMap":{"0":{"name":"(anonymous_0)","decl":{"start":{"line":126,"column":6},"end":{"line":126,"column":28}},"loc":{"start":{"line":126,"column":28},"end":{"line":147,"column":null}},"line":126},"1":{"name":"(anonymous_1)","decl":{"start":{"line":150,"column":6},"end":{"line":150,"column":22}},"loc":{"start":{"line":150,"column":55},"end":{"line":151,"column":null}},"line":150},"2":{"name":"(anonymous_2)","decl":{"start":{"line":154,"column":6},"end":{"line":154,"column":21}},"loc":{"start":{"line":161,"column":17},"end":{"line":164,"column":null}},"line":161},"3":{"name":"(anonymous_3)","decl":{"start":{"line":166,"column":6},"end":{"line":166,"column":21}},"loc":{"start":{"line":171,"column":17},"end":{"line":174,"column":null}},"line":171},"4":{"name":"(anonymous_4)","decl":{"start":{"line":176,"column":6},"end":{"line":176,"column":18}},"loc":{"start":{"line":182,"column":14},"end":{"line":185,"column":null}},"line":182},"5":{"name":"(anonymous_5)","decl":{"start":{"line":187,"column":6},"end":{"line":187,"column":17}},"loc":{"start":{"line":198,"column":13},"end":{"line":201,"column":null}},"line":198},"6":{"name":"(anonymous_6)","decl":{"start":{"line":203,"column":6},"end":{"line":203,"column":24}},"loc":{"start":{"line":217,"column":20},"end":{"line":220,"column":null}},"line":217},"7":{"name":"(anonymous_7)","decl":{"start":{"line":222,"column":6},"end":{"line":222,"column":21}},"loc":{"start":{"line":230,"column":17},"end":{"line":233,"column":null}},"line":230},"8":{"name":"(anonymous_8)","decl":{"start":{"line":235,"column":22},"end":{"line":235,"column":29}},"loc":{"start":{"line":241,"column":21},"end":{"line":245,"column":null}},"line":241},"9":{"name":"(anonymous_9)","decl":{"start":{"line":248,"column":20},"end":{"line":248,"column":47}},"loc":{"start":{"line":248,"column":47},"end":{"line":295,"column":null}},"line":248},"10":{"name":"(anonymous_10)","decl":{"start":{"line":268,"column":48},"end":{"line":268,"column":53}},"loc":{"start":{"line":268,"column":61},"end":{"line":268,"column":79}},"line":268},"11":{"name":"(anonymous_11)","decl":{"start":{"line":284,"column":42},"end":{"line":284,"column":47}},"loc":{"start":{"line":284,"column":55},"end":{"line":284,"column":73}},"line":284},"12":{"name":"(anonymous_12)","decl":{"start":{"line":299,"column":22},"end":{"line":299,"column":49}},"loc":{"start":{"line":299,"column":49},"end":{"line":429,"column":null}},"line":299},"13":{"name":"(anonymous_13)","decl":{"start":{"line":304,"column":17},"end":{"line":304,"column":29}},"loc":{"start":{"line":304,"column":29},"end":{"line":427,"column":null}},"line":304},"14":{"name":"(anonymous_14)","decl":{"start":{"line":433,"column":23},"end":{"line":433,"column":30}},"loc":{"start":{"line":438,"column":21},"end":{"line":444,"column":null}},"line":438},"15":{"name":"(anonymous_15)","decl":{"start":{"line":447,"column":31},"end":{"line":447,"column":38}},"loc":{"start":{"line":447,"column":83},"end":{"line":450,"column":null}},"line":447},"16":{"name":"(anonymous_16)","decl":{"start":{"line":453,"column":29},"end":{"line":453,"column":36}},"loc":{"start":{"line":453,"column":76},"end":{"line":459,"column":null}},"line":453},"17":{"name":"(anonymous_17)","decl":{"start":{"line":459,"column":21},"end":{"line":459,"column":26}},"loc":{"start":{"line":459,"column":34},"end":{"line":459,"column":94}},"line":459},"18":{"name":"(anonymous_18)","decl":{"start":{"line":462,"column":27},"end":{"line":462,"column":34}},"loc":{"start":{"line":462,"column":85},"end":{"line":482,"column":null}},"line":462},"19":{"name":"(anonymous_19)","decl":{"start":{"line":485,"column":30},"end":{"line":485,"column":null}},"loc":{"start":{"line":487,"column":24},"end":{"line":511,"column":null}},"line":487},"20":{"name":"(anonymous_20)","decl":{"start":{"line":514,"column":30},"end":{"line":514,"column":null}},"loc":{"start":{"line":516,"column":27},"end":{"line":609,"column":null}},"line":516},"21":{"name":"(anonymous_21)","decl":{"start":{"line":613,"column":32},"end":{"line":613,"column":39}},"loc":{"start":{"line":613,"column":102},"end":{"line":621,"column":null}},"line":613},"22":{"name":"(anonymous_22)","decl":{"start":{"line":619,"column":21},"end":{"line":619,"column":26}},"loc":{"start":{"line":620,"column":4},"end":{"line":620,"column":70}},"line":620},"23":{"name":"(anonymous_23)","decl":{"start":{"line":624,"column":30},"end":{"line":624,"column":37}},"loc":{"start":{"line":624,"column":77},"end":{"line":630,"column":null}},"line":624},"24":{"name":"(anonymous_24)","decl":{"start":{"line":630,"column":21},"end":{"line":630,"column":26}},"loc":{"start":{"line":630,"column":34},"end":{"line":630,"column":94}},"line":630},"25":{"name":"(anonymous_25)","decl":{"start":{"line":633,"column":27},"end":{"line":633,"column":34}},"loc":{"start":{"line":633,"column":85},"end":{"line":652,"column":null}},"line":633},"26":{"name":"(anonymous_26)","decl":{"start":{"line":655,"column":26},"end":{"line":655,"column":33}},"loc":{"start":{"line":655,"column":98},"end":{"line":667,"column":null}},"line":655},"27":{"name":"(anonymous_27)","decl":{"start":{"line":667,"column":21},"end":{"line":667,"column":26}},"loc":{"start":{"line":667,"column":34},"end":{"line":667,"column":88}},"line":667},"28":{"name":"(anonymous_28)","decl":{"start":{"line":670,"column":24},"end":{"line":670,"column":31}},"loc":{"start":{"line":670,"column":76},"end":{"line":692,"column":null}},"line":670},"29":{"name":"(anonymous_29)","decl":{"start":{"line":695,"column":27},"end":{"line":695,"column":34}},"loc":{"start":{"line":695,"column":76},"end":{"line":712,"column":null}},"line":695},"30":{"name":"(anonymous_30)","decl":{"start":{"line":712,"column":21},"end":{"line":712,"column":26}},"loc":{"start":{"line":712,"column":34},"end":{"line":712,"column":86}},"line":712},"31":{"name":"(anonymous_31)","decl":{"start":{"line":715,"column":23},"end":{"line":715,"column":30}},"loc":{"start":{"line":715,"column":73},"end":{"line":785,"column":null}},"line":715},"32":{"name":"(anonymous_32)","decl":{"start":{"line":788,"column":26},"end":{"line":788,"column":33}},"loc":{"start":{"line":788,"column":83},"end":{"line":803,"column":null}},"line":788},"33":{"name":"(anonymous_33)","decl":{"start":{"line":807,"column":33},"end":{"line":807,"column":40}},"loc":{"start":{"line":807,"column":91},"end":{"line":822,"column":null}},"line":807},"34":{"name":"(anonymous_34)","decl":{"start":{"line":826,"column":29},"end":{"line":826,"column":36}},"loc":{"start":{"line":826,"column":88},"end":{"line":832,"column":null}},"line":826},"35":{"name":"(anonymous_35)","decl":{"start":{"line":832,"column":21},"end":{"line":832,"column":26}},"loc":{"start":{"line":832,"column":34},"end":{"line":832,"column":94}},"line":832},"36":{"name":"(anonymous_36)","decl":{"start":{"line":835,"column":34},"end":{"line":835,"column":null}},"loc":{"start":{"line":838,"column":31},"end":{"line":861,"column":null}},"line":838},"37":{"name":"(anonymous_37)","decl":{"start":{"line":864,"column":30},"end":{"line":864,"column":37}},"loc":{"start":{"line":864,"column":98},"end":{"line":906,"column":null}},"line":864}},"branchMap":{"0":{"loc":{"start":{"line":127,"column":2},"end":{"line":128,"column":null}},"type":"if","locations":[{"start":{"line":127,"column":2},"end":{"line":128,"column":null}},{"start":{},"end":{}}],"line":127},"1":{"loc":{"start":{"line":133,"column":2},"end":{"line":134,"column":null}},"type":"if","locations":[{"start":{"line":133,"column":2},"end":{"line":134,"column":null}},{"start":{},"end":{}}],"line":133},"2":{"loc":{"start":{"line":140,"column":6},"end":{"line":144,"column":null}},"type":"cond-expr","locations":[{"start":{"line":141,"column":10},"end":{"line":141,"column":null}},{"start":{"line":141,"column":10},"end":{"line":144,"column":null}}],"line":140},"3":{"loc":{"start":{"line":141,"column":10},"end":{"line":144,"column":null}},"type":"cond-expr","locations":[{"start":{"line":143,"column":12},"end":{"line":143,"column":41}},{"start":{"line":144,"column":12},"end":{"line":144,"column":null}}],"line":141},"4":{"loc":{"start":{"line":151,"column":9},"end":{"line":151,"column":68}},"type":"cond-expr","locations":[{"start":{"line":151,"column":33},"end":{"line":151,"column":52}},{"start":{"line":151,"column":55},"end":{"line":151,"column":68}}],"line":151},"5":{"loc":{"start":{"line":244,"column":57},"end":{"line":244,"column":83}},"type":"binary-expr","locations":[{"start":{"line":244,"column":57},"end":{"line":244,"column":77}},{"start":{"line":244,"column":77},"end":{"line":244,"column":83}}],"line":244},"6":{"loc":{"start":{"line":254,"column":2},"end":{"line":255,"column":null}},"type":"if","locations":[{"start":{"line":254,"column":2},"end":{"line":255,"column":null}},{"start":{},"end":{}}],"line":254},"7":{"loc":{"start":{"line":254,"column":13},"end":{"line":254,"column":45}},"type":"binary-expr","locations":[{"start":{"line":254,"column":13},"end":{"line":254,"column":43}},{"start":{"line":254,"column":43},"end":{"line":254,"column":45}}],"line":254},"8":{"loc":{"start":{"line":272,"column":4},"end":{"line":273,"column":null}},"type":"if","locations":[{"start":{"line":272,"column":4},"end":{"line":273,"column":null}},{"start":{},"end":{}}],"line":272},"9":{"loc":{"start":{"line":289,"column":4},"end":{"line":290,"column":null}},"type":"if","locations":[{"start":{"line":289,"column":4},"end":{"line":290,"column":null}},{"start":{},"end":{}}],"line":289},"10":{"loc":{"start":{"line":289,"column":8},"end":{"line":289,"column":33}},"type":"binary-expr","locations":[{"start":{"line":289,"column":8},"end":{"line":289,"column":23}},{"start":{"line":289,"column":23},"end":{"line":289,"column":33}}],"line":289},"11":{"loc":{"start":{"line":300,"column":2},"end":{"line":301,"column":null}},"type":"if","locations":[{"start":{"line":300,"column":2},"end":{"line":301,"column":null}},{"start":{},"end":{}}],"line":300},"12":{"loc":{"start":{"line":386,"column":4},"end":{"line":389,"column":null}},"type":"if","locations":[{"start":{"line":386,"column":4},"end":{"line":389,"column":null}},{"start":{},"end":{}}],"line":386},"13":{"loc":{"start":{"line":465,"column":2},"end":{"line":466,"column":null}},"type":"if","locations":[{"start":{"line":465,"column":2},"end":{"line":466,"column":null}},{"start":{},"end":{}}],"line":465},"14":{"loc":{"start":{"line":471,"column":28},"end":{"line":471,"column":59}},"type":"binary-expr","locations":[{"start":{"line":471,"column":28},"end":{"line":471,"column":49}},{"start":{"line":471,"column":53},"end":{"line":471,"column":59}}],"line":471},"15":{"loc":{"start":{"line":471,"column":59},"end":{"line":471,"column":91}},"type":"binary-expr","locations":[{"start":{"line":471,"column":59},"end":{"line":471,"column":82}},{"start":{"line":471,"column":86},"end":{"line":471,"column":91}}],"line":471},"16":{"loc":{"start":{"line":480,"column":50},"end":{"line":480,"column":null}},"type":"cond-expr","locations":[{"start":{"line":480,"column":67},"end":{"line":480,"column":92}},{"start":{"line":480,"column":92},"end":{"line":480,"column":null}}],"line":480},"17":{"loc":{"start":{"line":490,"column":2},"end":{"line":491,"column":null}},"type":"if","locations":[{"start":{"line":490,"column":2},"end":{"line":491,"column":null}},{"start":{},"end":{}}],"line":490},"18":{"loc":{"start":{"line":496,"column":11},"end":{"line":496,"column":42}},"type":"binary-expr","locations":[{"start":{"line":496,"column":11},"end":{"line":496,"column":32}},{"start":{"line":496,"column":36},"end":{"line":496,"column":42}}],"line":496},"19":{"loc":{"start":{"line":496,"column":42},"end":{"line":496,"column":75}},"type":"binary-expr","locations":[{"start":{"line":496,"column":42},"end":{"line":496,"column":65}},{"start":{"line":496,"column":69},"end":{"line":496,"column":75}}],"line":496},"20":{"loc":{"start":{"line":499,"column":2},"end":{"line":500,"column":null}},"type":"if","locations":[{"start":{"line":499,"column":2},"end":{"line":500,"column":null}},{"start":{},"end":{}}],"line":499},"21":{"loc":{"start":{"line":509,"column":50},"end":{"line":509,"column":null}},"type":"cond-expr","locations":[{"start":{"line":509,"column":67},"end":{"line":509,"column":92}},{"start":{"line":509,"column":92},"end":{"line":509,"column":null}}],"line":509},"22":{"loc":{"start":{"line":519,"column":2},"end":{"line":520,"column":null}},"type":"if","locations":[{"start":{"line":519,"column":2},"end":{"line":520,"column":null}},{"start":{},"end":{}}],"line":519},"23":{"loc":{"start":{"line":522,"column":2},"end":{"line":523,"column":null}},"type":"if","locations":[{"start":{"line":522,"column":2},"end":{"line":523,"column":null}},{"start":{},"end":{}}],"line":522},"24":{"loc":{"start":{"line":522,"column":6},"end":{"line":522,"column":67}},"type":"binary-expr","locations":[{"start":{"line":522,"column":6},"end":{"line":522,"column":40}},{"start":{"line":522,"column":44},"end":{"line":522,"column":67}}],"line":522},"25":{"loc":{"start":{"line":526,"column":16},"end":{"line":526,"column":null}},"type":"cond-expr","locations":[{"start":{"line":526,"column":71},"end":{"line":526,"column":91}},{"start":{"line":526,"column":94},"end":{"line":526,"column":null}}],"line":526},"26":{"loc":{"start":{"line":526,"column":16},"end":{"line":526,"column":71}},"type":"binary-expr","locations":[{"start":{"line":526,"column":16},"end":{"line":526,"column":46}},{"start":{"line":526,"column":46},"end":{"line":526,"column":71}}],"line":526},"27":{"loc":{"start":{"line":534,"column":4},"end":{"line":556,"column":null}},"type":"if","locations":[{"start":{"line":534,"column":4},"end":{"line":556,"column":null}},{"start":{},"end":{}}],"line":534},"28":{"loc":{"start":{"line":534,"column":8},"end":{"line":534,"column":57}},"type":"binary-expr","locations":[{"start":{"line":534,"column":8},"end":{"line":534,"column":41}},{"start":{"line":534,"column":41},"end":{"line":534,"column":57}}],"line":534},"29":{"loc":{"start":{"line":541,"column":6},"end":{"line":542,"column":null}},"type":"if","locations":[{"start":{"line":541,"column":6},"end":{"line":542,"column":null}},{"start":{},"end":{}}],"line":541},"30":{"loc":{"start":{"line":544,"column":6},"end":{"line":545,"column":null}},"type":"if","locations":[{"start":{"line":544,"column":6},"end":{"line":545,"column":null}},{"start":{},"end":{}}],"line":544},"31":{"loc":{"start":{"line":547,"column":6},"end":{"line":550,"column":null}},"type":"if","locations":[{"start":{"line":547,"column":6},"end":{"line":550,"column":null}},{"start":{},"end":{}}],"line":547},"32":{"loc":{"start":{"line":580,"column":8},"end":{"line":580,"column":null}},"type":"binary-expr","locations":[{"start":{"line":580,"column":8},"end":{"line":580,"column":26}},{"start":{"line":580,"column":26},"end":{"line":580,"column":null}}],"line":580},"33":{"loc":{"start":{"line":585,"column":8},"end":{"line":585,"column":null}},"type":"binary-expr","locations":[{"start":{"line":585,"column":8},"end":{"line":585,"column":24}},{"start":{"line":585,"column":24},"end":{"line":585,"column":null}}],"line":585},"34":{"loc":{"start":{"line":587,"column":8},"end":{"line":587,"column":null}},"type":"cond-expr","locations":[{"start":{"line":587,"column":43},"end":{"line":587,"column":47}},{"start":{"line":587,"column":47},"end":{"line":587,"column":null}}],"line":587},"35":{"loc":{"start":{"line":588,"column":8},"end":{"line":588,"column":null}},"type":"binary-expr","locations":[{"start":{"line":588,"column":8},"end":{"line":588,"column":28}},{"start":{"line":588,"column":32},"end":{"line":588,"column":null}}],"line":588},"36":{"loc":{"start":{"line":602,"column":150},"end":{"line":602,"column":null}},"type":"cond-expr","locations":[{"start":{"line":602,"column":180},"end":{"line":602,"column":192}},{"start":{"line":602,"column":192},"end":{"line":602,"column":null}}],"line":602},"37":{"loc":{"start":{"line":636,"column":2},"end":{"line":637,"column":null}},"type":"if","locations":[{"start":{"line":636,"column":2},"end":{"line":637,"column":null}},{"start":{},"end":{}}],"line":636},"38":{"loc":{"start":{"line":657,"column":17},"end":{"line":664,"column":null}},"type":"cond-expr","locations":[{"start":{"line":658,"column":6},"end":{"line":660,"column":null}},{"start":{"line":662,"column":6},"end":{"line":664,"column":null}}],"line":657},"39":{"loc":{"start":{"line":673,"column":2},"end":{"line":674,"column":null}},"type":"if","locations":[{"start":{"line":673,"column":2},"end":{"line":674,"column":null}},{"start":{},"end":{}}],"line":673},"40":{"loc":{"start":{"line":676,"column":2},"end":{"line":677,"column":null}},"type":"if","locations":[{"start":{"line":676,"column":2},"end":{"line":677,"column":null}},{"start":{},"end":{}}],"line":676},"41":{"loc":{"start":{"line":701,"column":2},"end":{"line":706,"column":null}},"type":"if","locations":[{"start":{"line":701,"column":2},"end":{"line":706,"column":null}},{"start":{"line":704,"column":9},"end":{"line":706,"column":null}}],"line":701},"42":{"loc":{"start":{"line":704,"column":9},"end":{"line":706,"column":null}},"type":"if","locations":[{"start":{"line":704,"column":9},"end":{"line":706,"column":null}},{"start":{},"end":{}}],"line":704},"43":{"loc":{"start":{"line":718,"column":2},"end":{"line":719,"column":null}},"type":"if","locations":[{"start":{"line":718,"column":2},"end":{"line":719,"column":null}},{"start":{},"end":{}}],"line":718},"44":{"loc":{"start":{"line":721,"column":2},"end":{"line":722,"column":null}},"type":"if","locations":[{"start":{"line":721,"column":2},"end":{"line":722,"column":null}},{"start":{},"end":{}}],"line":721},"45":{"loc":{"start":{"line":721,"column":6},"end":{"line":721,"column":47}},"type":"binary-expr","locations":[{"start":{"line":721,"column":6},"end":{"line":721,"column":29}},{"start":{"line":721,"column":29},"end":{"line":721,"column":47}}],"line":721},"46":{"loc":{"start":{"line":725,"column":2},"end":{"line":757,"column":null}},"type":"if","locations":[{"start":{"line":725,"column":2},"end":{"line":757,"column":null}},{"start":{},"end":{}}],"line":725},"47":{"loc":{"start":{"line":737,"column":8},"end":{"line":737,"column":null}},"type":"binary-expr","locations":[{"start":{"line":737,"column":8},"end":{"line":737,"column":31}},{"start":{"line":737,"column":31},"end":{"line":737,"column":null}}],"line":737},"48":{"loc":{"start":{"line":738,"column":8},"end":{"line":738,"column":null}},"type":"binary-expr","locations":[{"start":{"line":738,"column":8},"end":{"line":738,"column":24}},{"start":{"line":738,"column":24},"end":{"line":738,"column":null}}],"line":738},"49":{"loc":{"start":{"line":739,"column":8},"end":{"line":739,"column":null}},"type":"binary-expr","locations":[{"start":{"line":739,"column":8},"end":{"line":739,"column":33}},{"start":{"line":739,"column":33},"end":{"line":739,"column":null}}],"line":739},"50":{"loc":{"start":{"line":740,"column":8},"end":{"line":740,"column":null}},"type":"binary-expr","locations":[{"start":{"line":740,"column":8},"end":{"line":740,"column":37}},{"start":{"line":740,"column":37},"end":{"line":740,"column":null}}],"line":740},"51":{"loc":{"start":{"line":745,"column":4},"end":{"line":746,"column":null}},"type":"if","locations":[{"start":{"line":745,"column":4},"end":{"line":746,"column":null}},{"start":{},"end":{}}],"line":745},"52":{"loc":{"start":{"line":755,"column":50},"end":{"line":755,"column":75}},"type":"binary-expr","locations":[{"start":{"line":755,"column":50},"end":{"line":755,"column":71}},{"start":{"line":755,"column":71},"end":{"line":755,"column":75}}],"line":755},"53":{"loc":{"start":{"line":755,"column":83},"end":{"line":755,"column":null}},"type":"binary-expr","locations":[{"start":{"line":755,"column":83},"end":{"line":755,"column":96}},{"start":{"line":755,"column":96},"end":{"line":755,"column":null}}],"line":755},"54":{"loc":{"start":{"line":770,"column":6},"end":{"line":770,"column":null}},"type":"binary-expr","locations":[{"start":{"line":770,"column":6},"end":{"line":770,"column":29}},{"start":{"line":770,"column":29},"end":{"line":770,"column":null}}],"line":770},"55":{"loc":{"start":{"line":771,"column":6},"end":{"line":771,"column":null}},"type":"binary-expr","locations":[{"start":{"line":771,"column":6},"end":{"line":771,"column":22}},{"start":{"line":771,"column":22},"end":{"line":771,"column":null}}],"line":771},"56":{"loc":{"start":{"line":772,"column":6},"end":{"line":772,"column":null}},"type":"binary-expr","locations":[{"start":{"line":772,"column":6},"end":{"line":772,"column":31}},{"start":{"line":772,"column":31},"end":{"line":772,"column":null}}],"line":772},"57":{"loc":{"start":{"line":773,"column":6},"end":{"line":773,"column":null}},"type":"binary-expr","locations":[{"start":{"line":773,"column":6},"end":{"line":773,"column":35}},{"start":{"line":773,"column":35},"end":{"line":773,"column":null}}],"line":773},"58":{"loc":{"start":{"line":783,"column":48},"end":{"line":783,"column":73}},"type":"binary-expr","locations":[{"start":{"line":783,"column":48},"end":{"line":783,"column":69}},{"start":{"line":783,"column":69},"end":{"line":783,"column":73}}],"line":783},"59":{"loc":{"start":{"line":783,"column":81},"end":{"line":783,"column":null}},"type":"binary-expr","locations":[{"start":{"line":783,"column":81},"end":{"line":783,"column":94}},{"start":{"line":783,"column":94},"end":{"line":783,"column":null}}],"line":783},"60":{"loc":{"start":{"line":796,"column":2},"end":{"line":803,"column":null}},"type":"if","locations":[{"start":{"line":796,"column":2},"end":{"line":803,"column":null}},{"start":{},"end":{}}],"line":796},"61":{"loc":{"start":{"line":815,"column":2},"end":{"line":822,"column":null}},"type":"if","locations":[{"start":{"line":815,"column":2},"end":{"line":822,"column":null}},{"start":{},"end":{}}],"line":815},"62":{"loc":{"start":{"line":826,"column":52},"end":{"line":826,"column":88}},"type":"default-arg","locations":[{"start":{"line":826,"column":60},"end":{"line":826,"column":88}}],"line":826},"63":{"loc":{"start":{"line":855,"column":28},"end":{"line":855,"column":49}},"type":"binary-expr","locations":[{"start":{"line":855,"column":28},"end":{"line":855,"column":47}},{"start":{"line":855,"column":47},"end":{"line":855,"column":49}}],"line":855},"64":{"loc":{"start":{"line":856,"column":29},"end":{"line":856,"column":51}},"type":"binary-expr","locations":[{"start":{"line":856,"column":29},"end":{"line":856,"column":49}},{"start":{"line":856,"column":49},"end":{"line":856,"column":51}}],"line":856},"65":{"loc":{"start":{"line":891,"column":19},"end":{"line":891,"column":null}},"type":"cond-expr","locations":[{"start":{"line":891,"column":50},"end":{"line":891,"column":65}},{"start":{"line":891,"column":65},"end":{"line":891,"column":null}}],"line":891},"66":{"loc":{"start":{"line":893,"column":4},"end":{"line":902,"column":null}},"type":"if","locations":[{"start":{"line":893,"column":4},"end":{"line":902,"column":null}},{"start":{"line":895,"column":11},"end":{"line":902,"column":null}}],"line":893},"67":{"loc":{"start":{"line":895,"column":11},"end":{"line":902,"column":null}},"type":"if","locations":[{"start":{"line":895,"column":11},"end":{"line":902,"column":null}},{"start":{"line":897,"column":11},"end":{"line":902,"column":null}}],"line":895},"68":{"loc":{"start":{"line":897,"column":11},"end":{"line":902,"column":null}},"type":"if","locations":[{"start":{"line":897,"column":11},"end":{"line":902,"column":null}},{"start":{"line":899,"column":11},"end":{"line":902,"column":null}}],"line":897},"69":{"loc":{"start":{"line":899,"column":11},"end":{"line":902,"column":null}},"type":"if","locations":[{"start":{"line":899,"column":11},"end":{"line":902,"column":null}},{"start":{"line":901,"column":11},"end":{"line":902,"column":null}}],"line":899}},"s":{"0":1,"1":1,"2":1,"3":1,"4":1,"5":1,"6":0,"7":0,"8":0,"9":0,"10":0,"11":0,"12":0,"13":1,"14":0,"15":1,"16":0,"17":1,"18":0,"19":1,"20":0,"21":1,"22":0,"23":1,"24":0,"25":1,"26":0,"27":1,"28":0,"29":1,"30":0,"31":0,"32":0,"33":0,"34":0,"35":0,"36":0,"37":0,"38":0,"39":0,"40":0,"41":0,"42":0,"43":0,"44":0,"45":0,"46":0,"47":0,"48":0,"49":0,"50":0,"51":0,"52":0,"53":1,"54":0,"55":0,"56":0,"57":0,"58":0,"59":0,"60":0,"61":0,"62":0,"63":0,"64":0,"65":0,"66":1,"67":0,"68":0,"69":0,"70":1,"71":0,"72":0,"73":0,"74":1,"75":0,"76":0,"77":0,"78":0,"79":1,"80":0,"81":0,"82":0,"83":0,"84":0,"85":0,"86":0,"87":0,"88":1,"89":0,"90":0,"91":0,"92":0,"93":0,"94":0,"95":0,"96":0,"97":0,"98":0,"99":1,"100":0,"101":0,"102":0,"103":0,"104":0,"105":0,"106":0,"107":0,"108":0,"109":0,"110":0,"111":0,"112":0,"113":0,"114":0,"115":0,"116":0,"117":0,"118":0,"119":0,"120":0,"121":0,"122":0,"123":0,"124":0,"125":0,"126":0,"127":0,"128":0,"129":1,"130":0,"131":0,"132":0,"133":0,"134":1,"135":0,"136":0,"137":0,"138":0,"139":1,"140":0,"141":0,"142":0,"143":0,"144":0,"145":0,"146":0,"147":0,"148":1,"149":0,"150":0,"151":0,"152":0,"153":1,"154":0,"155":0,"156":0,"157":0,"158":0,"159":0,"160":0,"161":0,"162":0,"163":0,"164":1,"165":0,"166":0,"167":0,"168":0,"169":0,"170":0,"171":0,"172":0,"173":0,"174":0,"175":0,"176":0,"177":0,"178":1,"179":0,"180":0,"181":0,"182":0,"183":0,"184":0,"185":0,"186":0,"187":0,"188":0,"189":0,"190":0,"191":0,"192":0,"193":0,"194":0,"195":0,"196":1,"197":0,"198":0,"199":0,"200":0,"201":0,"202":0,"203":1,"204":0,"205":0,"206":0,"207":0,"208":0,"209":0,"210":1,"211":0,"212":0,"213":0,"214":0,"215":1,"216":0,"217":0,"218":0,"219":0,"220":0,"221":0,"222":1,"223":0,"224":0,"225":0,"226":0,"227":0,"228":0,"229":0,"230":0,"231":0,"232":0,"233":0,"234":0,"235":0,"236":0,"237":0,"238":0,"239":0,"240":0},"f":{"0":0,"1":0,"2":0,"3":0,"4":0,"5":0,"6":0,"7":0,"8":0,"9":0,"10":0,"11":0,"12":0,"13":0,"14":0,"15":0,"16":0,"17":0,"18":0,"19":0,"20":0,"21":0,"22":0,"23":0,"24":0,"25":0,"26":0,"27":0,"28":0,"29":0,"30":0,"31":0,"32":0,"33":0,"34":0,"35":0,"36":0,"37":0},"b":{"0":[0,0],"1":[0,0],"2":[0,0],"3":[0,0],"4":[0,0],"5":[0,0],"6":[0,0],"7":[0,0],"8":[0,0],"9":[0,0],"10":[0,0],"11":[0,0],"12":[0,0],"13":[0,0],"14":[0,0],"15":[0,0],"16":[0,0],"17":[0,0],"18":[0,0],"19":[0,0],"20":[0,0],"21":[0,0],"22":[0,0],"23":[0,0],"24":[0,0],"25":[0,0],"26":[0,0],"27":[0,0],"28":[0,0],"29":[0,0],"30":[0,0],"31":[0,0],"32":[0,0],"33":[0,0],"34":[0,0],"35":[0,0],"36":[0,0],"37":[0,0],"38":[0,0],"39":[0,0],"40":[0,0],"41":[0,0],"42":[0,0],"43":[0,0],"44":[0,0],"45":[0,0],"46":[0,0],"47":[0,0],"48":[0,0],"49":[0,0],"50":[0,0],"51":[0,0],"52":[0,0],"53":[0,0],"54":[0,0],"55":[0,0],"56":[0,0],"57":[0,0],"58":[0,0],"59":[0,0],"60":[0,0],"61":[0,0],"62":[0],"63":[0,0],"64":[0,0],"65":[0,0],"66":[0,0],"67":[0,0],"68":[0,0],"69":[0,0]},"meta":{"lastBranch":70,"lastFunction":38,"lastStatement":241,"seen":{"s:21:23:29:Infinity":0,"s:31:19:41:Infinity":1,"s:43:18:121:Infinity":2,"s:123:24:123:Infinity":3,"s:124:40:124:Infinity":4,"s:126:6:147:Infinity":5,"f:126:6:126:28":0,"b:127:2:128:Infinity:undefined:undefined:undefined:undefined":0,"s:127:2:128:Infinity":6,"s:128:4:128:Infinity":7,"s:132:27:132:Infinity":8,"b:133:2:134:Infinity:undefined:undefined:undefined:undefined":1,"s:133:2:134:Infinity":9,"s:134:4:134:Infinity":10,"s:137:2:145:Infinity":11,"b:141:10:141:Infinity:141:10:144:Infinity":2,"b:143:12:143:41:144:12:144:Infinity":3,"s:147:2:147:Infinity":12,"s:150:6:151:Infinity":13,"f:150:6:150:22":1,"s:151:2:151:Infinity":14,"b:151:33:151:52:151:55:151:68":4,"s:154:6:164:Infinity":15,"f:154:6:154:21":2,"s:161:17:164:Infinity":16,"s:166:6:174:Infinity":17,"f:166:6:166:21":3,"s:171:17:174:Infinity":18,"s:176:6:185:Infinity":19,"f:176:6:176:18":4,"s:182:14:185:Infinity":20,"s:187:6:201:Infinity":21,"f:187:6:187:17":5,"s:198:13:201:Infinity":22,"s:203:6:220:Infinity":23,"f:203:6:203:24":6,"s:217:20:220:Infinity":24,"s:222:6:233:Infinity":25,"f:222:6:222:21":7,"s:230:17:233:Infinity":26,"s:235:22:245:Infinity":27,"f:235:22:235:29":8,"s:242:2:245:Infinity":28,"b:244:57:244:77:244:77:244:83":5,"s:248:20:295:Infinity":29,"f:248:20:248:47":9,"s:249:19:249:28":30,"s:250:22:251:Infinity":31,"b:254:2:255:Infinity:undefined:undefined:undefined:undefined":6,"s:254:2:255:Infinity":32,"b:254:13:254:43:254:43:254:45":7,"s:255:4:255:Infinity":33,"s:258:2:262:Infinity":34,"s:259:4:262:Infinity":35,"s:265:23:266:Infinity":36,"s:268:22:268:81":37,"f:268:48:268:53":10,"s:268:61:268:79":38,"s:270:2:278:Infinity":39,"s:271:23:271:54":40,"b:272:4:273:Infinity:undefined:undefined:undefined:undefined":8,"s:272:4:273:Infinity":41,"s:273:6:273:Infinity":42,"s:275:4:278:Infinity":43,"s:281:20:282:Infinity":44,"s:284:19:284:75":45,"f:284:42:284:47":11,"s:284:55:284:73":46,"s:286:2:295:Infinity":47,"s:287:23:287:53":48,"s:288:20:288:44":49,"b:289:4:290:Infinity:undefined:undefined:undefined:undefined":9,"s:289:4:290:Infinity":50,"b:289:8:289:23:289:23:289:33":10,"s:290:6:290:Infinity":51,"s:292:4:295:Infinity":52,"s:299:22:429:Infinity":53,"f:299:22:299:49":12,"b:300:2:301:Infinity:undefined:undefined:undefined:undefined":11,"s:300:2:301:Infinity":54,"s:301:4:301:Infinity":55,"s:304:2:427:Infinity":56,"f:304:17:304:29":13,"s:305:21:305:30":57,"s:307:4:382:Infinity":58,"s:385:22:385:72":59,"b:386:4:389:Infinity:undefined:undefined:undefined:undefined":12,"s:386:4:389:Infinity":60,"s:387:6:389:Infinity":61,"s:393:4:414:Infinity":62,"s:417:4:424:Infinity":63,"s:426:4:426:Infinity":64,"s:429:2:429:Infinity":65,"s:433:23:444:Infinity":66,"f:433:23:433:30":14,"s:439:2:439:Infinity":67,"s:440:17:442:Infinity":68,"s:444:2:444:Infinity":69,"s:447:31:450:Infinity":70,"f:447:31:447:38":15,"s:448:2:448:Infinity":71,"s:449:17:449:87":72,"s:450:2:450:Infinity":73,"s:453:29:459:Infinity":74,"f:453:29:453:36":16,"s:454:2:454:Infinity":75,"s:455:17:457:Infinity":76,"s:459:2:459:Infinity":77,"f:459:21:459:26":17,"s:459:34:459:94":78,"s:462:27:482:Infinity":79,"f:462:27:462:34":18,"s:463:2:463:Infinity":80,"s:464:15:464:34":81,"b:465:2:466:Infinity:undefined:undefined:undefined:undefined":13,"s:465:2:466:Infinity":82,"s:466:4:466:Infinity":83,"s:469:17:471:Infinity":84,"b:471:28:471:49:471:53:471:59":14,"b:471:59:471:82:471:86:471:91":15,"s:474:19:474:90":85,"s:475:2:481:Infinity":86,"b:480:67:480:92:480:92:480:Infinity":16,"s:482:2:482:Infinity":87,"s:485:30:511:Infinity":88,"f:485:30:485:Infinity":19,"s:488:2:488:Infinity":89,"s:489:15:489:34":90,"b:490:2:491:Infinity:undefined:undefined:undefined:undefined":17,"s:490:2:491:Infinity":91,"s:491:4:491:Infinity":92,"s:494:17:496:Infinity":93,"b:496:11:496:32:496:36:496:42":18,"b:496:42:496:65:496:69:496:75":19,"b:499:2:500:Infinity:undefined:undefined:undefined:undefined":20,"s:499:2:500:Infinity":94,"s:500:4:500:Infinity":95,"s:503:19:503:90":96,"s:504:2:510:Infinity":97,"b:509:67:509:92:509:92:509:Infinity":21,"s:511:2:511:Infinity":98,"s:514:30:609:Infinity":99,"f:514:30:514:Infinity":20,"s:517:2:517:Infinity":100,"s:518:19:518:42":101,"b:519:2:520:Infinity:undefined:undefined:undefined:undefined":22,"s:519:2:520:Infinity":102,"s:520:4:520:Infinity":103,"b:522:2:523:Infinity:undefined:undefined:undefined:undefined":23,"s:522:2:523:Infinity":104,"b:522:6:522:40:522:44:522:67":24,"s:523:4:523:Infinity":105,"s:526:16:526:Infinity":106,"b:526:71:526:91:526:94:526:Infinity":25,"b:526:16:526:46:526:46:526:71":26,"s:527:17:527:Infinity":107,"s:529:17:529:42":108,"s:531:2:609:Infinity":109,"s:532:4:532:Infinity":110,"b:534:4:556:Infinity:undefined:undefined:undefined:undefined":27,"s:534:4:556:Infinity":111,"b:534:8:534:41:534:41:534:57":28,"s:535:25:537:Infinity":112,"s:540:19:540:Infinity":113,"b:541:6:542:Infinity:undefined:undefined:undefined:undefined":29,"s:541:6:542:Infinity":114,"s:542:8:542:Infinity":115,"b:544:6:545:Infinity:undefined:undefined:undefined:undefined":30,"s:544:6:545:Infinity":116,"s:545:8:545:Infinity":117,"b:547:6:550:Infinity:undefined:undefined:undefined:undefined":31,"s:547:6:550:Infinity":118,"s:548:8:550:Infinity":119,"s:553:6:556:Infinity":120,"s:559:19:589:Infinity":121,"b:580:8:580:26:580:26:580:Infinity":32,"b:585:8:585:24:585:24:585:Infinity":33,"b:587:43:587:47:587:47:587:Infinity":34,"b:588:8:588:28:588:32:588:Infinity":35,"s:592:4:592:Infinity":122,"s:594:18:595:Infinity":123,"s:597:2:603:Infinity":124,"b:602:180:602:192:602:192:602:Infinity":36,"s:604:4:604:Infinity":125,"s:606:4:606:Infinity":126,"s:607:4:607:Infinity":127,"s:609:4:609:Infinity":128,"s:613:32:621:Infinity":129,"f:613:32:613:39":21,"s:614:2:614:Infinity":130,"s:615:17:617:Infinity":131,"s:619:2:621:Infinity":132,"f:619:21:619:26":22,"s:620:4:620:70":133,"s:624:30:630:Infinity":134,"f:624:30:624:37":23,"s:625:2:625:Infinity":135,"s:626:17:628:Infinity":136,"s:630:2:630:Infinity":137,"f:630:21:630:26":24,"s:630:34:630:94":138,"s:633:27:652:Infinity":139,"f:633:27:633:34":25,"s:634:2:634:Infinity":140,"s:635:15:635:34":141,"b:636:2:637:Infinity:undefined:undefined:undefined:undefined":37,"s:636:2:637:Infinity":142,"s:637:4:637:Infinity":143,"s:640:17:642:Infinity":144,"s:644:19:644:90":145,"s:645:2:651:Infinity":146,"s:652:2:652:Infinity":147,"s:655:26:667:Infinity":148,"f:655:26:655:33":26,"s:656:2:656:Infinity":149,"s:657:17:664:Infinity":150,"b:658:6:660:Infinity:662:6:664:Infinity":38,"s:667:2:667:Infinity":151,"f:667:21:667:26":27,"s:667:34:667:88":152,"s:670:24:692:Infinity":153,"f:670:24:670:31":28,"s:671:2:671:Infinity":154,"s:672:15:672:34":155,"b:673:2:674:Infinity:undefined:undefined:undefined:undefined":39,"s:673:2:674:Infinity":156,"s:674:4:674:Infinity":157,"b:676:2:677:Infinity:undefined:undefined:undefined:undefined":40,"s:676:2:677:Infinity":158,"s:677:4:677:Infinity":159,"s:680:17:682:Infinity":160,"s:684:16:684:81":161,"s:685:2:691:Infinity":162,"s:692:2:692:Infinity":163,"s:695:27:712:Infinity":164,"f:695:27:695:34":29,"s:696:2:696:Infinity":165,"s:698:4:698:Infinity":166,"s:699:32:699:49":167,"b:701:2:706:Infinity:704:9:706:Infinity":41,"s:701:2:706:Infinity":168,"s:702:4:702:Infinity":169,"s:703:4:703:Infinity":170,"b:704:9:706:Infinity:undefined:undefined:undefined:undefined":42,"s:704:9:706:Infinity":171,"s:705:4:705:Infinity":172,"s:706:4:706:Infinity":173,"s:709:2:709:Infinity":174,"s:711:17:711:53":175,"s:712:2:712:Infinity":176,"f:712:21:712:26":30,"s:712:34:712:86":177,"s:715:23:785:Infinity":178,"f:715:23:715:30":31,"s:716:2:716:Infinity":179,"s:717:15:717:34":180,"b:718:2:719:Infinity:undefined:undefined:undefined:undefined":43,"s:718:2:719:Infinity":181,"s:719:4:719:Infinity":182,"b:721:2:722:Infinity:undefined:undefined:undefined:undefined":44,"s:721:2:722:Infinity":183,"b:721:6:721:29:721:29:721:47":45,"s:722:4:722:Infinity":184,"b:725:2:757:Infinity:undefined:undefined:undefined:undefined":46,"s:725:2:757:Infinity":185,"s:726:19:742:Infinity":186,"b:737:8:737:31:737:31:737:Infinity":47,"b:738:8:738:24:738:24:738:Infinity":48,"b:739:8:739:33:739:33:739:Infinity":49,"b:740:8:740:37:740:37:740:Infinity":50,"b:745:4:746:Infinity:undefined:undefined:undefined:undefined":51,"s:745:4:746:Infinity":187,"s:746:6:746:Infinity":188,"s:749:17:749:80":189,"s:750:4:756:Infinity":190,"b:755:50:755:71:755:71:755:75":52,"b:755:83:755:96:755:96:755:Infinity":53,"s:757:4:757:Infinity":191,"s:760:17:774:Infinity":192,"b:770:6:770:29:770:29:770:Infinity":54,"b:771:6:771:22:771:22:771:Infinity":55,"b:772:6:772:31:772:31:772:Infinity":56,"b:773:6:773:35:773:35:773:Infinity":57,"s:777:15:777:78":193,"s:778:2:784:Infinity":194,"b:783:48:783:69:783:69:783:73":58,"b:783:81:783:94:783:94:783:Infinity":59,"s:785:2:785:Infinity":195,"s:788:26:803:Infinity":196,"f:788:26:788:33":32,"s:789:2:789:Infinity":197,"s:790:19:792:Infinity":198,"s:794:2:794:Infinity":199,"s:795:15:795:Infinity":200,"b:796:2:803:Infinity:undefined:undefined:undefined:undefined":60,"s:796:2:803:Infinity":201,"s:797:4:803:Infinity":202,"s:807:33:822:Infinity":203,"f:807:33:807:40":33,"s:808:2:808:Infinity":204,"s:809:19:811:Infinity":205,"s:813:2:813:Infinity":206,"s:814:16:814:Infinity":207,"b:815:2:822:Infinity:undefined:undefined:undefined:undefined":61,"s:815:2:822:Infinity":208,"s:816:4:822:Infinity":209,"s:826:29:832:Infinity":210,"f:826:29:826:36":34,"b:826:60:826:88":62,"s:827:2:827:Infinity":211,"s:828:17:830:Infinity":212,"s:832:2:832:Infinity":213,"f:832:21:832:26":35,"s:832:34:832:94":214,"s:835:34:861:Infinity":215,"f:835:34:835:Infinity":36,"s:839:2:839:Infinity":216,"s:840:17:851:Infinity":217,"s:854:14:854:Infinity":218,"s:855:21:855:49":219,"b:855:28:855:47:855:47:855:49":63,"s:856:22:856:51":220,"b:856:29:856:49:856:49:856:51":64,"s:857:2:861:Infinity":221,"s:864:30:906:Infinity":222,"f:864:30:864:37":37,"s:865:2:865:Infinity":223,"s:866:17:876:Infinity":224,"s:879:14:879:24":225,"s:880:31:886:Infinity":226,"s:888:2:902:Infinity":227,"s:889:20:889:62":228,"s:890:17:890:68":229,"s:891:19:891:Infinity":230,"b:891:50:891:65:891:65:891:Infinity":65,"b:893:4:902:Infinity:895:11:902:Infinity":66,"s:893:4:902:Infinity":231,"s:894:6:894:Infinity":232,"b:895:11:902:Infinity:897:11:902:Infinity":67,"s:895:11:902:Infinity":233,"s:896:6:896:Infinity":234,"b:897:11:902:Infinity:899:11:902:Infinity":68,"s:897:11:902:Infinity":235,"s:898:6:898:Infinity":236,"b:899:11:902:Infinity:901:11:902:Infinity":69,"s:899:11:902:Infinity":237,"s:900:6:900:Infinity":238,"s:902:6:902:Infinity":239,"s:906:2:906:Infinity":240}}}
,"D:\\khata-app\\src\\server.ts": {"path":"D:\\khata-app\\src\\server.ts","statementMap":{"0":{"start":{"line":29,"column":6},"end":{"line":35,"column":null}},"1":{"start":{"line":30,"column":15},"end":{"line":30,"column":73}},"2":{"start":{"line":31,"column":2},"end":{"line":33,"column":null}},"3":{"start":{"line":33,"column":4},"end":{"line":33,"column":null}},"4":{"start":{"line":35,"column":2},"end":{"line":35,"column":null}},"5":{"start":{"line":38,"column":6},"end":{"line":38,"column":21}},"6":{"start":{"line":39,"column":13},"end":{"line":39,"column":null}},"7":{"start":{"line":40,"column":23},"end":{"line":49,"column":17}},"8":{"start":{"line":51,"column":0},"end":{"line":51,"column":null}},"9":{"start":{"line":52,"column":0},"end":{"line":52,"column":null}},"10":{"start":{"line":53,"column":0},"end":{"line":64,"column":null}},"11":{"start":{"line":56,"column":6},"end":{"line":58,"column":null}},"12":{"start":{"line":57,"column":8},"end":{"line":57,"column":null}},"13":{"start":{"line":58,"column":8},"end":{"line":58,"column":null}},"14":{"start":{"line":60,"column":6},"end":{"line":60,"column":null}},"15":{"start":{"line":68,"column":2},"end":{"line":84,"column":null}},"16":{"start":{"line":69,"column":4},"end":{"line":82,"column":null}},"17":{"start":{"line":70,"column":39},"end":{"line":70,"column":null}},"18":{"start":{"line":71,"column":6},"end":{"line":72,"column":null}},"19":{"start":{"line":72,"column":8},"end":{"line":72,"column":null}},"20":{"start":{"line":74,"column":23},"end":{"line":79,"column":8}},"21":{"start":{"line":80,"column":6},"end":{"line":80,"column":null}},"22":{"start":{"line":82,"column":6},"end":{"line":82,"column":null}},"23":{"start":{"line":87,"column":6},"end":{"line":91,"column":null}},"24":{"start":{"line":89,"column":26},"end":{"line":89,"column":48}},"25":{"start":{"line":90,"column":8},"end":{"line":90,"column":null}},"26":{"start":{"line":92,"column":0},"end":{"line":111,"column":null}},"27":{"start":{"line":93,"column":2},"end":{"line":109,"column":null}},"28":{"start":{"line":94,"column":55},"end":{"line":94,"column":null}},"29":{"start":{"line":95,"column":4},"end":{"line":96,"column":null}},"30":{"start":{"line":96,"column":6},"end":{"line":96,"column":null}},"31":{"start":{"line":99,"column":21},"end":{"line":99,"column":49}},"32":{"start":{"line":100,"column":4},"end":{"line":101,"column":null}},"33":{"start":{"line":101,"column":6},"end":{"line":101,"column":null}},"34":{"start":{"line":104,"column":26},"end":{"line":104,"column":57}},"35":{"start":{"line":105,"column":17},"end":{"line":105,"column":79}},"36":{"start":{"line":107,"column":4},"end":{"line":107,"column":null}},"37":{"start":{"line":109,"column":4},"end":{"line":109,"column":null}},"38":{"start":{"line":114,"column":0},"end":{"line":129,"column":null}},"39":{"start":{"line":116,"column":21},"end":{"line":116,"column":42}},"40":{"start":{"line":117,"column":2},"end":{"line":127,"column":null}},"41":{"start":{"line":118,"column":21},"end":{"line":124,"column":6}},"42":{"start":{"line":125,"column":4},"end":{"line":125,"column":null}},"43":{"start":{"line":127,"column":4},"end":{"line":127,"column":null}},"44":{"start":{"line":131,"column":0},"end":{"line":135,"column":null}},"45":{"start":{"line":133,"column":21},"end":{"line":133,"column":42}},"46":{"start":{"line":134,"column":2},"end":{"line":134,"column":null}},"47":{"start":{"line":137,"column":0},"end":{"line":157,"column":null}},"48":{"start":{"line":139,"column":21},"end":{"line":139,"column":42}},"49":{"start":{"line":140,"column":2},"end":{"line":155,"column":null}},"50":{"start":{"line":141,"column":18},"end":{"line":152,"column":6}},"51":{"start":{"line":153,"column":4},"end":{"line":153,"column":null}},"52":{"start":{"line":155,"column":4},"end":{"line":155,"column":null}},"53":{"start":{"line":159,"column":0},"end":{"line":167,"column":null}},"54":{"start":{"line":161,"column":2},"end":{"line":165,"column":null}},"55":{"start":{"line":162,"column":4},"end":{"line":162,"column":null}},"56":{"start":{"line":163,"column":4},"end":{"line":163,"column":null}},"57":{"start":{"line":165,"column":4},"end":{"line":165,"column":null}},"58":{"start":{"line":169,"column":0},"end":{"line":172,"column":null}},"59":{"start":{"line":171,"column":2},"end":{"line":171,"column":null}},"60":{"start":{"line":174,"column":0},"end":{"line":177,"column":null}},"61":{"start":{"line":176,"column":2},"end":{"line":176,"column":null}},"62":{"start":{"line":179,"column":0},"end":{"line":183,"column":null}},"63":{"start":{"line":181,"column":16},"end":{"line":181,"column":null}},"64":{"start":{"line":182,"column":2},"end":{"line":182,"column":null}},"65":{"start":{"line":186,"column":0},"end":{"line":204,"column":null}},"66":{"start":{"line":188,"column":20},"end":{"line":188,"column":42}},"67":{"start":{"line":189,"column":15},"end":{"line":193,"column":null}},"68":{"start":{"line":191,"column":16},"end":{"line":191,"column":49}},"69":{"start":{"line":192,"column":6},"end":{"line":192,"column":null}},"70":{"start":{"line":196,"column":12},"end":{"line":196,"column":null}},"71":{"start":{"line":197,"column":2},"end":{"line":199,"column":null}},"72":{"start":{"line":198,"column":4},"end":{"line":198,"column":null}},"73":{"start":{"line":201,"column":2},"end":{"line":201,"column":null}},"74":{"start":{"line":202,"column":2},"end":{"line":202,"column":null}},"75":{"start":{"line":203,"column":2},"end":{"line":203,"column":null}},"76":{"start":{"line":206,"column":0},"end":{"line":219,"column":null}},"77":{"start":{"line":208,"column":21},"end":{"line":208,"column":50}},"78":{"start":{"line":209,"column":18},"end":{"line":209,"column":55}},"79":{"start":{"line":211,"column":12},"end":{"line":211,"column":null}},"80":{"start":{"line":212,"column":2},"end":{"line":214,"column":null}},"81":{"start":{"line":213,"column":4},"end":{"line":213,"column":null}},"82":{"start":{"line":216,"column":2},"end":{"line":216,"column":null}},"83":{"start":{"line":217,"column":2},"end":{"line":217,"column":null}},"84":{"start":{"line":218,"column":2},"end":{"line":218,"column":null}},"85":{"start":{"line":222,"column":19},"end":{"line":222,"column":63}},"86":{"start":{"line":225,"column":0},"end":{"line":228,"column":null}},"87":{"start":{"line":226,"column":2},"end":{"line":228,"column":null}},"88":{"start":{"line":227,"column":4},"end":{"line":227,"column":null}},"89":{"start":{"line":232,"column":0},"end":{"line":240,"column":null}},"90":{"start":{"line":233,"column":2},"end":{"line":234,"column":null}},"91":{"start":{"line":234,"column":4},"end":{"line":234,"column":null}},"92":{"start":{"line":239,"column":2},"end":{"line":239,"column":null}},"93":{"start":{"line":246,"column":0},"end":{"line":246,"column":null}},"94":{"start":{"line":248,"column":0},"end":{"line":253,"column":null}},"95":{"start":{"line":249,"column":2},"end":{"line":253,"column":null}},"96":{"start":{"line":250,"column":4},"end":{"line":252,"column":null}},"97":{"start":{"line":251,"column":6},"end":{"line":251,"column":null}}},"fnMap":{"0":{"name":"(anonymous_0)","decl":{"start":{"line":29,"column":6},"end":{"line":29,"column":20}},"loc":{"start":{"line":29,"column":62},"end":{"line":35,"column":null}},"line":29},"1":{"name":"(anonymous_1)","decl":{"start":{"line":55,"column":4},"end":{"line":55,"column":13}},"loc":{"start":{"line":55,"column":34},"end":{"line":60,"column":null}},"line":55},"2":{"name":"(anonymous_2)","decl":{"start":{"line":68,"column":29},"end":{"line":68,"column":36}},"loc":{"start":{"line":68,"column":68},"end":{"line":84,"column":null}},"line":68},"3":{"name":"(anonymous_3)","decl":{"start":{"line":87,"column":32},"end":{"line":87,"column":39}},"loc":{"start":{"line":87,"column":71},"end":{"line":91,"column":null}},"line":87},"4":{"name":"(anonymous_4)","decl":{"start":{"line":92,"column":29},"end":{"line":92,"column":36}},"loc":{"start":{"line":92,"column":49},"end":{"line":111,"column":null}},"line":92},"5":{"name":"(anonymous_5)","decl":{"start":{"line":114,"column":30},"end":{"line":114,"column":37}},"loc":{"start":{"line":114,"column":50},"end":{"line":129,"column":null}},"line":114},"6":{"name":"(anonymous_6)","decl":{"start":{"line":131,"column":38},"end":{"line":131,"column":45}},"loc":{"start":{"line":131,"column":58},"end":{"line":135,"column":null}},"line":131},"7":{"name":"(anonymous_7)","decl":{"start":{"line":137,"column":39},"end":{"line":137,"column":46}},"loc":{"start":{"line":137,"column":59},"end":{"line":157,"column":null}},"line":137},"8":{"name":"(anonymous_8)","decl":{"start":{"line":159,"column":58},"end":{"line":159,"column":65}},"loc":{"start":{"line":159,"column":78},"end":{"line":167,"column":null}},"line":159},"9":{"name":"(anonymous_9)","decl":{"start":{"line":169,"column":38},"end":{"line":169,"column":45}},"loc":{"start":{"line":169,"column":58},"end":{"line":172,"column":null}},"line":169},"10":{"name":"(anonymous_10)","decl":{"start":{"line":174,"column":36},"end":{"line":174,"column":43}},"loc":{"start":{"line":174,"column":56},"end":{"line":177,"column":null}},"line":174},"11":{"name":"(anonymous_11)","decl":{"start":{"line":179,"column":27},"end":{"line":179,"column":34}},"loc":{"start":{"line":179,"column":47},"end":{"line":183,"column":null}},"line":179},"12":{"name":"(anonymous_12)","decl":{"start":{"line":186,"column":37},"end":{"line":186,"column":44}},"loc":{"start":{"line":186,"column":57},"end":{"line":204,"column":null}},"line":186},"13":{"name":"(anonymous_13)","decl":{"start":{"line":190,"column":18},"end":{"line":190,"column":25}},"loc":{"start":{"line":190,"column":36},"end":{"line":193,"column":null}},"line":190},"14":{"name":"(anonymous_14)","decl":{"start":{"line":197,"column":7},"end":{"line":197,"column":16}},"loc":{"start":{"line":197,"column":29},"end":{"line":199,"column":null}},"line":197},"15":{"name":"(anonymous_15)","decl":{"start":{"line":206,"column":46},"end":{"line":206,"column":53}},"loc":{"start":{"line":206,"column":66},"end":{"line":219,"column":null}},"line":206},"16":{"name":"(anonymous_16)","decl":{"start":{"line":212,"column":10},"end":{"line":212,"column":19}},"loc":{"start":{"line":212,"column":32},"end":{"line":214,"column":null}},"line":212},"17":{"name":"(anonymous_17)","decl":{"start":{"line":226,"column":10},"end":{"line":226,"column":16}},"loc":{"start":{"line":226,"column":49},"end":{"line":228,"column":null}},"line":226},"18":{"name":"(anonymous_18)","decl":{"start":{"line":232,"column":8},"end":{"line":232,"column":14}},"loc":{"start":{"line":232,"column":66},"end":{"line":240,"column":null}},"line":232},"19":{"name":"(anonymous_19)","decl":{"start":{"line":249,"column":11},"end":{"line":249,"column":22}},"loc":{"start":{"line":249,"column":22},"end":{"line":253,"column":null}},"line":249},"20":{"name":"(anonymous_20)","decl":{"start":{"line":250,"column":15},"end":{"line":250,"column":27}},"loc":{"start":{"line":250,"column":27},"end":{"line":252,"column":null}},"line":250}},"branchMap":{"0":{"loc":{"start":{"line":30,"column":15},"end":{"line":30,"column":73}},"type":"cond-expr","locations":[{"start":{"line":30,"column":55},"end":{"line":30,"column":60}},{"start":{"line":30,"column":60},"end":{"line":30,"column":73}}],"line":30},"1":{"loc":{"start":{"line":30,"column":15},"end":{"line":30,"column":55}},"type":"binary-expr","locations":[{"start":{"line":30,"column":15},"end":{"line":30,"column":33}},{"start":{"line":30,"column":33},"end":{"line":30,"column":55}}],"line":30},"2":{"loc":{"start":{"line":31,"column":2},"end":{"line":33,"column":null}},"type":"if","locations":[{"start":{"line":31,"column":2},"end":{"line":33,"column":null}},{"start":{},"end":{}}],"line":31},"3":{"loc":{"start":{"line":31,"column":6},"end":{"line":31,"column":70}},"type":"binary-expr","locations":[{"start":{"line":31,"column":6},"end":{"line":31,"column":25}},{"start":{"line":31,"column":29},"end":{"line":31,"column":47}},{"start":{"line":31,"column":51},"end":{"line":31,"column":70}}],"line":31},"4":{"loc":{"start":{"line":39,"column":13},"end":{"line":39,"column":null}},"type":"binary-expr","locations":[{"start":{"line":39,"column":13},"end":{"line":39,"column":37}},{"start":{"line":39,"column":41},"end":{"line":39,"column":null}}],"line":39},"5":{"loc":{"start":{"line":56,"column":6},"end":{"line":58,"column":null}},"type":"if","locations":[{"start":{"line":56,"column":6},"end":{"line":58,"column":null}},{"start":{},"end":{}}],"line":56},"6":{"loc":{"start":{"line":56,"column":10},"end":{"line":56,"column":52}},"type":"binary-expr","locations":[{"start":{"line":56,"column":10},"end":{"line":56,"column":21}},{"start":{"line":56,"column":21},"end":{"line":56,"column":52}}],"line":56},"7":{"loc":{"start":{"line":71,"column":6},"end":{"line":72,"column":null}},"type":"if","locations":[{"start":{"line":71,"column":6},"end":{"line":72,"column":null}},{"start":{},"end":{}}],"line":71},"8":{"loc":{"start":{"line":77,"column":15},"end":{"line":77,"column":null}},"type":"cond-expr","locations":[{"start":{"line":77,"column":23},"end":{"line":77,"column":36}},{"start":{"line":77,"column":39},"end":{"line":77,"column":null}}],"line":77},"9":{"loc":{"start":{"line":78,"column":17},"end":{"line":78,"column":null}},"type":"cond-expr","locations":[{"start":{"line":78,"column":27},"end":{"line":78,"column":42}},{"start":{"line":78,"column":45},"end":{"line":78,"column":null}}],"line":78},"10":{"loc":{"start":{"line":95,"column":4},"end":{"line":96,"column":null}},"type":"if","locations":[{"start":{"line":95,"column":4},"end":{"line":96,"column":null}},{"start":{},"end":{}}],"line":95},"11":{"loc":{"start":{"line":95,"column":8},"end":{"line":95,"column":58}},"type":"binary-expr","locations":[{"start":{"line":95,"column":8},"end":{"line":95,"column":18}},{"start":{"line":95,"column":18},"end":{"line":95,"column":31}},{"start":{"line":95,"column":31},"end":{"line":95,"column":45}},{"start":{"line":95,"column":45},"end":{"line":95,"column":58}}],"line":95},"12":{"loc":{"start":{"line":100,"column":4},"end":{"line":101,"column":null}},"type":"if","locations":[{"start":{"line":100,"column":4},"end":{"line":101,"column":null}},{"start":{},"end":{}}],"line":100},"13":{"loc":{"start":{"line":121,"column":19},"end":{"line":121,"column":40}},"type":"binary-expr","locations":[{"start":{"line":121,"column":19},"end":{"line":121,"column":37}},{"start":{"line":121,"column":37},"end":{"line":121,"column":40}}],"line":121},"14":{"loc":{"start":{"line":122,"column":13},"end":{"line":122,"column":null}},"type":"cond-expr","locations":[{"start":{"line":122,"column":31},"end":{"line":122,"column":53}},{"start":{"line":122,"column":56},"end":{"line":122,"column":null}}],"line":122},"15":{"loc":{"start":{"line":123,"column":15},"end":{"line":123,"column":null}},"type":"cond-expr","locations":[{"start":{"line":123,"column":35},"end":{"line":123,"column":59}},{"start":{"line":123,"column":62},"end":{"line":123,"column":null}}],"line":123},"16":{"loc":{"start":{"line":144,"column":14},"end":{"line":144,"column":null}},"type":"cond-expr","locations":[{"start":{"line":144,"column":33},"end":{"line":144,"column":56}},{"start":{"line":144,"column":59},"end":{"line":144,"column":null}}],"line":144},"17":{"loc":{"start":{"line":145,"column":23},"end":{"line":145,"column":48}},"type":"binary-expr","locations":[{"start":{"line":145,"column":23},"end":{"line":145,"column":45}},{"start":{"line":145,"column":45},"end":{"line":145,"column":48}}],"line":145},"18":{"loc":{"start":{"line":146,"column":23},"end":{"line":146,"column":47}},"type":"binary-expr","locations":[{"start":{"line":146,"column":23},"end":{"line":146,"column":45}},{"start":{"line":146,"column":45},"end":{"line":146,"column":47}}],"line":146},"19":{"loc":{"start":{"line":147,"column":12},"end":{"line":147,"column":null}},"type":"cond-expr","locations":[{"start":{"line":147,"column":43},"end":{"line":147,"column":64}},{"start":{"line":147,"column":67},"end":{"line":147,"column":null}}],"line":147},"20":{"loc":{"start":{"line":148,"column":12},"end":{"line":148,"column":null}},"type":"cond-expr","locations":[{"start":{"line":148,"column":29},"end":{"line":148,"column":50}},{"start":{"line":148,"column":53},"end":{"line":148,"column":null}}],"line":148},"21":{"loc":{"start":{"line":149,"column":17},"end":{"line":149,"column":null}},"type":"cond-expr","locations":[{"start":{"line":149,"column":52},"end":{"line":149,"column":63}},{"start":{"line":149,"column":63},"end":{"line":149,"column":null}}],"line":149},"22":{"loc":{"start":{"line":151,"column":12},"end":{"line":151,"column":null}},"type":"cond-expr","locations":[{"start":{"line":151,"column":29},"end":{"line":151,"column":
[...]
":449,"column":91},"end":{"line":467,"column":null}},"line":449},"23":{"name":"(anonymous_23)","decl":{"start":{"line":470,"column":13},"end":{"line":470,"column":31}},"loc":{"start":{"line":470,"column":83},"end":{"line":508,"column":null}},"line":470},"24":{"name":"(anonymous_24)","decl":{"start":{"line":486,"column":7},"end":{"line":486,"column":16}},"loc":{"start":{"line":486,"column":24},"end":{"line":489,"column":null}},"line":486},"25":{"name":"(anonymous_25)","decl":{"start":{"line":495,"column":5},"end":{"line":495,"column":13}},"loc":{"start":{"line":495,"column":19},"end":{"line":495,"column":44}},"line":495},"26":{"name":"(anonymous_26)","decl":{"start":{"line":496,"column":5},"end":{"line":496,"column":11}},"loc":{"start":{"line":496,"column":20},"end":{"line":496,"column":44}},"line":496},"27":{"name":"(anonymous_27)","decl":{"start":{"line":497,"column":5},"end":{"line":497,"column":14}},"loc":{"start":{"line":497,"column":22},"end":{"line":506,"column":null}},"line":497}},"branchMap":{"0":{"loc":{"start":{"line":28,"column":2},"end":{"line":29,"column":null}},"type":"if","locations":[{"start":{"line":28,"column":2},"end":{"line":29,"column":null}},{"start":{},"end":{}}],"line":28},"1":{"loc":{"start":{"line":32,"column":18},"end":{"line":32,"column":74}},"type":"binary-expr","locations":[{"start":{"line":32,"column":18},"end":{"line":32,"column":42}},{"start":{"line":32,"column":42},"end":{"line":32,"column":74}}],"line":32},"2":{"loc":{"start":{"line":126,"column":4},"end":{"line":127,"column":null}},"type":"if","locations":[{"start":{"line":126,"column":4},"end":{"line":127,"column":null}},{"start":{},"end":{}}],"line":126},"3":{"loc":{"start":{"line":147,"column":2},"end":{"line":149,"column":null}},"type":"if","locations":[{"start":{"line":147,"column":2},"end":{"line":149,"column":null}},{"start":{},"end":{}}],"line":147},"4":{"loc":{"start":{"line":202,"column":2},"end":{"line":203,"column":null}},"type":"if","locations":[{"start":{"line":202,"column":2},"end":{"line":203,"column":null}},{"start":{},"end":{}}],"line":202},"5":{"loc":{"start":{"line":208,"column":32},"end":{"line":208,"column":63}},"type":"binary-expr","locations":[{"start":{"line":208,"column":32},"end":{"line":208,"column":53}},{"start":{"line":208,"column":57},"end":{"line":208,"column":63}}],"line":208},"6":{"loc":{"start":{"line":208,"column":63},"end":{"line":208,"column":95}},"type":"binary-expr","locations":[{"start":{"line":208,"column":63},"end":{"line":208,"column":86}},{"start":{"line":208,"column":90},"end":{"line":208,"column":95}}],"line":208},"7":{"loc":{"start":{"line":219,"column":50},"end":{"line":219,"column":null}},"type":"cond-expr","locations":[{"start":{"line":219,"column":67},"end":{"line":219,"column":92}},{"start":{"line":219,"column":92},"end":{"line":219,"column":null}}],"line":219},"8":{"loc":{"start":{"line":228,"column":2},"end":{"line":229,"column":null}},"type":"if","locations":[{"start":{"line":228,"column":2},"end":{"line":229,"column":null}},{"start":{},"end":{}}],"line":228},"9":{"loc":{"start":{"line":234,"column":15},"end":{"line":234,"column":46}},"type":"binary-expr","locations":[{"start":{"line":234,"column":15},"end":{"line":234,"column":36}},{"start":{"line":234,"column":40},"end":{"line":234,"column":46}}],"line":234},"10":{"loc":{"start":{"line":234,"column":46},"end":{"line":234,"column":79}},"type":"binary-expr","locations":[{"start":{"line":234,"column":46},"end":{"line":234,"column":69}},{"start":{"line":234,"column":73},"end":{"line":234,"column":79}}],"line":234},"11":{"loc":{"start":{"line":236,"column":2},"end":{"line":237,"column":null}},"type":"if","locations":[{"start":{"line":236,"column":2},"end":{"line":237,"column":null}},{"start":{},"end":{}}],"line":236},"12":{"loc":{"start":{"line":249,"column":50},"end":{"line":249,"column":null}},"type":"cond-expr","locations":[{"start":{"line":249,"column":67},"end":{"line":249,"column":92}},{"start":{"line":249,"column":92},"end":{"line":249,"column":null}}],"line":249},"13":{"loc":{"start":{"line":258,"column":2},"end":{"line":259,"column":null}},"type":"if","locations":[{"start":{"line":258,"column":2},"end":{"line":259,"column":null}},{"start":{},"end":{}}],"line":258},"14":{"loc":{"start":{"line":261,"column":2},"end":{"line":262,"column":null}},"type":"if","locations":[{"start":{"line":261,"column":2},"end":{"line":262,"column":null}},{"start":{},"end":{}}],"line":261},"15":{"loc":{"start":{"line":261,"column":6},"end":{"line":261,"column":67}},"type":"binary-expr","locations":[{"start":{"line":261,"column":6},"end":{"line":261,"column":40}},{"start":{"line":261,"column":44},"end":{"line":261,"column":67}}],"line":261},"16":{"loc":{"start":{"line":265,"column":16},"end":{"line":265,"column":null}},"type":"cond-expr","locations":[{"start":{"line":265,"column":71},"end":{"line":265,"column":91}},{"start":{"line":265,"column":94},"end":{"line":265,"column":null}}],"line":265},"17":{"loc":{"start":{"line":265,"column":16},"end":{"line":265,"column":71}},"type":"binary-expr","locations":[{"start":{"line":265,"column":16},"end":{"line":265,"column":46}},{"start":{"line":265,"column":46},"end":{"line":265,"column":71}}],"line":265},"18":{"loc":{"start":{"line":276,"column":8},"end":{"line":276,"column":null}},"type":"binary-expr","locations":[{"start":{"line":276,"column":8},"end":{"line":276,"column":26}},{"start":{"line":276,"column":26},"end":{"line":276,"column":null}}],"line":276},"19":{"loc":{"start":{"line":281,"column":8},"end":{"line":281,"column":null}},"type":"binary-expr","locations":[{"start":{"line":281,"column":8},"end":{"line":281,"column":24}},{"start":{"line":281,"column":24},"end":{"line":281,"column":null}}],"line":281},"20":{"loc":{"start":{"line":283,"column":8},"end":{"line":283,"column":null}},"type":"cond-expr","locations":[{"start":{"line":283,"column":43},"end":{"line":283,"column":47}},{"start":{"line":283,"column":47},"end":{"line":283,"column":null}}],"line":283},"21":{"loc":{"start":{"line":284,"column":8},"end":{"line":284,"column":null}},"type":"binary-expr","locations":[{"start":{"line":284,"column":8},"end":{"line":284,"column":28}},{"start":{"line":284,"column":32},"end":{"line":284,"column":null}}],"line":284},"22":{"loc":{"start":{"line":297,"column":150},"end":{"line":297,"column":null}},"type":"cond-expr","locations":[{"start":{"line":297,"column":180},"end":{"line":297,"column":192}},{"start":{"line":297,"column":192},"end":{"line":297,"column":null}}],"line":297},"23":{"loc":{"start":{"line":322,"column":2},"end":{"line":323,"column":null}},"type":"if","locations":[{"start":{"line":322,"column":2},"end":{"line":323,"column":null}},{"start":{},"end":{}}],"line":322},"24":{"loc":{"start":{"line":348,"column":2},"end":{"line":350,"column":null}},"type":"if","locations":[{"start":{"line":348,"column":2},"end":{"line":350,"column":null}},{"start":{},"end":{}}],"line":348},"25":{"loc":{"start":{"line":369,"column":2},"end":{"line":371,"column":null}},"type":"if","locations":[{"start":{"line":369,"column":2},"end":{"line":371,"column":null}},{"start":{},"end":{}}],"line":369},"26":{"loc":{"start":{"line":373,"column":2},"end":{"line":375,"column":null}},"type":"if","locations":[{"start":{"line":373,"column":2},"end":{"line":375,"column":null}},{"start":{},"end":{}}],"line":373},"27":{"loc":{"start":{"line":392,"column":6},"end":{"line":392,"column":null}},"type":"binary-expr","locations":[{"start":{"line":392,"column":6},"end":{"line":392,"column":29}},{"start":{"line":392,"column":29},"end":{"line":392,"column":null}}],"line":392},"28":{"loc":{"start":{"line":393,"column":6},"end":{"line":393,"column":null}},"type":"binary-expr","locations":[{"start":{"line":393,"column":6},"end":{"line":393,"column":22}},{"start":{"line":393,"column":22},"end":{"line":393,"column":null}}],"line":393},"29":{"loc":{"start":{"line":394,"column":6},"end":{"line":394,"column":null}},"type":"binary-expr","locations":[{"start":{"line":394,"column":6},"end":{"line":394,"column":31}},{"start":{"line":394,"column":31},"end":{"line":394,"column":null}}],"line":394},"30":{"loc":{"start":{"line":406,"column":2},"end":{"line":407,"column":null}},"type":"if","locations":[{"start":{"line":406,"column":2},"end":{"line":407,"column":null}},{"start":{},"end":{}}],"line":406},"31":{"loc":{"start":{"line":427,"column":2},"end":{"line":428,"column":null}},"type":"if","locations":[{"start":{"line":427,"column":2},"end":{"line":428,"column":null}},{"start":{},"end":{}}],"line":427},"32":{"loc":{"start":{"line":442,"column":46},"end":{"line":442,"column":73}},"type":"default-arg","locations":[{"start":{"line":442,"column":54},"end":{"line":442,"column":73}}],"line":442},"33":{"loc":{"start":{"line":460,"column":16},"end":{"line":460,"column":null}},"type":"binary-expr","locations":[{"start":{"line":460,"column":16},"end":{"line":460,"column":37}},{"start":{"line":460,"column":37},"end":{"line":460,"column":null}}],"line":460},"34":{"loc":{"start":{"line":461,"column":17},"end":{"line":461,"column":null}},"type":"binary-expr","locations":[{"start":{"line":461,"column":17},"end":{"line":461,"column":39}},{"start":{"line":461,"column":39},"end":{"line":461,"column":null}}],"line":461},"35":{"loc":{"start":{"line":487,"column":24},"end":{"line":487,"column":null}},"type":"cond-expr","locations":[{"start":{"line":487,"column":54},"end":{"line":487,"column":68}},{"start":{"line":487,"column":68},"end":{"line":487,"column":null}}],"line":487},"36":{"loc":{"start":{"line":491,"column":2},"end":{"line":491,"column":null}},"type":"if","locations":[{"start":{"line":491,"column":2},"end":{"line":491,"column":null}},{"start":{},"end":{}}],"line":491},"37":{"loc":{"start":{"line":498,"column":6},"end":{"line":498,"column":null}},"type":"if","locations":[{"start":{"line":498,"column":6},"end":{"line":498,"column":null}},{"start":{},"end":{}}],"line":498},"38":{"loc":{"start":{"line":500,"column":6},"end":{"line":504,"column":null}},"type":"if","locations":[{"start":{"line":500,"column":6},"end":{"line":504,"column":null}},{"start":{"line":501,"column":11},"end":{"line":504,"column":null}}],"line":500},"39":{"loc":{"start":{"line":501,"column":11},"end":{"line":504,"column":null}},"type":"if","locations":[{"start":{"line":501,"column":11},"end":{"line":504,"column":null}},{"start":{"line":502,"column":11},"end":{"line":504,"column":null}}],"line":501},"40":{"loc":{"start":{"line":502,"column":11},"end":{"line":504,"column":null}},"type":"if","locations":[{"start":{"line":502,"column":11},"end":{"line":504,"column":null}},{"start":{"line":503,"column":11},"end":{"line":504,"column":null}}],"line":502},"41":{"loc":{"start":{"line":503,"column":11},"end":{"line":504,"column":null}},"type":"if","locations":[{"start":{"line":503,"column":11},"end":{"line":504,"column":null}},{"start":{"line":504,"column":11},"end":{"line":504,"column":null}}],"line":503}},"s":{"0":1,"1":1,"2":4,"3":3,"4":1,"5":4,"6":4,"7":4,"8":4,"9":4,"10":4,"11":12,"12":12,"13":100,"14":0,"15":4,"16":4,"17":4,"18":4,"19":4,"20":4,"21":4,"22":4,"23":4,"24":4,"25":4,"26":4,"27":4,"28":4,"29":0,"30":1,"31":1,"32":1,"33":1,"34":0,"35":0,"36":0,"37":1,"38":0,"39":0,"40":1,"41":1,"42":1,"43":1,"44":1,"45":1,"46":1,"47":1,"48":1,"49":1,"50":0,"51":1,"52":1,"53":1,"54":1,"55":1,"56":0,"57":0,"58":0,"59":0,"60":0,"61":0,"62":0,"63":0,"64":0,"65":0,"66":1,"67":0,"68":0,"69":0,"70":0,"71":0,"72":0,"73":0,"74":0,"75":0,"76":0,"77":0,"78":0,"79":0,"80":1,"81":0,"82":0,"83":1,"84":0,"85":0,"86":1,"87":0,"88":0,"89":0,"90":0,"91":0,"92":0,"93":0,"94":0,"95":1,"96":0,"97":0,"98":0,"99":0,"100":0,"101":0,"102":0,"103":0,"104":1,"105":0,"106":0,"107":0,"108":1,"109":0,"110":0,"111":0,"112":0,"113":0,"114":0,"115":0,"116":0,"117":0,"118":0,"119":0,"120":1,"121":0,"122":0,"123":0,"124":1,"125":0,"126":0,"127":0,"128":0,"129":0,"130":0,"131":1,"132":0,"133":0,"134":0,"135":0,"136":0,"137":0,"138":1,"139":0,"140":0,"141":1,"142":0,"143":0,"144":0,"145":0,"146":0,"147":1,"148":0,"149":0,"150":0,"151":0,"152":0,"153":0,"154":0,"155":0,"156":0,"157":0,"158":0,"159":0,"160":0,"161":0,"162":0,"163":0,"164":0,"165":0,"166":0,"167":0,"168":0,"169":0,"170":0,"171":0,"172":0,"173":0,"174":0},"f":{"0":4,"1":12,"2":100,"3":1,"4":0,"5":0,"6":1,"7":1,"8":1,"9":0,"10":0,"11":0,"12":0,"13":0,"14":0,"15":0,"16":0,"17":0,"18":0,"19":0,"20":0,"21":0,"22":0,"23":0,"24":0,"25":0,"26":0,"27":0},"b":{"0":[3,1],"1":[1,1],"2":[0,12],"3":[0,4],"4":[0,1],"5":[1,0],"6":[1,0],"7":[1,0],"8":[0,0],"9":[0,0],"10":[0,0],"11":[0,0],"12":[0,0],"13":[0,0],"14":[0,0],"15":[0,0],"16":[0,0],"17":[0,0],"18":[0,0],"19":[0,0],"20":[0,0],"21":[0,0],"22":[0,0],"23":[0,0],"24":[0,0],"25":[0,0],"26":[0,0],"27":[0,0],"28":[0,0],"29":[0,0],"30":[0,0],"31":[0,0],"32":[0],"33":[0,0],"34":[0,0],"35":[0,0],"36":[0,0],"37":[0,0],"38":[0,0],"39":[0,0],"40":[0,0],"41":[0,0]},"meta":{"lastBranch":42,"lastFunction":28,"lastStatement":175,"seen":{"s:25:35:25:Infinity":0,"s:27:6:152:Infinity":1,"f:27:6:27:39":0,"b:28:2:29:Infinity:undefined:undefined:undefined:undefined":0,"s:28:2:29:Infinity":2,"s:29:4:29:Infinity":3,"s:32:18:32:74":4,"b:32:18:32:42:32:42:32:74":1,"s:33:2:33:Infinity":5,"s:34:17:34:47":6,"s:35:2:35:Infinity":7,"s:36:2:36:Infinity":8,"s:38:2:120:Infinity":9,"s:122:8:127:Infinity":10,"f:122:8:122:24":1,"s:123:17:125:12":11,"b:126:4:127:Infinity:undefined:undefined:undefined:undefined":2,"s:126:4:127:Infinity":12,"f:126:15:126:21":2,"s:126:29:126:49":13,"s:127:6:127:Infinity":14,"s:131:2:131:Infinity":15,"s:132:2:132:Infinity":16,"s:133:2:133:Infinity":17,"s:134:2:134:Infinity":18,"s:135:2:135:Infinity":19,"s:136:2:136:Infinity":20,"s:138:2:138:Infinity":21,"s:139:2:139:Infinity":22,"s:140:2:140:Infinity":23,"s:141:2:141:Infinity":24,"s:142:2:142:Infinity":25,"s:143:2:143:Infinity":26,"s:146:21:146:Infinity":27,"b:147:2:149:Infinity:undefined:undefined:undefined:undefined":3,"s:147:2:149:Infinity":28,"s:148:4:149:Infinity":29,"s:152:2:152:Infinity":30,"s:155:13:156:Infinity":31,"f:155:13:155:34":3,"s:156:2:156:Infinity":32,"s:160:13:168:Infinity":33,"f:160:13:160:24":4,"s:161:19:161:26":34,"s:162:15:166:85":35,"s:168:2:168:Infinity":36,"s:171:13:173:Infinity":37,"f:171:13:171:32":5,"s:172:19:172:26":38,"s:173:2:173:Infinity":39,"s:176:6:188:Infinity":40,"f:176:6:176:23":6,"s:183:19:183:26":41,"s:184:2:188:Infinity":42,"s:191:13:195:Infinity":43,"f:191:13:191:30":7,"s:192:19:192:26":44,"s:193:2:195:Infinity":45,"s:198:13:222:Infinity":46,"f:198:13:198:28":8,"s:199:19:199:26":47,"s:200:15:200:34":48,"b:202:2:203:Infinity:undefined:undefined:undefined:undefined":4,"s:202:2:203:Infinity":49,"s:203:4:203:Infinity":50,"s:206:15:208:95":51,"b:208:32:208:53:208:57:208:63":5,"b:208:63:208:86:208:90:208:95":6,"s:210:19:212:30":52,"s:214:2:220:Infinity":53,"b:219:67:219:92:219:92:219:Infinity":7,"s:222:2:222:Infinity":54,"s:225:13:252:Infinity":55,"f:225:13:225:31":9,"s:226:19:226:26":56,"s:227:15:227:34":57,"b:228:2:229:Infinity:undefined:undefined:undefined:undefined":8,"s:228:2:229:Infinity":58,"s:229:4:229:Infinity":59,"s:232:15:234:107":60,"b:234:15:234:36:234:40:234:46":9,"b:234:46:234:69:234:73:234:79":10,"b:236:2:237:Infinity:undefined:undefined:undefined:undefined":11,"s:236:2:237:Infinity":61,"s:237:4:237:Infinity":62,"s:240:19:242:20":63,"s:244:2:250:Infinity":64,"b:249:67:249:92:249:92:249:Infinity":12,"s:252:2:252:Infinity":65,"s:255:13:300:Infinity":66,"f:255:13:255:31":10,"s:256:19:256:26":67,"s:257:19:257:42":68,"b:258:2:259:Infinity:undefined:undefined:undefined:undefined":13,"s:258:2:259:Infinity":69,"s:259:4:259:Infinity":70,"b:261:2:262:Infinity:undefined:undefined:undefined:undefined":14,"s:261:2:262:Infinity":71,"b:261:6:261:40:261:44:261:67":15,"s:262:4:262:Infinity":72,"s:265:16:265:Infinity":73,"b:265:71:265:91:265:94:265:Infinity":16,"b:265:16:265:46:265:46:265:71":17,"s:266:17:266:Infinity":74,"s:268:16:290:6":75,"f:268:25:268:43":11,"s:269:17:284:Infinity":76,"b:276:8:276:26:276:26:276:Infinity":18,"b:281:8:281:24:281:24:281:Infinity":19,"b:283:43:283:47:283:47:283:Infinity":20,"b:284:8:284:28:284:32:284:Infinity":21,"s:287:4:289:Infinity":77,"s:292:2:298:Infinity":78,"b:297:180:297:192:297:192:297:Infinity":22,"s:300:2:300:Infinity":79,"s:303:13:309:Infinity":80,"f:303:13:303:33":12,"s:304:19:304:26":81,"s:305:2:309:Infinity":82,"s:312:13:316:Infinity":83,"f:312:13:312:31":13,"s:313:19:313:26":84,"s:314:2:316:Infinity":85,"s:319:13:341:Infinity":86,"f:319:13:319:28":14,"s:320:19:320:26":87,"s:321:15:321:34":88,"b:322:2:323:Infinity:undefined:undefined:undefined:undefined":23,"s:322:2:323:Infinity":89,"s:323:4:323:Infinity":90,"s:325:15:327:31":91,"s:329:19:331:30":92,"s:333:2:339:Infinity":93,"s:341:2:341:Infinity":94,"s:344:13:353:Infinity":95,"f:344:13:344:27":15,"s:345:19:345:26":96,"s:346:12:346:Infinity":97,"s:347:24:347:32":98,"b:348:2:350:Infinity:undefined:undefined:undefined:undefined":24,"s:348:2:350:Infinity":99,"s:349:4:349:Infinity":100,"s:350:4:350:Infinity":101,"s:352:2:352:Infinity":102,"s:353:2:353:Infinity":103,"s:356:13:362:Infinity":104,"f:356:13:356:25":16,"s:357:19:357:26":105,"s:358:15:360:66":106,"s:362:2:362:Infinity":107,"s:365:13:378:Infinity":108,"f:365:13:365:28":17,"s:366:19:366:26":109,"s:367:12:367:Infinity":110,"s:368:24:368:41":111,"b:369:2:371:Infinity:undefined:undefined:undefined:undefined":25,"s:369:2:371:Infinity":112,"s:370:4:370:Infinity":113,"s:371:4:371:Infinity":114,"b:373:2:375:Infinity:undefined:undefined:undefined:undefined":26,"s:373:2:375:Infinity":115,"s:374:4:374:Infinity":116,"s:375:4:375:Infinity":117,"s:377:2:377:Infinity":118,"s:378:2:378:Infinity":119,"s:381:13:397:Infinity":120,"f:381:13:381:24":18,"s:382:19:382:26":121,"s:383:15:394:Infinity":122,"b:392:6:392:29:392:29:392:Infinity":27,"b:393:6:393:22:393:22:393:Infinity":28,"b:394:6:394:31:394:31:394:Infinity":29,"s:397:2:397:Infinity":123,"s:400:13:418:Infinity":124,"f:400:13:400:27":19,"s:401:19:401:26":125,"s:402:15:404:24":126,"b:406:2:407:Infinity:undefined:undefined:undefined:undefined":30,"s:406:2:407:Infinity":127,"s:407:4:407:Infinity":128,"s:410:2:410:Infinity":129,"s:412:2:418:Infinity":130,"s:421:13:439:Infinity":131,"f:421:13:421:34":20,"s:422:19:422:26":132,"s:423:16:425:25":133,"b:427:2:428:Infinity:undefined:undefined:undefined:undefined":31,"s:427:2:428:Infinity":134,"s:428:4:428:Infinity":135,"s:431:2:431:Infinity":136,"s:433:2:439:Infinity":137,"s:442:13:446:Infinity":138,"f:442:13:442:30":21,"b:442:54:442:73":32,"s:443:19:443:26":139,"s:444:2:446:Infinity":140,"s:449:13:467:Infinity":141,"f:449:13:449:35":22,"s:450:19:450:26":142,"s:451:17:458:28":143,"s:460:16:460:Infinity":144,"b:460:16:460:37:460:37:460:Infinity":33,"s:461:17:461:Infinity":145,"b:461:17:461:39:461:39:461:Infinity":34,"s:463:2:467:Infinity":146,"s:470:13:508:Infinity":147,"f:470:13:470:31":23,"s:471:19:471:26":148,"s:472:15:481:28":149,"s:483:16:483:Infinity":150,"s:484:19:484:Infinity":151,"s:486:2:489:Infinity":152,"f:486:7:486:16":24,"s:487:24:487:Infinity":153,"b:487:54:487:68:487:68:487:Infinity":35,"s:488:4:488:Infinity":154,"b:491:2:491:Infinity:undefined:undefined:undefined:undefined":36,"s:491:2:491:Infinity":155,"s:491:23:491:Infinity":156,"s:493:18:493:Infinity":157,"s:494:2:506:Infinity":158,"f:495:5:495:13":25,"s:495:19:495:44":159,"f:496:5:496:11":26,"s:496:20:496:44":160,"f:497:5:497:14":27,"b:498:6:498:Infinity:undefined:undefined:undefined:undefined":37,"s:498:6:498:Infinity":161,"s:498:26:498:Infinity":162,"s:499:19:499:50":163,"b:500:6:504:Infinity:501:11:504:Infinity":38,"s:500:6:504:Infinity":164,"s:500:29:500:Infinity":165,"b:501:11:504:Infinity:502:11:504:Infinity":39,"s:501:11:504:Infinity":166,"s:501:34:501:Infinity":167,"b:502:11:504:Infinity:503:11:504:Infinity":40,"s:502:11:504:Infinity":168,"s:502:34:502:Infinity":169,"b:503:11:504:Infinity:504:11:504:Infinity":41,"s:503:11:504:Infinity":170,"s:503:33:503:Infinity":171,"s:504:11:504:Infinity":172,"s:505:6:505:Infinity":173,"s:508:2:508:Infinity":174}}}
}
